[DxgiCapture] Display adapter: AMD Radeon 780M Graphics
[DxgiCapture] Encode adapter: NVIDIA GeForce RTX 4070 Laptop GPU (NVIDIA)
[GpuContext] Ready: AMD Radeon 780M Graphics
[GpuContext] Ready: NVIDIA GeForce RTX 4070 Laptop GPU
[DxgiCapture] Session ready  output=0  1920x1080  fmt=87
[GpuRM] Init OK  adapter=same  1920x1080  fmt=87
[DxgiCapture] Pipeline ready  1920x1080  cross_adapter=no
[NVENC] SDK not available — set NVENC_SDK_PATH at CMake configure time
[DxgiCapture] acquire: hr=0x00000000 AccumFrames=1 PresentTime=9576732478507
[DxgiCapture] acquire: texture OK 000001FC5635BDA0
[DxgiCapture] transfer() OK encode_tex=000001FC6BC76820
[Preview] Staging texture created 1920x1080
[Preview] First frame: 1920x1080 pitch=7680
[DxgiCapture] acquire: hr=0x00000000 AccumFrames=3 PresentTime=9576732655864
[DxgiCapture] acquire: texture OK 000001FC5635BDA0
[DxgiCapture] transfer() OK encode_tex=000001FC6BC76820
[DxgiCapture] acquire: hr=0x00000000 AccumFrames=5 PresentTime=9576733006948
[DxgiCapture] acquire: texture OK 000001FC5635BDA0
[DxgiCapture] transfer() OK encode_tex=000001FC6BC76820
[DxgiCapture] acquire: hr=0x00000000 AccumFrames=2 PresentTime=9576733146932
[DxgiCapture] acquire: texture OK 000001FC5635BDA0
[DxgiCapture] acquire: hr=0x00000000 AccumFrames=1 PresentTime=9576733419391
[DxgiCapture] acquire: texture OK 000001FC5635BDA0
[DxgiCapture] acquire: WAIT_TIMEOUT #1
[DxgiCapture] acquire: WAIT_TIMEOUT #2
[DxgiCapture] acquire: hr=0x00000000 AccumFrames=1 PresentTime=9576734324887
[DxgiCapture] acquire: texture OK 000001FC5635BDA0
[DxgiCapture] acquire: WAIT_TIMEOUT #3
[DxgiCapture] acquire: hr=0x00000000 AccumFrames=1 PresentTime=9576734809192
[DxgiCapture] acquire: texture OK 000001FC5635BDA0
[DxgiCapture] acquire: hr=0x00000000 AccumFrames=1 PresentTime=9576735116902
[DxgiCapture] acquire: texture OK 000001FC5635BDA0
[DxgiCapture] acquire: hr=0x00000000 AccumFrames=5 PresentTime=9576735466969
[DxgiCapture] acquire: texture OK 000001FC5635BDA0
[DxgiCapture] acquire: hr=0x00000000 AccumFrames=3 PresentTime=9576735675866
[DxgiCapture] acquire: texture OK 000001FC5635BDA0
[DxgiCapture] acquire: hr=0x00000000 AccumFrames=3 PresentTime=9576735886673
[DxgiCapture] acquire: texture OK 000001FC5635BDA0
[DxgiCapture] acquire: hr=0x00000000 AccumFrames=3 PresentTime=9576736096894
[DxgiCapture] acquire: texture OK 000001FC5635BDA0
[DxgiCapture] acquire: hr=0x00000000 AccumFrames=3 PresentTime=9576736306582
[DxgiCapture] acquire: texture OK 000001FC5635BDA0
[DxgiCapture] acquire: hr=0x00000000 AccumFrames=3 PresentTime=9576736507251
[DxgiCapture] acquire: texture OK 000001FC5635BDA0
[DxgiCapture] acquire: hr=0x00000000 AccumFrames=3 PresentTime=9576736715688
[DxgiCapture] acquire: texture OK 000001FC5635BDA0
[DxgiCapture] acquire: hr=0x00000000 AccumFrames=3 PresentTime=9576736928288
[DxgiCapture] acquire: texture OK 000001FC5635BDA0
[DxgiCapture] acquire: hr=0x00000000 AccumFrames=3 PresentTime=9576737130803
[DxgiCapture] acquire: texture OK 000001FC5635BDA0
[DxgiCapture] acquire: hr=0x00000000 AccumFrames=3 PresentTime=9576737351007
[DxgiCapture] acquire: texture OK 000001FC5635BDA0
[DxgiCapture] acquire: hr=0x00000000 AccumFrames=3 PresentTime=9576737548304
[DxgiCapture] acquire: texture OK 000001FC5635BDA0
[DxgiCapture] acquire: hr=0x00000000 AccumFrames=3 PresentTime=9576737753704
[DxgiCapture] acquire: texture OK 000001FC5635BDA0
[DxgiCapture] acquire: hr=0x00000000 AccumFrames=3 PresentTime=9576737955349
[DxgiCapture] acquire: texture OK 000001FC5635BDA0
[DxgiCapture] acquire: hr=0x00000000 AccumFrames=3 PresentTime=9576738159623
[DxgiCapture] acquire: texture OK 000001FC5635BDA0
[DxgiCapture] acquire: hr=0x00000000 AccumFrames=2 PresentTime=9576738307144
[DxgiCapture] acquire: texture OK 000001FC5635BDA0
[DxgiCapture] acquire: hr=0x00000000 AccumFrames=3 PresentTime=9576738507959
[DxgiCapture] acquire: texture OK 000001FC5635BDA0
[DxgiCapture] acquire: hr=0x00000000 AccumFrames=3 PresentTime=9576738725407
[DxgiCapture] acquire: texture OK 000001FC5635BDA0
[DxgiCapture] acquire: hr=0x00000000 AccumFrames=3 PresentTime=9576738928750
[DxgiCapture] acquire: texture OK 000001FC5635BDA0
[DxgiCapture] acquire: hr=0x00000000 AccumFrames=5 PresentTime=9576739265622
[DxgiCapture] acquire: texture OK 000001FC5635BDA0
[DxgiCapture] acquire: hr=0x00000000 AccumFrames=3 PresentTime=9576739482926
[DxgiCapture] acquire: texture OK 000001FC5635BDA0
[DxgiCapture] acquire: hr=0x00000000 AccumFrames=3 PresentTime=9576739690415
[DxgiCapture] acquire: texture OK 000001FC5635BDA0
[DxgiCapture] acquire: hr=0x00000000 AccumFrames=3 PresentTime=9576739899938
[DxgiCapture] acquire: texture OK 000001FC5635BDA0
[DxgiCapture] acquire: hr=0x00000000 AccumFrames=2 PresentTime=9576740037578
[DxgiCapture] acquire: texture OK 000001FC5635BDA0
[DxgiCapture] acquire: hr=0x00000000 AccumFrames=4 PresentTime=9576740316911
[DxgiCapture] acquire: texture OK 000001FC5635BDA0
[DxgiCapture] acquire: hr=0x00000000 AccumFrames=3 PresentTime=9576740526515
[DxgiCapture] acquire: texture OK 000001FC5635BDA0
[DxgiCapture] acquire: hr=0x00000000 AccumFrames=3 PresentTime=9576740736389
[DxgiCapture] acquire: texture OK 000001FC5635BDA0
[DxgiCapture] acquire: hr=0x00000000 AccumFrames=3 PresentTime=9576740944414
[DxgiCapture] acquire: texture OK 000001FC5635BDA0
[DxgiCapture] acquire: hr=0x00000000 AccumFrames=3 PresentTime=9576741149833
[DxgiCapture] acquire: texture OK 000001FC5635BDA0
[DxgiCapture] acquire: hr=0x00000000 AccumFrames=2 PresentTime=9576741288169
[DxgiCapture] acquire: texture OK 000001FC5635BDA0
[DxgiCapture] acquire: hr=0x00000000 AccumFrames=3 PresentTime=9576741490679
[DxgiCapture] acquire: texture OK 000001FC5635BDA0
[DxgiCapture] acquire: hr=0x00000000 AccumFrames=3 PresentTime=9576741706150
[DxgiCapture] acquire: texture OK 000001FC5635BDA0
[DxgiCapture] acquire: hr=0x00000000 AccumFrames=3 PresentTime=9576741915444
[DxgiCapture] acquire: texture OK 000001FC5635BDA0
[DxgiCapture] acquire: hr=0x00000000 AccumFrames=3 PresentTime=9576742126343
[DxgiCapture] acquire: texture OK 000001FC5635BDA0
[DxgiCapture] acquire: hr=0x00000000 AccumFrames=3 PresentTime=9576742334683
[DxgiCapture] acquire: texture OK 000001FC5635BDA0
[DxgiCapture] acquire: hr=0x00000000 AccumFrames=3 PresentTime=9576742543389
[DxgiCapture] acquire: texture OK 000001FC5635BDA0
[DxgiCapture] acquire: hr=0x00000000 AccumFrames=2 PresentTime=9576742676773
[DxgiCapture] acquire: texture OK 000001FC5635BDA0
[DxgiCapture] acquire: hr=0x00000000 AccumFrames=3 PresentTime=9576742906904
[DxgiCapture] acquire: texture OK 000001FC5635BDA0
[DxgiCapture] acquire: hr=0x00000000 AccumFrames=3 PresentTime=9576743099169
[DxgiCapture] acquire: texture OK 000001FC5635BDA0
[DxgiCapture] acquire: hr=0x00000000 AccumFrames=5 PresentTime=9576743436727
[DxgiCapture] acquire: texture OK 000001FC5635BDA0
[DxgiCapture] acquire: hr=0x00000000 AccumFrames=3 PresentTime=9576743663454
[DxgiCapture] acquire: texture OK 000001FC5635BDA0
[DxgiCapture] acquire: hr=0x00000000 AccumFrames=3 PresentTime=9576743855152
[DxgiCapture] acquire: texture OK 000001FC5635BDA0
[DxgiCapture] acquire: hr=0x00000000 AccumFrames=4 PresentTime=9576744140822
[DxgiCapture] acquire: texture OK 000001FC5635BDA0
[DxgiCapture] acquire: hr=0x00000000 AccumFrames=3 PresentTime=9576744348619
[DxgiCapture] acquire: texture OK 000001FC5635BDA0
[DxgiCapture] acquire: hr=0x00000000 AccumFrames=3 PresentTime=9576744554682
[DxgiCapture] acquire: texture OK 000001FC5635BDA0
[DxgiCapture] acquire: hr=0x00000000 AccumFrames=2 PresentTime=9576744699786
[DxgiCapture] acquire: texture OK 000001FC5635BDA0
[DxgiCapture] acquire: hr=0x00000000 AccumFrames=4 PresentTime=9576744985765
[DxgiCapture] acquire: texture OK 000001FC5635BDA0
[DxgiCapture] acquire: hr=0x00000000 AccumFrames=2 PresentTime=9576745119495
[DxgiCapture] acquire: texture OK 000001FC5635BDA0
[DxgiCapture] acquire: hr=0x00000000 AccumFrames=4 PresentTime=9576745382695
[DxgiCapture] acquire: texture OK 000001FC5635BDA0
[DxgiCapture] acquire: hr=0x00000000 AccumFrames=1 PresentTime=9576745599174
[DxgiCapture] acquire: texture OK 000001FC5635BDA0
[DxgiCapture] acquire: hr=0x00000000 AccumFrames=1 PresentTime=9576745805180
[DxgiCapture] acquire: texture OK 000001FC5635BDA0
[DxgiCapture] acquire: hr=0x00000000 AccumFrames=1 PresentTime=9576746001723
[DxgiCapture] acquire: texture OK 000001FC5635BDA0
[DxgiCapture] acquire: hr=0x00000000 AccumFrames=1 PresentTime=9576746201507
[DxgiCapture] acquire: texture OK 000001FC5635BDA0
[DxgiCapture] acquire: hr=0x00000000 AccumFrames=1 PresentTime=9576746410394
[DxgiCapture] acquire: texture OK 000001FC5635BDA0
[DxgiCapture] acquire: hr=0x00000000 AccumFrames=1 PresentTime=9576746647076
[DxgiCapture] acquire: texture OK 000001FC5635BDA0
[DxgiCapture] acquire: hr=0x00000000 AccumFrames=1 PresentTime=9576746847172
[DxgiCapture] acquire: texture OK 000001FC5635BDA0
[DxgiCapture] acquire: hr=0x00000000 AccumFrames=1 PresentTime=9576747182962
[DxgiCapture] acquire: texture OK 000001FC5635BDA0
[DxgiCapture] acquire: hr=0x00000000 AccumFrames=1 PresentTime=9576747435233
[DxgiCapture] acquire: texture OK 000001FC5635BDA0
[DxgiCapture] acquire: hr=0x00000000 AccumFrames=1 PresentTime=9576747676977
[DxgiCapture] acquire: texture OK 000001FC5635BDA0
[DxgiCapture] acquire: hr=0x00000000 AccumFrames=1 PresentTime=9576747894674
[DxgiCapture] acquire: texture OK 000001FC5635BDA0
[DxgiCapture] acquire: hr=0x00000000 AccumFrames=1 PresentTime=9576748104350
[DxgiCapture] acquire: texture OK 000001FC5635BDA0
[DxgiCapture] acquire: hr=0x00000000 AccumFrames=1 PresentTime=9576748303575
[DxgiCapture] acquire: texture OK 000001FC5635BDA0
[DxgiCapture] acquire: hr=0x00000000 AccumFrames=1 PresentTime=9576748512123
[DxgiCapture] acquire: texture OK 000001FC5635BDA0
[DxgiCapture] acquire: hr=0x00000000 AccumFrames=1 PresentTime=9576748719600
[DxgiCapture] acquire: texture OK 000001FC5635BDA0
[DxgiCapture] acquire: hr=0x00000000 AccumFrames=1 PresentTime=9576748862203
[DxgiCapture] acquire: texture OK 000001FC5635BDA0
[DxgiCapture] acquire: hr=0x00000000 AccumFrames=1 PresentTime=9576749107404
[DxgiCapture] acquire: texture OK 000001FC5635BDA0
[DxgiCapture] acquire: hr=0x00000000 AccumFrames=1 PresentTime=9576749337096
[DxgiCapture] acquire: texture OK 000001FC5635BDA0
[DxgiCapture] acquire: hr=0x00000000 AccumFrames=1 PresentTime=9576749525255
[DxgiCapture] acquire: texture OK 000001FC5635BDA0
[DxgiCapture] acquire: hr=0x00000000 AccumFrames=1 PresentTime=9576749703756
[DxgiCapture] acquire: texture OK 000001FC5635BDA0
[DxgiCapture] acquire: hr=0x00000000 AccumFrames=1 PresentTime=9576749988209
[DxgiCapture] acquire: texture OK 000001FC5635BDA0
[DxgiCapture] acquire: hr=0x00000000 AccumFrames=1 PresentTime=9576750188335
[DxgiCapture] acquire: texture OK 000001FC5635BDA0
[DxgiCapture] acquire: hr=0x00000000 AccumFrames=1 PresentTime=9576750399456
[DxgiCapture] acquire: texture OK 000001FC5635BDA0
[DxgiCapture] acquire: hr=0x00000000 AccumFrames=1 PresentTime=9576750756882
[DxgiCapture] acquire: texture OK 000001FC5635BDA0
[DxgiCapture] acquire: hr=0x00000000 AccumFrames=1 PresentTime=9576750945199
[DxgiCapture] acquire: texture OK 000001FC5635BDA0
[DxgiCapture] acquire: hr=0x00000000 AccumFrames=1 PresentTime=9576751112303
[DxgiCapture] acquire: texture OK 000001FC5635BDA0
[DxgiCapture] acquire: hr=0x00000000 AccumFrames=1 PresentTime=9576751378008
[DxgiCapture] acquire: texture OK 000001FC5635BDA0
[DxgiCapture] acquire: hr=0x00000000 AccumFrames=1 PresentTime=9576751578924
[DxgiCapture] acquire: texture OK 000001FC5635BDA0
[DxgiCapture] acquire: hr=0x00000000 AccumFrames=1 PresentTime=9576751828954
[DxgiCapture] acquire: texture OK 000001FC5635BDA0
[DxgiCapture] acquire: hr=0x00000000 AccumFrames=1 PresentTime=9576752011612
[DxgiCapture] acquire: texture OK 000001FC5635BDA0
[DxgiCapture] acquire: hr=0x00000000 AccumFrames=1 PresentTime=9576752214623
[DxgiCapture] acquire: texture OK 000001FC5635BDA0
[DxgiCapture] acquire: hr=0x00000000 AccumFrames=1 PresentTime=9576752422117
[DxgiCapture] acquire: texture OK 000001FC5635BDA0
[DxgiCapture] acquire: hr=0x00000000 AccumFrames=1 PresentTime=9576752635319
[DxgiCapture] acquire: texture OK 000001FC5635BDA0
[DxgiCapture] acquire: hr=0x00000000 AccumFrames=1 PresentTime=9576752821444
[DxgiCapture] acquire: texture OK 000001FC5635BDA0
[DxgiCapture] acquire: hr=0x00000000 AccumFrames=1 PresentTime=9576753094409
[DxgiCapture] acquire: texture OK 000001FC5635BDA0
[DxgiCapture] acquire: hr=0x00000000 AccumFrames=1 PresentTime=9576753287936
[DxgiCapture] acquire: texture OK 000001FC5635BDA0
[DxgiCapture] acquire: hr=0x00000000 AccumFrames=1 PresentTime=9576753484658
[DxgiCapture] acquire: texture OK 000001FC5635BDA0
[DxgiCapture] acquire: hr=0x00000000 AccumFrames=1 PresentTime=9576753735316
[DxgiCapture] acquire: texture OK 000001FC5635BDA0
[DxgiCapture] acquire: hr=0x00000000 AccumFrames=1 PresentTime=9576753951745
[DxgiCapture] acquire: texture OK 000001FC5635BDA0
[DxgiCapture] acquire: hr=0x00000000 AccumFrames=1 PresentTime=9576754245988
[DxgiCapture] acquire: texture OK 000001FC5635BDA0
[DxgiCapture] acquire: hr=0x00000000 AccumFrames=1 PresentTime=9576754488741
[DxgiCapture] acquire: texture OK 000001FC5635BDA0
[DxgiCapture] acquire: hr=0x00000000 AccumFrames=1 PresentTime=9576754707760
[DxgiCapture] acquire: texture OK 000001FC5635BDA0
[DxgiCapture] acquire: hr=0x00000000 AccumFrames=1 PresentTime=9576754919298
[DxgiCapture] acquire: texture OK 000001FC5635BDA0
[DxgiCapture] acquire: hr=0x00000000 AccumFrames=1 PresentTime=9576755074875
[DxgiCapture] acquire: texture OK 000001FC5635BDA0
[DxgiCapture] acquire: hr=0x00000000 AccumFrames=1 PresentTime=9576755320464
[DxgiCapture] acquire: texture OK 000001FC5635BDA0
[DxgiCapture] acquire: hr=0x00000000 AccumFrames=1 PresentTime=9576755507371
[DxgiCapture] acquire: texture OK 000001FC5635BDA0
[DxgiCapture] acquire: hr=0x00000000 AccumFrames=1 PresentTime=9576755688951
[DxgiCapture] acquire: texture OK 000001FC5635BDA0
[DxgiCapture] acquire: hr=0x00000000 AccumFrames=1 PresentTime=9576755951922
[DxgiCapture] acquire: texture OK 000001FC5635BDA0
[DxgiCapture] acquire: hr=0x00000000 AccumFrames=1 PresentTime=9576756098373
[DxgiCapture] acquire: texture OK 000001FC5635BDA0
[DxgiCapture] acquire: hr=0x00000000 AccumFrames=1 PresentTime=9576756401720
[DxgiCapture] acquire: texture OK 000001FC5635BDA0
[DxgiCapture] acquire: hr=0x00000000 AccumFrames=1 PresentTime=9576756548463
[DxgiCapture] acquire: texture OK 000001FC5635BDA0
[DxgiCapture] acquire: hr=0x00000000 AccumFrames=1 PresentTime=9576756773729
[DxgiCapture] acquire: texture OK 000001FC5635BDA0
[DxgiCapture] acquire: hr=0x00000000 AccumFrames=1 PresentTime=9576756996076
[DxgiCapture] acquire: texture OK 000001FC5635BDA0
[DxgiCapture] acquire: hr=0x00000000 AccumFrames=1 PresentTime=9576757215991
[DxgiCapture] acquire: texture OK 000001FC5635BDA0
[DxgiCapture] acquire: hr=0x00000000 AccumFrames=1 PresentTime=9576757353597
[DxgiCapture] acquire: texture OK 000001FC5635BDA0
[DxgiCapture] acquire: hr=0x00000000 AccumFrames=1 PresentTime=9576757605919
[DxgiCapture] acquire: texture OK 000001FC5635BDA0
[DxgiCapture] acquire: hr=0x00000000 AccumFrames=1 PresentTime=9576757927888
[DxgiCapture] acquire: texture OK 000001FC5635BDA0
[DxgiCapture] acquire: hr=0x00000000 AccumFrames=1 PresentTime=9576758108508
[DxgiCapture] acquire: texture OK 000001FC5635BDA0
[DxgiCapture] acquire: hr=0x00000000 AccumFrames=1 PresentTime=9576758311008
[DxgiCapture] acquire: texture OK 000001FC5635BDA0
[DxgiCapture] acquire: hr=0x00000000 AccumFrames=1 PresentTime=9576758525146
[DxgiCapture] acquire: texture OK 000001FC5635BDA0
[DxgiCapture] acquire: hr=0x00000000 AccumFrames=1 PresentTime=9576758778774
[DxgiCapture] acquire: texture OK 000001FC5635BDA0
[DxgiCapture] acquire: hr=0x00000000 AccumFrames=1 PresentTime=9576758978484
[DxgiCapture] acquire: texture OK 000001FC5635BDA0
[DxgiCapture] acquire: hr=0x00000000 AccumFrames=1 PresentTime=9576759181723
[DxgiCapture] acquire: texture OK 000001FC5635BDA0
[DxgiCapture] acquire: hr=0x00000000 AccumFrames=1 PresentTime=9576759379125
[DxgiCapture] acquire: texture OK 000001FC5635BDA0
[DxgiCapture] acquire: hr=0x00000000 AccumFrames=1 PresentTime=9576759563664
[DxgiCapture] acquire: texture OK 000001FC5635BDA0
[DxgiCapture] acquire: hr=0x00000000 AccumFrames=1 PresentTime=9576759778359
[DxgiCapture] acquire: texture OK 000001FC5635BDA0
[DxgiCapture] acquire: hr=0x00000000 AccumFrames=1 PresentTime=9576759992322
[DxgiCapture] acquire: texture OK 000001FC5635BDA0
[DxgiCapture] acquire: hr=0x00000000 AccumFrames=1 PresentTime=9576760188545
[DxgiCapture] acquire: texture OK 000001FC5635BDA0
[DxgiCapture] acquire: hr=0x00000000 AccumFrames=1 PresentTime=9576760390948
[DxgiCapture] acquire: texture OK 000001FC5635BDA0
[DxgiCapture] acquire: hr=0x00000000 AccumFrames=1 PresentTime=9576760587393
[DxgiCapture] acquire: texture OK 000001FC5635BDA0
[DxgiCapture] acquire: hr=0x00000000 AccumFrames=1 PresentTime=9576760778828
[DxgiCapture] acquire: texture OK 000001FC5635BDA0
[DxgiCapture] acquire: hr=0x00000000 AccumFrames=1 PresentTime=9576760990055
[DxgiCapture] acquire: texture OK 000001FC5635BDA0
[DxgiCapture] acquire: hr=0x00000000 AccumFrames=1 PresentTime=9576761193420
[DxgiCapture] acquire: texture OK 000001FC5635BDA0
[DxgiCapture] acquire: hr=0x00000000 AccumFrames=1 PresentTime=9576761383639
[DxgiCapture] acquire: texture OK 000001FC5635BDA0
[DxgiCapture] acquire: hr=0x00000000 AccumFrames=1 PresentTime=9576761591540
[DxgiCapture] acquire: texture OK 000001FC5635BDA0
[DxgiCapture] acquire: hr=0x00000000 AccumFrames=1 PresentTime=9576761792497
[DxgiCapture] acquire: texture OK 000001FC5635BDA0
[DxgiCapture] acquire: hr=0x00000000 AccumFrames=1 PresentTime=9576762119822
[DxgiCapture] acquire: texture OK 000001FC5635BDA0
[DxgiCapture] acquire: hr=0x00000000 AccumFrames=1 PresentTime=9576762385092
[DxgiCapture] acquire: texture OK 000001FC5635BDA0
[DxgiCapture] acquire: hr=0x00000000 AccumFrames=1 PresentTime=9576762588275
[DxgiCapture] acquire: texture OK 000001FC5635BDA0
[DxgiCapture] acquire: hr=0x00000000 AccumFrames=1 PresentTime=9576762787442
[DxgiCapture] acquire: texture OK 000001FC5635BDA0
[DxgiCapture] acquire: hr=0x00000000 AccumFrames=1 PresentTime=9576762971022
[DxgiCapture] acquire: texture OK 000001FC5635BDA0
[DxgiCapture] acquire: hr=0x00000000 AccumFrames=1 PresentTime=9576763197606
[DxgiCapture] acquire: texture OK 000001FC5635BDA0
[DxgiCapture] acquire: hr=0x00000000 AccumFrames=1 PresentTime=9576763395055
[DxgiCapture] acquire: texture OK 000001FC5635BDA0
[DxgiCapture] acquire: hr=0x00000000 AccumFrames=1 PresentTime=9576763604713
[DxgiCapture] acquire: texture OK 000001FC5635BDA0
[DxgiCapture] acquire: hr=0x00000000 AccumFrames=1 PresentTime=9576763780570
[DxgiCapture] acquire: texture OK 000001FC5635BDA0
[DxgiCapture] acquire: hr=0x00000000 AccumFrames=1 PresentTime=9576764013210
[DxgiCapture] acquire: texture OK 000001FC5635BDA0
[DxgiCapture] acquire: hr=0x00000000 AccumFrames=1 PresentTime=9576764240927
[DxgiCapture] acquire: texture OK 000001FC5635BDA0
[DxgiCapture] acquire: hr=0x00000000 AccumFrames=1 PresentTime=9576764511774
[DxgiCapture] acquire: texture OK 000001FC5635BDA0
[DxgiCapture] acquire: hr=0x00000000 AccumFrames=1 PresentTime=9576764703499
[DxgiCapture] acquire: texture OK 000001FC5635BDA0
[DxgiCapture] acquire: hr=0x00000000 AccumFrames=1 PresentTime=9576764928405
[DxgiCapture] acquire: texture OK 000001FC5635BDA0
[DxgiCapture] acquire: hr=0x00000000 AccumFrames=1 PresentTime=9576765122694
[DxgiCapture] acquire: texture OK 000001FC5635BDA0
[DxgiCapture] acquire: hr=0x00000000 AccumFrames=1 PresentTime=9576765321798
[DxgiCapture] acquire: texture OK 000001FC5635BDA0
[DxgiCapture] acquire: hr=0x00000000 AccumFrames=1 PresentTime=9576765629062
[DxgiCapture] acquire: texture OK 000001FC5635BDA0
[DxgiCapture] acquire: hr=0x00000000 AccumFrames=1 PresentTime=9576765902098
[DxgiCapture] acquire: texture OK 000001FC5635BDA0
[DxgiCapture] acquire: hr=0x00000000 AccumFrames=1 PresentTime=9576766102515
[DxgiCapture] acquire: texture OK 000001FC5635BDA0
[DxgiCapture] acquire: hr=0x00000000 AccumFrames=1 PresentTime=9576766309086
[DxgiCapture] acquire: texture OK 000001FC5635BDA0
[DxgiCapture] acquire: hr=0x00000000 AccumFrames=1 PresentTime=9576766477162
[DxgiCapture] acquire: texture OK 000001FC5635BDA0
[DxgiCapture] acquire: hr=0x00000000 AccumFrames=1 PresentTime=9576766744804
[DxgiCapture] acquire: texture OK 000001FC5635BDA0
[DxgiCapture] acquire: hr=0x00000000 AccumFrames=1 PresentTime=9576766977064
[DxgiCapture] acquire: texture OK 000001FC5635BDA0
[DxgiCapture] acquire: hr=0x00000000 AccumFrames=1 PresentTime=9576767184995
[DxgiCapture] acquire: texture OK 000001FC5635BDA0
[DxgiCapture] acquire: hr=0x00000000 AccumFrames=1 PresentTime=9576767415442
[DxgiCapture] acquire: texture OK 000001FC5635BDA0
[DxgiCapture] acquire: hr=0x00000000 AccumFrames=1 PresentTime=9576767616388
[DxgiCapture] acquire: texture OK 000001FC5635BDA0
[DxgiCapture] acquire: hr=0x00000000 AccumFrames=1 PresentTime=9576767765478
[DxgiCapture] acquire: texture OK 000001FC5635BDA0
[DxgiCapture] acquire: hr=0x00000000 AccumFrames=1 PresentTime=9576768059448
[DxgiCapture] acquire: texture OK 000001FC5635BDA0
[DxgiCapture] acquire: hr=0x00000000 AccumFrames=1 PresentTime=9576768239913
[DxgiCapture] acquire: texture OK 000001FC5635BDA0
[DxgiCapture] acquire: hr=0x00000000 AccumFrames=1 PresentTime=9576768469735
[DxgiCapture] acquire: texture OK 000001FC5635BDA0
[DxgiCapture] acquire: hr=0x00000000 AccumFrames=1 PresentTime=9576768675608
[DxgiCapture] acquire: texture OK 000001FC5635BDA0
[DxgiCapture] acquire: hr=0x00000000 AccumFrames=1 PresentTime=9576768970755
[DxgiCapture] acquire: texture OK 000001FC5635BDA0
[DxgiCapture] acquire: hr=0x00000000 AccumFrames=1 PresentTime=9576769253532
[DxgiCapture] acquire: texture OK 000001FC5635BDA0
[DxgiCapture] acquire: hr=0x00000000 AccumFrames=1 PresentTime=9576769485315
[DxgiCapture] acquire: texture OK 000001FC5635BDA0
[DxgiCapture] acquire: hr=0x00000000 AccumFrames=1 PresentTime=9576769682554
[DxgiCapture] acquire: texture OK 000001FC5635BDA0
[DxgiCapture] acquire: hr=0x00000000 AccumFrames=1 PresentTime=9576769883762
[DxgiCapture] acquire: texture OK 000001FC5635BDA0
[DxgiCapture] acquire: hr=0x00000000 AccumFrames=1 PresentTime=9576770086799
[DxgiCapture] acquire: texture OK 000001FC5635BDA0
[DxgiCapture] acquire: hr=0x00000000 AccumFrames=1 PresentTime=9576770280084
[DxgiCapture] acquire: texture OK 000001FC5635BDA0
[DxgiCapture] acquire: hr=0x00000000 AccumFrames=1 PresentTime=9576770474090
[DxgiCapture] acquire: texture OK 000001FC5635BDA0
[DxgiCapture] acquire: hr=0x00000000 AccumFrames=1 PresentTime=9576770694923
[DxgiCapture] acquire: texture OK 000001FC5635BDA0
[DxgiCapture] acquire: hr=0x00000000 AccumFrames=1 PresentTime=9576770922997
[DxgiCapture] acquire: texture OK 000001FC5635BDA0
[DxgiCapture] acquire: hr=0x00000000 AccumFrames=1 PresentTime=9576771121110
[DxgiCapture] acquire: texture OK 000001FC5635BDA0
[DxgiCapture] acquire: hr=0x00000000 AccumFrames=1 PresentTime=9576771326583
[DxgiCapture] acquire: texture OK 000001FC5635BDA0
[DxgiCapture] acquire: hr=0x00000000 AccumFrames=1 PresentTime=9576771578097
[DxgiCapture] acquire: texture OK 000001FC5635BDA0
[DxgiCapture] acquire: hr=0x00000000 AccumFrames=1 PresentTime=9576771804290
[DxgiCapture] acquire: texture OK 000001FC5635BDA0
[DxgiCapture] acquire: hr=0x00000000 AccumFrames=1 PresentTime=9576772013747
[DxgiCapture] acquire: texture OK 000001FC5635BDA0
[DxgiCapture] acquire: hr=0x00000000 AccumFrames=1 PresentTime=9576772313520
[DxgiCapture] acquire: texture OK 000001FC5635BDA0
[DxgiCapture] acquire: hr=0x00000000 AccumFrames=1 PresentTime=9576772498805
[DxgiCapture] acquire: texture OK 000001FC5635BDA0
[DxgiCapture] acquire: hr=0x00000000 AccumFrames=1 PresentTime=9576772735301
[DxgiCapture] acquire: texture OK 000001FC5635BDA0
[DxgiCapture] acquire: hr=0x00000000 AccumFrames=1 PresentTime=9576773012882
[DxgiCapture] acquire: texture OK 000001FC5635BDA0
[DxgiCapture] acquire: hr=0x00000000 AccumFrames=1 PresentTime=9576773198709
[DxgiCapture] acquire: texture OK 000001FC5635BDA0
[DxgiCapture] acquire: hr=0x00000000 AccumFrames=1 PresentTime=9576773414749
[DxgiCapture] acquire: texture OK 000001FC5635BDA0
[DxgiCapture] acquire: hr=0x00000000 AccumFrames=1 PresentTime=9576773603118
[DxgiCapture] acquire: texture OK 000001FC5635BDA0
[DxgiCapture] acquire: hr=0x00000000 AccumFrames=1 PresentTime=9576773810755
[DxgiCapture] acquire: texture OK 000001FC5635BDA0
[DxgiCapture] acquire: hr=0x00000000 AccumFrames=1 PresentTime=9576774044400
[DxgiCapture] acquire: texture OK 000001FC5635BDA0
[DxgiCapture] acquire: hr=0x00000000 AccumFrames=1 PresentTime=9576774305978
[DxgiCapture] acquire: texture OK 000001FC5635BDA0
[DxgiCapture] acquire: hr=0x00000000 AccumFrames=1 PresentTime=9576774492445
[DxgiCapture] acquire: texture OK 000001FC5635BDA0
[DxgiCapture] acquire: hr=0x00000000 AccumFrames=1 PresentTime=9576774704776
[DxgiCapture] acquire: texture OK 000001FC5635BDA0
[DxgiCapture] acquire: hr=0x00000000 AccumFrames=1 PresentTime=9576774908143
[DxgiCapture] acquire: texture OK 000001FC5635BDA0
[DxgiCapture] acquire: hr=0x00000000 AccumFrames=1 PresentTime=9576775098009
[DxgiCapture] acquire: texture OK 000001FC5635BDA0
[DxgiCapture] acquire: hr=0x00000000 AccumFrames=1 PresentTime=9576775293115
[DxgiCapture] acquire: texture OK 000001FC5635BDA0
[DxgiCapture] acquire: hr=0x00000000 AccumFrames=1 PresentTime=9576775485994
[DxgiCapture] acquire: texture OK 000001FC5635BDA0
[DxgiCapture] acquire: hr=0x00000000 AccumFrames=1 PresentTime=9576775704239
[DxgiCapture] acquire: texture OK 000001FC5635BDA0
[DxgiCapture] acquire: hr=0x00000000 AccumFrames=1 PresentTime=9576776038528
[DxgiCapture] acquire: texture OK 000001FC5635BDA0
[DxgiCapture] acquire: hr=0x00000000 AccumFrames=1 PresentTime=9576776260912
[DxgiCapture] acquire: texture OK 000001FC5635BDA0
[DxgiCapture] acquire: hr=0x00000000 AccumFrames=1 PresentTime=9576776462593
[DxgiCapture] acquire: texture OK 000001FC5635BDA0
[DxgiCapture] acquire: hr=0x00000000 AccumFrames=1 PresentTime=9576776676793
[DxgiCapture] acquire: texture OK 000001FC5635BDA0
[DxgiCapture] acquire: hr=0x00000000 AccumFrames=1 PresentTime=9576776880249
[DxgiCapture] acquire: texture OK 000001FC5635BDA0
[DxgiCapture] acquire: hr=0x00000000 AccumFrames=1 PresentTime=9576777079669
[DxgiCapture] acquire: texture OK 000001FC5635BDA0
[DxgiCapture] acquire: hr=0x00000000 AccumFrames=1 PresentTime=9576777285146
[DxgiCapture] acquire: texture OK 000001FC5635BDA0
[DxgiCapture] acquire: hr=0x00000000 AccumFrames=1 PresentTime=9576777474460
[DxgiCapture] acquire: texture OK 000001FC5635BDA0
[DxgiCapture] acquire: hr=0x00000000 AccumFrames=1 PresentTime=9576777682794
[DxgiCapture] acquire: texture OK 000001FC5635BDA0
[DxgiCapture] acquire: hr=0x00000000 AccumFrames=1 PresentTime=9576777912732
[DxgiCapture] acquire: texture OK 000001FC5635BDA0
[DxgiCapture] acquire: hr=0x00000000 AccumFrames=1 PresentTime=9576778132317
[DxgiCapture] acquire: texture OK 000001FC5635BDA0
[DxgiCapture] acquire: hr=0x00000000 AccumFrames=1 PresentTime=9576778423029
[DxgiCapture] acquire: texture OK 000001FC5635BDA0
[DxgiCapture] acquire: hr=0x00000000 AccumFrames=1 PresentTime=9576778569105
[DxgiCapture] acquire: texture OK 000001FC5635BDA0
[DxgiCapture] acquire: hr=0x00000000 AccumFrames=1 PresentTime=9576778778189
[DxgiCapture] acquire: texture OK 000001FC5635BDA0
[DxgiCapture] acquire: hr=0x00000000 AccumFrames=1 PresentTime=9576779042059
[DxgiCapture] acquire: texture OK 000001FC5635BDA0
[DxgiCapture] acquire: hr=0x00000000 AccumFrames=1 PresentTime=9576779256482
[DxgiCapture] acquire: texture OK 000001FC5635BDA0
[DxgiCapture] acquire: hr=0x00000000 AccumFrames=1 PresentTime=9576779590651
[DxgiCapture] acquire: texture OK 000001FC5635BDA0
[DxgiCapture] acquire: hr=0x00000000 AccumFrames=1 PresentTime=9576779804805
[DxgiCapture] acquire: texture OK 000001FC5635BDA0
[DxgiCapture] acquire: hr=0x00000000 AccumFrames=1 PresentTime=9576780011638
[DxgiCapture] acquire: texture OK 000001FC5635BDA0
[DxgiCapture] acquire: hr=0x00000000 AccumFrames=1 PresentTime=9576780179884
[DxgiCapture] acquire: texture OK 000001FC5635BDA0
[DxgiCapture] acquire: hr=0x00000000 AccumFrames=1 PresentTime=9576780439071
[DxgiCapture] acquire: texture OK 000001FC5635BDA0
[DxgiCapture] acquire: hr=0x00000000 AccumFrames=1 PresentTime=9576780616968
[DxgiCapture] acquire: texture OK 000001FC5635BDA0
[DxgiCapture] acquire: hr=0x00000000 AccumFrames=1 PresentTime=9576780927387
[DxgiCapture] acquire: texture OK 000001FC5635BDA0
[DxgiCapture] acquire: hr=0x00000000 AccumFrames=1 PresentTime=9576781160752
[DxgiCapture] acquire: texture OK 000001FC5635BDA0
[DxgiCapture] acquire: hr=0x00000000 AccumFrames=1 PresentTime=9576781396061
[DxgiCapture] acquire: texture OK 000001FC5635BDA0
[DxgiCapture] acquire: hr=0x00000000 AccumFrames=1 PresentTime=9576781586735
[DxgiCapture] acquire: texture OK 000001FC5635BDA0
[DxgiCapture] acquire: hr=0x00000000 AccumFrames=1 PresentTime=9576781822931
[DxgiCapture] acquire: texture OK 000001FC5635BDA0
[DxgiCapture] acquire: hr=0x00000000 AccumFrames=1 PresentTime=9576782033717
[DxgiCapture] acquire: texture OK 000001FC5635BDA0
[DxgiCapture] acquire: hr=0x00000000 AccumFrames=1 PresentTime=9576782242243
[DxgiCapture] acquire: texture OK 000001FC5635BDA0
[DxgiCapture] acquire: hr=0x00000000 AccumFrames=1 PresentTime=9576782401423
[DxgiCapture] acquire: texture OK 000001FC5635BDA0
[DxgiCapture] acquire: hr=0x00000000 AccumFrames=1 PresentTime=9576782762007
[DxgiCapture] acquire: texture OK 000001FC5635BDA0
[DxgiCapture] acquire: hr=0x00000000 AccumFrames=1 PresentTime=9576782977459
[DxgiCapture] acquire: texture OK 000001FC5635BDA0
[DxgiCapture] acquire: hr=0x00000000 AccumFrames=1 PresentTime=9576783226126
[DxgiCapture] acquire: texture OK 000001FC5635BDA0
[DxgiCapture] acquire: hr=0x00000000 AccumFrames=1 PresentTime=9576783405639
[DxgiCapture] acquire: texture OK 000001FC5635BDA0
[DxgiCapture] acquire: hr=0x00000000 AccumFrames=1 PresentTime=9576783704266
[DxgiCapture] acquire: texture OK 000001FC5635BDA0
[DxgiCapture] acquire: hr=0x00000000 AccumFrames=1 PresentTime=9576783858449
[DxgiCapture] acquire: texture OK 000001FC5635BDA0
[DxgiCapture] acquire: hr=0x00000000 AccumFrames=1 PresentTime=9576784125282
[DxgiCapture] acquire: texture OK 000001FC5635BDA0
[DxgiCapture] acquire: hr=0x00000000 AccumFrames=1 PresentTime=9576784316247
[DxgiCapture] acquire: texture OK 000001FC5635BDA0
[DxgiCapture] acquire: hr=0x00000000 AccumFrames=1 PresentTime=9576784544941
[DxgiCapture] acquire: texture OK 000001FC5635BDA0
[DxgiCapture] acquire: hr=0x00000000 AccumFrames=1 PresentTime=9576784747313
[DxgiCapture] acquire: texture OK 000001FC5635BDA0
[DxgiCapture] acquire: hr=0x00000000 AccumFrames=1 PresentTime=9576784965943
[DxgiCapture] acquire: texture OK 000001FC5635BDA0
[DxgiCapture] acquire: hr=0x00000000 AccumFrames=1 PresentTime=9576785179567
[DxgiCapture] acquire: texture OK 000001FC5635BDA0
[DxgiCapture] acquire: hr=0x00000000 AccumFrames=1 PresentTime=9576785365561
[DxgiCapture] acquire: texture OK 000001FC5635BDA0
[DxgiCapture] acquire: hr=0x00000000 AccumFrames=1 PresentTime=9576785600758
[DxgiCapture] acquire: texture OK 000001FC5635BDA0
[DxgiCapture] acquire: hr=0x00000000 AccumFrames=1 PresentTime=9576785785598
[DxgiCapture] acquire: texture OK 000001FC5635BDA0
[DxgiCapture] acquire: hr=0x00000000 AccumFrames=1 PresentTime=9576786131941
[DxgiCapture] acquire: texture OK 000001FC5635BDA0
[DxgiCapture] acquire: hr=0x00000000 AccumFrames=1 PresentTime=9576786308224
[DxgiCapture] acquire: texture OK 000001FC5635BDA0
[DxgiCapture] acquire: hr=0x00000000 AccumFrames=1 PresentTime=9576786541742
[DxgiCapture] acquire: texture OK 000001FC5635BDA0
[DxgiCapture] acquire: hr=0x00000000 AccumFrames=1 PresentTime=9576786726276
[DxgiCapture] acquire: texture OK 000001FC5635BDA0
[DxgiCapture] acquire: hr=0x00000000 AccumFrames=1 PresentTime=9576787045137
[DxgiCapture] acquire: texture OK 000001FC5635BDA0
[DxgiCapture] acquire: hr=0x00000000 AccumFrames=1 PresentTime=9576787222871
[DxgiCapture] acquire: texture OK 000001FC5635BDA0
[DxgiCapture] acquire: hr=0x00000000 AccumFrames=1 PresentTime=9576787464558
[DxgiCapture] acquire: texture OK 000001FC5635BDA0
[DxgiCapture] acquire: hr=0x00000000 AccumFrames=1 PresentTime=9576787643566
[DxgiCapture] acquire: texture OK 000001FC5635BDA0
[DxgiCapture] acquire: hr=0x00000000 AccumFrames=1 PresentTime=9576787847872
[DxgiCapture] acquire: texture OK 000001FC5635BDA0
[DxgiCapture] acquire: hr=0x00000000 AccumFrames=1 PresentTime=9576788042369
[DxgiCapture] acquire: texture OK 000001FC5635BDA0
[DxgiCapture] acquire: hr=0x00000000 AccumFrames=1 PresentTime=9576788294678
[DxgiCapture] acquire: texture OK 000001FC5635BDA0
[DxgiCapture] acquire: hr=0x00000000 AccumFrames=1 PresentTime=9576788522173
[DxgiCapture] acquire: texture OK 000001FC5635BDA0
[DxgiCapture] acquire: hr=0x00000000 AccumFrames=1 PresentTime=9576788740247
[DxgiCapture] acquire: texture OK 000001FC5635BDA0
[DxgiCapture] acquire: hr=0x00000000 AccumFrames=1 PresentTime=9576788930142
[DxgiCapture] acquire: texture OK 000001FC5635BDA0
[DxgiCapture] acquire: hr=0x00000000 AccumFrames=1 PresentTime=9576789134177
[DxgiCapture] acquire: texture OK 000001FC5635BDA0
[DxgiCapture] acquire: hr=0x00000000 AccumFrames=1 PresentTime=9576789435615
[DxgiCapture] acquire: texture OK 000001FC5635BDA0
[DxgiCapture] acquire: hr=0x00000000 AccumFrames=1 PresentTime=9576789628384
[DxgiCapture] acquire: texture OK 000001FC5635BDA0
[DxgiCapture] acquire: hr=0x00000000 AccumFrames=1 PresentTime=9576789870841
[DxgiCapture] acquire: texture OK 000001FC5635BDA0
[DxgiCapture] acquire: hr=0x00000000 AccumFrames=1 PresentTime=9576790080604
[DxgiCapture] acquire: texture OK 000001FC5635BDA0
[DxgiCapture] acquire: hr=0x00000000 AccumFrames=1 PresentTime=9576790312447
[DxgiCapture] acquire: texture OK 000001FC5635BDA0
[DxgiCapture] acquire: hr=0x00000000 AccumFrames=1 PresentTime=9576790515382
[DxgiCapture] acquire: texture OK 000001FC5635BDA0
[DxgiCapture] acquire: hr=0x00000000 AccumFrames=1 PresentTime=9576790725619
[DxgiCapture] acquire: texture OK 000001FC5635BDA0
[DxgiCapture] acquire: hr=0x00000000 AccumFrames=1 PresentTime=9576790925778
[DxgiCapture] acquire: texture OK 000001FC5635BDA0
[DxgiCapture] acquire: hr=0x00000000 AccumFrames=1 PresentTime=9576791190563
[DxgiCapture] acquire: texture OK 000001FC5635BDA0
[DxgiCapture] acquire: hr=0x00000000 AccumFrames=1 PresentTime=9576791407445
[DxgiCapture] acquire: texture OK 000001FC5635BDA0
[DxgiCapture] acquire: hr=0x00000000 AccumFrames=1 PresentTime=9576791570270
[DxgiCapture] acquire: texture OK 000001FC5635BDA0
[DxgiCapture] acquire: hr=0x00000000 AccumFrames=1 PresentTime=9576791764930
[DxgiCapture] acquire: texture OK 000001FC5635BDA0
[DxgiCapture] acquire: hr=0x00000000 AccumFrames=1 PresentTime=9576792023853
[DxgiCapture] acquire: texture OK 000001FC5635BDA0
[DxgiCapture] acquire: hr=0x00000000 AccumFrames=1 PresentTime=9576792222072
[DxgiCapture] acquire: texture OK 000001FC5635BDA0
[DxgiCapture] acquire: hr=0x00000000 AccumFrames=1 PresentTime=9576792462456
[DxgiCapture] acquire: texture OK 000001FC5635BDA0
[DxgiCapture] acquire: hr=0x00000000 AccumFrames=1 PresentTime=9576792646956
[DxgiCapture] acquire: texture OK 000001FC5635BDA0
[DxgiCapture] acquire: hr=0x00000000 AccumFrames=1 PresentTime=9576793027846
[DxgiCapture] acquire: texture OK 000001FC5635BDA0
[DxgiCapture] acquire: hr=0x00000000 AccumFrames=1 PresentTime=9576793222476
[DxgiCapture] acquire: texture OK 000001FC5635BDA0
[DxgiCapture] acquire: hr=0x00000000 AccumFrames=1 PresentTime=9576793417225
[DxgiCapture] acquire: texture OK 000001FC5635BDA0
[DxgiCapture] acquire: hr=0x00000000 AccumFrames=1 PresentTime=9576793585174
[DxgiCapture] acquire: texture OK 000001FC5635BDA0
[DxgiCapture] acquire: hr=0x00000000 AccumFrames=1 PresentTime=9576793821427
[DxgiCapture] acquire: texture OK 000001FC5635BDA0
[DxgiCapture] acquire: hr=0x00000000 AccumFrames=1 PresentTime=9576794034542
[DxgiCapture] acquire: texture OK 000001FC5635BDA0
[DxgiCapture] acquire: hr=0x00000000 AccumFrames=1 PresentTime=9576794234149
[DxgiCapture] acquire: texture OK 000001FC5635BDA0
[DxgiCapture] acquire: hr=0x00000000 AccumFrames=1 PresentTime=9576794443153
[DxgiCapture] acquire: texture OK 000001FC5635BDA0
[DxgiCapture] acquire: hr=0x00000000 AccumFrames=1 PresentTime=9576794640646
[DxgiCapture] acquire: texture OK 000001FC5635BDA0
[DxgiCapture] acquire: hr=0x00000000 AccumFrames=1 PresentTime=9576794816593
[DxgiCapture] acquire: texture OK 000001FC5635BDA0
[DxgiCapture] acquire: hr=0x00000000 AccumFrames=1 PresentTime=9576795041979
[DxgiCapture] acquire: texture OK 000001FC5635BDA0
[DxgiCapture] acquire: hr=0x00000000 AccumFrames=1 PresentTime=9576795316121
[DxgiCapture] acquire: texture OK 000001FC5635BDA0
[DxgiCapture] acquire: hr=0x00000000 AccumFrames=1 PresentTime=9576795513099
[DxgiCapture] acquire: texture OK 000001FC5635BDA0
[DxgiCapture] acquire: hr=0x00000000 AccumFrames=1 PresentTime=9576795715815
[DxgiCapture] acquire: texture OK 000001FC5635BDA0
[DxgiCapture] acquire: hr=0x00000000 AccumFrames=1 PresentTime=9576795905638
[DxgiCapture] acquire: texture OK 000001FC5635BDA0
[DxgiCapture] acquire: hr=0x00000000 AccumFrames=1 PresentTime=9576796076647
[DxgiCapture] acquire: texture OK 000001FC5635BDA0
[DxgiCapture] acquire: hr=0x00000000 AccumFrames=1 PresentTime=9576796298759
[DxgiCapture] acquire: texture OK 000001FC5635BDA0
[DxgiCapture] acquire: hr=0x00000000 AccumFrames=1 PresentTime=9576796492454
[DxgiCapture] acquire: texture OK 000001FC5635BDA0
[DxgiCapture] acquire: hr=0x00000000 AccumFrames=1 PresentTime=9576796813401
[DxgiCapture] acquire: texture OK 000001FC5635BDA0
[DxgiCapture] acquire: hr=0x00000000 AccumFrames=1 PresentTime=9576797045792
[DxgiCapture] acquire: texture OK 000001FC5635BDA0
[DxgiCapture] acquire: hr=0x00000000 AccumFrames=1 PresentTime=9576797300128
[DxgiCapture] acquire: texture OK 000001FC5635BDA0
[DxgiCapture] acquire: hr=0x00000000 AccumFrames=1 PresentTime=9576797475286
[DxgiCapture] acquire: texture OK 000001FC5635BDA0
[DxgiCapture] acquire: hr=0x00000000 AccumFrames=1 PresentTime=9576797687559
[DxgiCapture] acquire: texture OK 000001FC5635BDA0
[DxgiCapture] acquire: hr=0x00000000 AccumFrames=1 PresentTime=9576797918105
[DxgiCapture] acquire: texture OK 000001FC5635BDA0
[DxgiCapture] acquire: hr=0x00000000 AccumFrames=1 PresentTime=9576798166715
[DxgiCapture] acquire: texture OK 000001FC5635BDA0
[DxgiCapture] acquire: hr=0x00000000 AccumFrames=1 PresentTime=9576798337787
[DxgiCapture] acquire: texture OK 000001FC5635BDA0
[DxgiCapture] acquire: hr=0x00000000 AccumFrames=1 PresentTime=9576798567610
[DxgiCapture] acquire: texture OK 000001FC5635BDA0
[DxgiCapture] acquire: hr=0x00000000 AccumFrames=1 PresentTime=9576798802015
[DxgiCapture] acquire: texture OK 000001FC5635BDA0
[DxgiCapture] acquire: hr=0x00000000 AccumFrames=1 PresentTime=9576799003785
[DxgiCapture] acquire: texture OK 000001FC5635BDA0
[DxgiCapture] acquire: hr=0x00000000 AccumFrames=1 PresentTime=9576799187474
[DxgiCapture] acquire: texture OK 000001FC5635BDA0
[DxgiCapture] acquire: hr=0x00000000 AccumFrames=1 PresentTime=9576799427193
[DxgiCapture] acquire: texture OK 000001FC5635BDA0
[DxgiCapture] acquire: hr=0x00000000 AccumFrames=1 PresentTime=9576799649515
[DxgiCapture] acquire: texture OK 000001FC5635BDA0
[DxgiCapture] acquire: hr=0x00000000 AccumFrames=1 PresentTime=9576799830650
[DxgiCapture] acquire: texture OK 000001FC5635BDA0
[DxgiCapture] acquire: hr=0x00000000 AccumFrames=1 PresentTime=9576800017544
[DxgiCapture] acquire: texture OK 000001FC5635BDA0
[DxgiCapture] acquire: hr=0x00000000 AccumFrames=1 PresentTime=9576800385245
[DxgiCapture] acquire: texture OK 000001FC5635BDA0
[DxgiCapture] acquire: hr=0x00000000 AccumFrames=1 PresentTime=9576800581548
[DxgiCapture] acquire: texture OK 000001FC5635BDA0
[DxgiCapture] acquire: hr=0x00000000 AccumFrames=1 PresentTime=9576800814569
[DxgiCapture] acquire: texture OK 000001FC5635BDA0
[DxgiCapture] acquire: hr=0x00000000 AccumFrames=1 PresentTime=9576801007191
[DxgiCapture] acquire: texture OK 000001FC5635BDA0
[DxgiCapture] acquire: hr=0x00000000 AccumFrames=1 PresentTime=9576801198028
[DxgiCapture] acquire: texture OK 000001FC5635BDA0
[DxgiCapture] acquire: hr=0x00000000 AccumFrames=1 PresentTime=9576801402258
[DxgiCapture] acquire: texture OK 000001FC5635BDA0
[DxgiCapture] acquire: hr=0x00000000 AccumFrames=1 PresentTime=9576801648573
[DxgiCapture] acquire: texture OK 000001FC5635BDA0
[DxgiCapture] acquire: hr=0x00000000 AccumFrames=1 PresentTime=9576801845404
[DxgiCapture] acquire: texture OK 000001FC5635BDA0
[DxgiCapture] acquire: hr=0x00000000 AccumFrames=1 PresentTime=9576802137896
[DxgiCapture] acquire: texture OK 000001FC5635BDA0
[DxgiCapture] acquire: hr=0x00000000 AccumFrames=1 PresentTime=9576802373665
[DxgiCapture] acquire: texture OK 000001FC5635BDA0
[DxgiCapture] acquire: hr=0x00000000 AccumFrames=1 PresentTime=9576802590214
[DxgiCapture] acquire: texture OK 000001FC5635BDA0
[DxgiCapture] acquire: hr=0x00000000 AccumFrames=1 PresentTime=9576802783560
[DxgiCapture] acquire: texture OK 000001FC5635BDA0
[DxgiCapture] acquire: hr=0x00000000 AccumFrames=1 PresentTime=9576802981905
[DxgiCapture] acquire: texture OK 000001FC5635BDA0
[DxgiCapture] acquire: hr=0x00000000 AccumFrames=1 PresentTime=9576803169692
[DxgiCapture] acquire: texture OK 000001FC5635BDA0
[DxgiCapture] acquire: hr=0x00000000 AccumFrames=1 PresentTime=9576803377399
[DxgiCapture] acquire: texture OK 000001FC5635BDA0
[DxgiCapture] acquire: hr=0x00000000 AccumFrames=1 PresentTime=9576803566681
[DxgiCapture] acquire: texture OK 000001FC5635BDA0
[DxgiCapture] acquire: hr=0x00000000 AccumFrames=1 PresentTime=9576803942825
[DxgiCapture] acquire: texture OK 000001FC5635BDA0
[DxgiCapture] acquire: hr=0x00000000 AccumFrames=1 PresentTime=9576804115721
[DxgiCapture] acquire: texture OK 000001FC5635BDA0
[DxgiCapture] acquire: hr=0x00000000 AccumFrames=1 PresentTime=9576804347593
[DxgiCapture] acquire: texture OK 000001FC5635BDA0
[DxgiCapture] acquire: hr=0x00000000 AccumFrames=1 PresentTime=9576804551207
[DxgiCapture] acquire: texture OK 000001FC5635BDA0
[DxgiCapture] acquire: hr=0x00000000 AccumFrames=1 PresentTime=9576804754863
[DxgiCapture] acquire: texture OK 000001FC5635BDA0
[DxgiCapture] acquire: hr=0x00000000 AccumFrames=1 PresentTime=9576804952732
[DxgiCapture] acquire: texture OK 000001FC5635BDA0
[DxgiCapture] acquire: hr=0x00000000 AccumFrames=1 PresentTime=9576805132741
[DxgiCapture] acquire: texture OK 000001FC5635BDA0
[DxgiCapture] acquire: hr=0x00000000 AccumFrames=1 PresentTime=9576805342837
[DxgiCapture] acquire: texture OK 000001FC5635BDA0
[DxgiCapture] acquire: hr=0x00000000 AccumFrames=1 PresentTime=9576805557497
[DxgiCapture] acquire: texture OK 000001FC5635BDA0
[DxgiCapture] acquire: hr=0x00000000 AccumFrames=1 PresentTime=9576805794944
[DxgiCapture] acquire: texture OK 000001FC5635BDA0
[DxgiCapture] acquire: hr=0x00000000 AccumFrames=1 PresentTime=9576806036275
[DxgiCapture] acquire: texture OK 000001FC5635BDA0
[DxgiCapture] acquire: hr=0x00000000 AccumFrames=1 PresentTime=9576806213789
[DxgiCapture] acquire: texture OK 000001FC5635BDA0
[DxgiCapture] acquire: hr=0x00000000 AccumFrames=1 PresentTime=9576806402379
[DxgiCapture] acquire: texture OK 000001FC5635BDA0
[DxgiCapture] acquire: hr=0x00000000 AccumFrames=1 PresentTime=9576806661439
[DxgiCapture] acquire: texture OK 000001FC5635BDA0
[DxgiCapture] acquire: hr=0x00000000 AccumFrames=1 PresentTime=9576806859992
[DxgiCapture] acquire: texture OK 000001FC5635BDA0
[DxgiCapture] acquire: hr=0x00000000 AccumFrames=1 PresentTime=9576807027380
[DxgiCapture] acquire: texture OK 000001FC5635BDA0
[DxgiCapture] acquire: hr=0x00000000 AccumFrames=1 PresentTime=9576807277750
[DxgiCapture] acquire: texture OK 000001FC5635BDA0
[DxgiCapture] acquire: hr=0x00000000 AccumFrames=1 PresentTime=9576807489430
[DxgiCapture] acquire: texture OK 000001FC5635BDA0
[DxgiCapture] acquire: hr=0x00000000 AccumFrames=1 PresentTime=9576807833809
[DxgiCapture] acquire: texture OK 000001FC5635BDA0
[DxgiCapture] acquire: hr=0x00000000 AccumFrames=1 PresentTime=9576808049710
[DxgiCapture] acquire: texture OK 000001FC5635BDA0
[DxgiCapture] acquire: hr=0x00000000 AccumFrames=1 PresentTime=9576808221434
[DxgiCapture] acquire: texture OK 000001FC5635BDA0
[DxgiCapture] acquire: hr=0x00000000 AccumFrames=1 PresentTime=9576808429880
[DxgiCapture] acquire: texture OK 000001FC5635BDA0
[DxgiCapture] acquire: hr=0x00000000 AccumFrames=1 PresentTime=9576808612042
[DxgiCapture] acquire: texture OK 000001FC5635BDA0
[DxgiCapture] acquire: hr=0x00000000 AccumFrames=1 PresentTime=9576808879073
[DxgiCapture] acquire: texture OK 000001FC5635BDA0
[DxgiCapture] acquire: hr=0x00000000 AccumFrames=1 PresentTime=9576809052771
[DxgiCapture] acquire: texture OK 000001FC5635BDA0
[DxgiCapture] acquire: hr=0x00000000 AccumFrames=1 PresentTime=9576809290320
[DxgiCapture] acquire: texture OK 000001FC5635BDA0
[DxgiCapture] acquire: hr=0x00000000 AccumFrames=1 PresentTime=9576809493272
[DxgiCapture] acquire: texture OK 000001FC5635BDA0
[DxgiCapture] acquire: hr=0x00000000 AccumFrames=1 PresentTime=9576809695122
[DxgiCapture] acquire: texture OK 000001FC5635BDA0
[DxgiCapture] acquire: hr=0x00000000 AccumFrames=1 PresentTime=9576809869930
[DxgiCapture] acquire: texture OK 000001FC5635BDA0
[DxgiCapture] acquire: hr=0x00000000 AccumFrames=2 PresentTime=9576810094579
[DxgiCapture] acquire: texture OK 000001FC5635BDA0
[DxgiCapture] acquire: hr=0x00000000 AccumFrames=1 PresentTime=9576810279841
[DxgiCapture] acquire: texture OK 000001FC5635BDA0
[DxgiCapture] acquire: hr=0x00000000 AccumFrames=1 PresentTime=9576810500221
[DxgiCapture] acquire: texture OK 000001FC5635BDA0
[DxgiCapture] acquire: hr=0x00000000 AccumFrames=1 PresentTime=9576810681944
[DxgiCapture] acquire: texture OK 000001FC5635BDA0
[DxgiCapture] acquire: hr=0x00000000 AccumFrames=1 PresentTime=9576810888971
[DxgiCapture] acquire: texture OK 000001FC5635BDA0
[DxgiCapture] acquire: hr=0x00000000 AccumFrames=1 PresentTime=9576811082442
[DxgiCapture] acquire: texture OK 000001FC5635BDA0
[DxgiCapture] acquire: hr=0x00000000 AccumFrames=2 PresentTime=9576811444794
[DxgiCapture] acquire: texture OK 000001FC5635BDA0
[DxgiCapture] acquire: hr=0x00000000 AccumFrames=1 PresentTime=9576811660280
[DxgiCapture] acquire: texture OK 000001FC5635BDA0
[DxgiCapture] acquire: hr=0x00000000 AccumFrames=1 PresentTime=9576811826564
[DxgiCapture] acquire: texture OK 000001FC5635BDA0
[DxgiCapture] acquire: hr=0x00000000 AccumFrames=1 PresentTime=9576812064727
[DxgiCapture] acquire: texture OK 000001FC5635BDA0
[DxgiCapture] acquire: hr=0x00000000 AccumFrames=1 PresentTime=9576812265268
[DxgiCapture] acquire: texture OK 000001FC5635BDA0
[DxgiCapture] acquire: hr=0x00000000 AccumFrames=1 PresentTime=9576812476712
[DxgiCapture] acquire: texture OK 000001FC5635BDA0
[DxgiCapture] acquire: hr=0x00000000 AccumFrames=1 PresentTime=9576812659988
[DxgiCapture] acquire: texture OK 000001FC5635BDA0
[DxgiCapture] acquire: hr=0x00000000 AccumFrames=1 PresentTime=9576812893233
[DxgiCapture] acquire: texture OK 000001FC5635BDA0
[DxgiCapture] acquire: hr=0x00000000 AccumFrames=1 PresentTime=9576813073261
[DxgiCapture] acquire: texture OK 000001FC5635BDA0
[DxgiCapture] acquire: hr=0x00000000 AccumFrames=1 PresentTime=9576813308129
[DxgiCapture] acquire: texture OK 000001FC5635BDA0
[DxgiCapture] acquire: hr=0x00000000 AccumFrames=1 PresentTime=9576813542255
[DxgiCapture] acquire: texture OK 000001FC5635BDA0
[DxgiCapture] acquire: hr=0x00000000 AccumFrames=1 PresentTime=9576813732162
[DxgiCapture] acquire: texture OK 000001FC5635BDA0
[DxgiCapture] acquire: hr=0x00000000 AccumFrames=1 PresentTime=9576813971058
[DxgiCapture] acquire: texture OK 000001FC5635BDA0
[DxgiCapture] acquire: hr=0x00000000 AccumFrames=1 PresentTime=9576814163709
[DxgiCapture] acquire: texture OK 000001FC5635BDA0
[DxgiCapture] acquire: hr=0x00000000 AccumFrames=1 PresentTime=9576814335214
[DxgiCapture] acquire: texture OK 000001FC5635BDA0
[DxgiCapture] acquire: hr=0x00000000 AccumFrames=1 PresentTime=9576814552117
[DxgiCapture] acquire: texture OK 000001FC5635BDA0
[DxgiCapture] acquire: hr=0x00000000 AccumFrames=1 PresentTime=9576814723193
[DxgiCapture] acquire: texture OK 000001FC5635BDA0
[DxgiCapture] acquire: hr=0x00000000 AccumFrames=1 PresentTime=9576814969133
[DxgiCapture] acquire: texture OK 000001FC5635BDA0
[DxgiCapture] acquire: hr=0x00000000 AccumFrames=1 PresentTime=9576815163728
[DxgiCapture] acquire: texture OK 000001FC5635BDA0
[DxgiCapture] acquire: hr=0x00000000 AccumFrames=1 PresentTime=9576815491132
[DxgiCapture] acquire: texture OK 000001FC5635BDA0
[DxgiCapture] acquire: hr=0x00000000 AccumFrames=1 PresentTime=9576815718313
[DxgiCapture] acquire: texture OK 000001FC5635BDA0
[DxgiCapture] acquire: hr=0x00000000 AccumFrames=4 PresentTime=9576815981579
[DxgiCapture] acquire: texture OK 000001FC5635BDA0
[DxgiCapture] acquire: hr=0x00000000 AccumFrames=3 PresentTime=9576816187662
[DxgiCapture] acquire: texture OK 000001FC5635BDA0
[DxgiCapture] acquire: hr=0x00000000 AccumFrames=3 PresentTime=9576816406221
[DxgiCapture] acquire: texture OK 000001FC5635BDA0
[DxgiCapture] acquire: hr=0x00000000 AccumFrames=3 PresentTime=9576816675726
[DxgiCapture] acquire: texture OK 000001FC5635BDA0
[DxgiCapture] acquire: hr=0x00000000 AccumFrames=1 PresentTime=9576816869443
[DxgiCapture] acquire: texture OK 000001FC5635BDA0
[DxgiCapture] acquire: hr=0x00000000 AccumFrames=1 PresentTime=9576817090385
[DxgiCapture] acquire: texture OK 000001FC5635BDA0
[DxgiCapture] acquire: hr=0x00000000 AccumFrames=1 PresentTime=9576817302196
[DxgiCapture] acquire: texture OK 000001FC5635BDA0
[DxgiCapture] acquire: hr=0x00000000 AccumFrames=1 PresentTime=9576817505798
[DxgiCapture] acquire: texture OK 000001FC5635BDA0
[DxgiCapture] acquire: hr=0x00000000 AccumFrames=1 PresentTime=9576817676080
[DxgiCapture] acquire: texture OK 000001FC5635BDA0
[DxgiCapture] acquire: hr=0x00000000 AccumFrames=1 PresentTime=9576817873336
[DxgiCapture] acquire: texture OK 000001FC5635BDA0
[DxgiCapture] acquire: hr=0x00000000 AccumFrames=1 PresentTime=9576818079294
[DxgiCapture] acquire: texture OK 000001FC5635BDA0
[DxgiCapture] acquire: hr=0x00000000 AccumFrames=1 PresentTime=9576818302766
[DxgiCapture] acquire: texture OK 000001FC5635BDA0
[DxgiCapture] acquire: hr=0x00000000 AccumFrames=1 PresentTime=9576818555521
[DxgiCapture] acquire: texture OK 000001FC5635BDA0
[DxgiCapture] acquire: hr=0x00000000 AccumFrames=1 PresentTime=9576818875337
[DxgiCapture] acquire: texture OK 000001FC5635BDA0
[DxgiCapture] acquire: hr=0x00000000 AccumFrames=1 PresentTime=9576819096300
[DxgiCapture] acquire: texture OK 000001FC5635BDA0
[DxgiCapture] acquire: hr=0x00000000 AccumFrames=1 PresentTime=9576819323560
[DxgiCapture] acquire: texture OK 000001FC5635BDA0
[DxgiCapture] acquire: hr=0x00000000 AccumFrames=1 PresentTime=9576819501096
[DxgiCapture] acquire: texture OK 000001FC5635BDA0
[DxgiCapture] acquire: hr=0x00000000 AccumFrames=1 PresentTime=9576819709369
[DxgiCapture] acquire: texture OK 000001FC5635BDA0
[DxgiCapture] acquire: hr=0x00000000 AccumFrames=1 PresentTime=9576819811015
[DxgiCapture] acquire: texture OK 000001FC5635BDA0
[DxgiCapture] acquire: hr=0x00000000 AccumFrames=4 PresentTime=9576820156012
[DxgiCapture] acquire: texture OK 000001FC5635BDA0
[DxgiCapture] acquire: hr=0x00000000 AccumFrames=3 PresentTime=9576820359532
[DxgiCapture] acquire: texture OK 000001FC5635BDA0
[DxgiCapture] acquire: hr=0x00000000 AccumFrames=2 PresentTime=9576820531059
[DxgiCapture] acquire: texture OK 000001FC5635BDA0
[DxgiCapture] acquire: hr=0x00000000 AccumFrames=3 PresentTime=9576820720789
[DxgiCapture] acquire: texture OK 000001FC5635BDA0
[DxgiCapture] acquire: hr=0x00000000 AccumFrames=3 PresentTime=9576820944663
[DxgiCapture] acquire: texture OK 000001FC5635BDA0
[DxgiCapture] acquire: hr=0x00000000 AccumFrames=3 PresentTime=9576821128439
[DxgiCapture] acquire: texture OK 000001FC5635BDA0
[DxgiCapture] acquire: hr=0x00000000 AccumFrames=3 PresentTime=9576821336454
[DxgiCapture] acquire: texture OK 000001FC5635BDA0
[DxgiCapture] acquire: hr=0x00000000 AccumFrames=3 PresentTime=9576821546375
[DxgiCapture] acquire: texture OK 000001FC5635BDA0
[DxgiCapture] acquire: hr=0x00000000 AccumFrames=3 PresentTime=9576821751640
[DxgiCapture] acquire: texture OK 000001FC5635BDA0
[DxgiCapture] acquire: hr=0x00000000 AccumFrames=3 PresentTime=9576821959771
[DxgiCapture] acquire: texture OK 000001FC5635BDA0
[DxgiCapture] acquire: hr=0x00000000 AccumFrames=3 PresentTime=9576822164943
[DxgiCapture] acquire: texture OK 000001FC5635BDA0
[DxgiCapture] acquire: hr=0x00000000 AccumFrames=3 PresentTime=9576822377057
[DxgiCapture] acquire: texture OK 000001FC5635BDA0
[DxgiCapture] acquire: hr=0x00000000 AccumFrames=2 PresentTime=9576822587808
[DxgiCapture] acquire: texture OK 000001FC5635BDA0
[DxgiCapture] acquire: hr=0x00000000 AccumFrames=1 PresentTime=9576822858553
[DxgiCapture] acquire: texture OK 000001FC5635BDA0
[DxgiCapture] acquire: hr=0x00000000 AccumFrames=1 PresentTime=9576823114472
[DxgiCapture] acquire: texture OK 000001FC5635BDA0
[DxgiCapture] acquire: hr=0x00000000 AccumFrames=1 PresentTime=9576823310406
[DxgiCapture] acquire: texture OK 000001FC5635BDA0
[DxgiCapture] acquire: hr=0x00000000 AccumFrames=2 PresentTime=9576823583830
[DxgiCapture] acquire: texture OK 000001FC5635BDA0
[DxgiCapture] acquire: hr=0x00000000 AccumFrames=3 PresentTime=9576823777903
[DxgiCapture] acquire: texture OK 000001FC5635BDA0
[DxgiCapture] acquire: hr=0x00000000 AccumFrames=2 PresentTime=9576823919213
[DxgiCapture] acquire: texture OK 000001FC5635BDA0
[DxgiCapture] acquire: hr=0x00000000 AccumFrames=4 PresentTime=9576824189594
[DxgiCapture] acquire: texture OK 000001FC5635BDA0
[DxgiCapture] acquire: hr=0x00000000 AccumFrames=2 PresentTime=9576824341050
[DxgiCapture] acquire: texture OK 000001FC5635BDA0
[DxgiCapture] acquire: hr=0x00000000 AccumFrames=3 PresentTime=9576824604948
[DxgiCapture] acquire: texture OK 000001FC5635BDA0
[DxgiCapture] acquire: hr=0x00000000 AccumFrames=1 PresentTime=9576824806597
[DxgiCapture] acquire: texture OK 000001FC5635BDA0
[DxgiCapture] acquire: hr=0x00000000 AccumFrames=1 PresentTime=9576825012400
[DxgiCapture] acquire: texture OK 000001FC5635BDA0
[DxgiCapture] acquire: hr=0x00000000 AccumFrames=1 PresentTime=9576825221502
[DxgiCapture] acquire: texture OK 000001FC5635BDA0
[DxgiCapture] acquire: hr=0x00000000 AccumFrames=1 PresentTime=9576825417551
[DxgiCapture] acquire: texture OK 000001FC5635BDA0
[DxgiCapture] acquire: hr=0x00000000 AccumFrames=2 PresentTime=9576825637923
[DxgiCapture] acquire: texture OK 000001FC5635BDA0
[DxgiCapture] acquire: hr=0x00000000 AccumFrames=1 PresentTime=9576825816431
[DxgiCapture] acquire: texture OK 000001FC5635BDA0
[DxgiCapture] acquire: hr=0x00000000 AccumFrames=2 PresentTime=9576825998012
[DxgiCapture] acquire: texture OK 000001FC5635BDA0
[DxgiCapture] acquire: hr=0x00000000 AccumFrames=3 PresentTime=9576826209862
[DxgiCapture] acquire: texture OK 000001FC5635BDA0
[DxgiCapture] acquire: hr=0x00000000 AccumFrames=2 PresentTime=9576826349425
[DxgiCapture] acquire: texture OK 000001FC5635BDA0
[DxgiCapture] acquire: hr=0x00000000 AccumFrames=5 PresentTime=9576826685540
[DxgiCapture] acquire: texture OK 000001FC5635BDA0
[DxgiCapture] acquire: hr=0x00000000 AccumFrames=3 PresentTime=9576826907011
[DxgiCapture] acquire: texture OK 000001FC5635BDA0
[DxgiCapture] acquire: hr=0x00000000 AccumFrames=4 PresentTime=9576827176822
[DxgiCapture] acquire: texture OK 000001FC5635BDA0
[DxgiCapture] acquire: hr=0x00000000 AccumFrames=3 PresentTime=9576827381410
[DxgiCapture] acquire: texture OK 000001FC5635BDA0
[DxgiCapture] acquire: hr=0x00000000 AccumFrames=3 PresentTime=9576827592517
[DxgiCapture] acquire: texture OK 000001FC5635BDA0
[DxgiCapture] acquire: hr=0x00000000 AccumFrames=2 PresentTime=9576827808300
[DxgiCapture] acquire: texture OK 000001FC5635BDA0
[DxgiCapture] acquire: hr=0x00000000 AccumFrames=1 PresentTime=9576828003959
[DxgiCapture] acquire: texture OK 000001FC5635BDA0
[DxgiCapture] acquire: hr=0x00000000 AccumFrames=2 PresentTime=9576828211888
[DxgiCapture] acquire: texture OK 000001FC5635BDA0
[DxgiCapture] acquire: hr=0x00000000 AccumFrames=1 PresentTime=9576828419480
[DxgiCapture] acquire: texture OK 000001FC5635BDA0
[DxgiCapture] acquire: hr=0x00000000 AccumFrames=1 PresentTime=9576828623065
[DxgiCapture] acquire: texture OK 000001FC5635BDA0
[DxgiCapture] acquire: hr=0x00000000 AccumFrames=1 PresentTime=9576828805618
[DxgiCapture] acquire: texture OK 000001FC5635BDA0
[DxgiCapture] acquire: hr=0x00000000 AccumFrames=2 PresentTime=9576828982866
[DxgiCapture] acquire: texture OK 000001FC5635BDA0
[DxgiCapture] acquire: hr=0x00000000 AccumFrames=1 PresentTime=9576829211039
[DxgiCapture] acquire: texture OK 000001FC5635BDA0
[DxgiCapture] acquire: hr=0x00000000 AccumFrames=1 PresentTime=9576829423781
[DxgiCapture] acquire: texture OK 000001FC5635BDA0
[DxgiCapture] acquire: hr=0x00000000 AccumFrames=1 PresentTime=9576829633346
[DxgiCapture] acquire: texture OK 000001FC5635BDA0
[DxgiCapture] acquire: hr=0x00000000 AccumFrames=2 PresentTime=9576829919595
[DxgiCapture] acquire: texture OK 000001FC5635BDA0
[DxgiCapture] acquire: hr=0x00000000 AccumFrames=5 PresentTime=9576830252887
[DxgiCapture] acquire: texture OK 000001FC5635BDA0
[DxgiCapture] acquire: hr=0x00000000 AccumFrames=3 PresentTime=9576830443790
[DxgiCapture] acquire: texture OK 000001FC5635BDA0
[DxgiCapture] acquire: hr=0x00000000 AccumFrames=3 PresentTime=9576830656405
[DxgiCapture] acquire: texture OK 000001FC5635BDA0
[DxgiCapture] acquire: hr=0x00000000 AccumFrames=3 PresentTime=9576830863426
[DxgiCapture] acquire: texture OK 000001FC5635BDA0
[DxgiCapture] acquire: hr=0x00000000 AccumFrames=3 PresentTime=9576831070166
[DxgiCapture] acquire: texture OK 000001FC5635BDA0
[DxgiCapture] acquire: hr=0x00000000 AccumFrames=2 PresentTime=9576831223259
[DxgiCapture] acquire: texture OK 000001FC5635BDA0
[DxgiCapture] acquire: hr=0x00000000 AccumFrames=2 PresentTime=9576831341381
[DxgiCapture] acquire: texture OK 000001FC5635BDA0
[DxgiCapture] acquire: hr=0x00000000 AccumFrames=2 PresentTime=9576831704928
[DxgiCapture] acquire: texture OK 000001FC5635BDA0
[DxgiCapture] acquire: hr=0x00000000 AccumFrames=1 PresentTime=9576831917906
[DxgiCapture] acquire: texture OK 000001FC5635BDA0
[DxgiCapture] acquire: hr=0x00000000 AccumFrames=1 PresentTime=9576832115146
[DxgiCapture] acquire: texture OK 000001FC5635BDA0
[DxgiCapture] acquire: hr=0x00000000 AccumFrames=1 PresentTime=9576832329289
[DxgiCapture] acquire: texture OK 000001FC5635BDA0
[DxgiCapture] acquire: hr=0x00000000 AccumFrames=1 PresentTime=9576832548543
[DxgiCapture] acquire: texture OK 000001FC5635BDA0
[DxgiCapture] acquire: hr=0x00000000 AccumFrames=1 PresentTime=9576832742105
[DxgiCapture] acquire: texture OK 000001FC5635BDA0
[DxgiCapture] acquire: hr=0x00000000 AccumFrames=1 PresentTime=9576832921613
[DxgiCapture] acquire: texture OK 000001FC5635BDA0
[DxgiCapture] acquire: hr=0x00000000 AccumFrames=2 PresentTime=9576833093023
[DxgiCapture] acquire: texture OK 000001FC5635BDA0
[DxgiCapture] acquire: hr=0x00000000 AccumFrames=1 PresentTime=9576833302373
[DxgiCapture] acquire: texture OK 000001FC5635BDA0
[DxgiCapture] acquire: hr=0x00000000 AccumFrames=1 PresentTime=9576833519517
[DxgiCapture] acquire: texture OK 000001FC5635BDA0
[DxgiCapture] acquire: hr=0x00000000 AccumFrames=2 PresentTime=9576833724510
[DxgiCapture] acquire: texture OK 000001FC5635BDA0
[DxgiCapture] acquire: hr=0x00000000 AccumFrames=2 PresentTime=9576833997700
[DxgiCapture] acquire: texture OK 000001FC5635BDA0
[DxgiCapture] acquire: hr=0x00000000 AccumFrames=1 PresentTime=9576834284755
[DxgiCapture] acquire: texture OK 000001FC5635BDA0
[DxgiCapture] acquire: hr=0x00000000 AccumFrames=1 PresentTime=9576834463559
[DxgiCapture] acquire: texture OK 000001FC5635BDA0
[DxgiCapture] acquire: hr=0x00000000 AccumFrames=1 PresentTime=9576834657217
[DxgiCapture] acquire: texture OK 000001FC5635BDA0
[DxgiCapture] acquire: hr=0x00000000 AccumFrames=2 PresentTime=9576834901923
[DxgiCapture] acquire: texture OK 000001FC5635BDA0
[DxgiCapture] acquire: hr=0x00000000 AccumFrames=1 PresentTime=9576835128119
[DxgiCapture] acquire: texture OK 000001FC5635BDA0
[DxgiCapture] acquire: hr=0x00000000 AccumFrames=2 PresentTime=9576835316791
[DxgiCapture] acquire: texture OK 000001FC5635BDA0
[DxgiCapture] acquire: hr=0x00000000 AccumFrames=1 PresentTime=9576835541133
[DxgiCapture] acquire: texture OK 000001FC5635BDA0
[DxgiCapture] acquire: hr=0x00000000 AccumFrames=1 PresentTime=9576835818103
[DxgiCapture] acquire: texture OK 000001FC5635BDA0
[DxgiCapture] acquire: hr=0x00000000 AccumFrames=1 PresentTime=9576836101987
[DxgiCapture] acquire: texture OK 000001FC5635BDA0
[DxgiCapture] acquire: hr=0x00000000 AccumFrames=1 PresentTime=9576836286149
[DxgiCapture] acquire: texture OK 000001FC5635BDA0
[DxgiCapture] acquire: hr=0x00000000 AccumFrames=1 PresentTime=9576836513238
[DxgiCapture] acquire: texture OK 000001FC5635BDA0
[DxgiCapture] acquire: hr=0x00000000 AccumFrames=2 PresentTime=9576836703006
[DxgiCapture] acquire: texture OK 000001FC5635BDA0
[DxgiCapture] acquire: hr=0x00000000 AccumFrames=1 PresentTime=9576836913866
[DxgiCapture] acquire: texture OK 000001FC5635BDA0
[DxgiCapture] acquire: hr=0x00000000 AccumFrames=1 PresentTime=9576837143119
[DxgiCapture] acquire: texture OK 000001FC5635BDA0
[DxgiCapture] acquire: hr=0x00000000 AccumFrames=1 PresentTime=9576837512295
[DxgiCapture] acquire: texture OK 000001FC5635BDA0
[DxgiCapture] acquire: hr=0x00000000 AccumFrames=1 PresentTime=9576837724354
[DxgiCapture] acquire: texture OK 000001FC5635BDA0
[DxgiCapture] acquire: hr=0x00000000 AccumFrames=1 PresentTime=9576837912020
[DxgiCapture] acquire: texture OK 000001FC5635BDA0
[DxgiCapture] acquire: hr=0x00000000 AccumFrames=2 PresentTime=9576838101685
[DxgiCapture] acquire: texture OK 000001FC5635BDA0
[DxgiCapture] acquire: hr=0x00000000 AccumFrames=2 PresentTime=9576838297190
[DxgiCapture] acquire: texture OK 000001FC5635BDA0
[DxgiCapture] acquire: hr=0x00000000 AccumFrames=1 PresentTime=9576838530460
[DxgiCapture] acquire: texture OK 000001FC5635BDA0
[DxgiCapture] acquire: hr=0x00000000 AccumFrames=2 PresentTime=9576838717593
[DxgiCapture] acquire: texture OK 000001FC5635BDA0
[DxgiCapture] acquire: hr=0x00000000 AccumFrames=1 PresentTime=9576838929012
[DxgiCapture] acquire: texture OK 000001FC5635BDA0
[DxgiCapture] acquire: hr=0x00000000 AccumFrames=1 PresentTime=9576839115999
[DxgiCapture] acquire: texture OK 000001FC5635BDA0
[DxgiCapture] acquire: hr=0x00000000 AccumFrames=1 PresentTime=9576839339657
[DxgiCapture] acquire: texture OK 000001FC5635BDA0
[DxgiCapture] acquire: hr=0x00000000 AccumFrames=2 PresentTime=9576839511035
[DxgiCapture] acquire: texture OK 000001FC5635BDA0
[DxgiCapture] acquire: hr=0x00000000 AccumFrames=1 PresentTime=9576839744498
[DxgiCapture] acquire: texture OK 000001FC5635BDA0
[DxgiCapture] acquire: hr=0x00000000 AccumFrames=1 PresentTime=9576839907747
[DxgiCapture] acquire: texture OK 000001FC5635BDA0
[DxgiCapture] acquire: hr=0x00000000 AccumFrames=2 PresentTime=9576840141866
[DxgiCapture] acquire: texture OK 000001FC5635BDA0
[DxgiCapture] acquire: hr=0x00000000 AccumFrames=2 PresentTime=9576840370174
[DxgiCapture] acquire: texture OK 000001FC5635BDA0
[DxgiCapture] acquire: hr=0x00000000 AccumFrames=4 PresentTime=9576840621860
[DxgiCapture] acquire: texture OK 000001FC5635BDA0
[DxgiCapture] acquire: hr=0x00000000 AccumFrames=5 PresentTime=9576840957725
[DxgiCapture] acquire: texture OK 000001FC5635BDA0
[DxgiCapture] acquire: hr=0x00000000 AccumFrames=3 PresentTime=9576841188446
[DxgiCapture] acquire: texture OK 000001FC5635BDA0
[DxgiCapture] acquire: hr=0x00000000 AccumFrames=3 PresentTime=9576841388814
[DxgiCapture] acquire: texture OK 000001FC5635BDA0
[DxgiCapture] acquire: hr=0x00000000 AccumFrames=3 PresentTime=9576841612137
[DxgiCapture] acquire: texture OK 000001FC5635BDA0
[DxgiCapture] acquire: hr=0x00000000 AccumFrames=3 PresentTime=9576841815523
[DxgiCapture] acquire: texture OK 000001FC5635BDA0
[DxgiCapture] acquire: hr=0x00000000 AccumFrames=3 PresentTime=9576841992335
[DxgiCapture] acquire: texture OK 000001FC5635BDA0
[DxgiCapture] acquire: hr=0x00000000 AccumFrames=2 PresentTime=9576842211059
[DxgiCapture] acquire: texture OK 000001FC5635BDA0
[DxgiCapture] acquire: hr=0x00000000 AccumFrames=3 PresentTime=9576842420778
[DxgiCapture] acquire: texture OK 000001FC5635BDA0
[DxgiCapture] acquire: hr=0x00000000 AccumFrames=3 PresentTime=9576842614804
[DxgiCapture] acquire: texture OK 000001FC5635BDA0
[DxgiCapture] acquire: hr=0x00000000 AccumFrames=3 PresentTime=9576842828237
[DxgiCapture] acquire: texture OK 000001FC5635BDA0
[DxgiCapture] acquire: hr=0x00000000 AccumFrames=3 PresentTime=9576843040844
[DxgiCapture] acquire: texture OK 000001FC5635BDA0
[DxgiCapture] acquire: hr=0x00000000 AccumFrames=3 PresentTime=9576843268210
[DxgiCapture] acquire: texture OK 000001FC5635BDA0
[DxgiCapture] acquire: hr=0x00000000 AccumFrames=1 PresentTime=9576843453917
[DxgiCapture] acquire: texture OK 000001FC5635BDA0
[DxgiCapture] acquire: hr=0x00000000 AccumFrames=1 PresentTime=9576843668670
[DxgiCapture] acquire: texture OK 000001FC5635BDA0
[DxgiCapture] acquire: hr=0x00000000 AccumFrames=2 PresentTime=9576843938616
[DxgiCapture] acquire: texture OK 000001FC5635BDA0
[DxgiCapture] acquire: hr=0x00000000 AccumFrames=1 PresentTime=9576844176279
[DxgiCapture] acquire: texture OK 000001FC5635BDA0
[DxgiCapture] acquire: hr=0x00000000 AccumFrames=1 PresentTime=9576844386728
[DxgiCapture] acquire: texture OK 000001FC5635BDA0
[DxgiCapture] acquire: hr=0x00000000 AccumFrames=2 PresentTime=9576844722900
[DxgiCapture] acquire: texture OK 000001FC5635BDA0
[DxgiCapture] acquire: hr=0x00000000 AccumFrames=1 PresentTime=9576844930608
[DxgiCapture] acquire: texture OK 000001FC5635BDA0
[DxgiCapture] acquire: hr=0x00000000 AccumFrames=2 PresentTime=9576845121188
[DxgiCapture] acquire: texture OK 000001FC5635BDA0
[DxgiCapture] acquire: hr=0x00000000 AccumFrames=1 PresentTime=9576845306160
[DxgiCapture] acquire: texture OK 000001FC5635BDA0
[DxgiCapture] acquire: hr=0x00000000 AccumFrames=1 PresentTime=9576845608677
[DxgiCapture] acquire: texture OK 000001FC5635BDA0
[DxgiCapture] acquire: hr=0x00000000 AccumFrames=1 PresentTime=9576845777494
[DxgiCapture] acquire: texture OK 000001FC5635BDA0
[DxgiCapture] acquire: hr=0x00000000 AccumFrames=1 PresentTime=9576846019436
[DxgiCapture] acquire: texture OK 000001FC5635BDA0
[DxgiCapture] acquire: hr=0x00000000 AccumFrames=2 PresentTime=9576846222903
[DxgiCapture] acquire: texture OK 000001FC5635BDA0
[DxgiCapture] acquire: hr=0x00000000 AccumFrames=2 PresentTime=9576846372227
[DxgiCapture] acquire: texture OK 000001FC5635BDA0
[DxgiCapture] acquire: hr=0x00000000 AccumFrames=3 PresentTime=9576846579956
[DxgiCapture] acquire: texture OK 000001FC5635BDA0
[DxgiCapture] acquire: hr=0x00000000 AccumFrames=3 PresentTime=9576846806656
[DxgiCapture] acquire: texture OK 000001FC5635BDA0
[DxgiCapture] acquire: hr=0x00000000 AccumFrames=3 PresentTime=9576846995964
[DxgiCapture] acquire: texture OK 000001FC5635BDA0
[DxgiCapture] acquire: hr=0x00000000 AccumFrames=3 PresentTime=9576847205940
[DxgiCapture] acquire: texture OK 000001FC5635BDA0
[DxgiCapture] acquire: hr=0x00000000 AccumFrames=3 PresentTime=9576847414690
[DxgiCapture] acquire: texture OK 000001FC5635BDA0
[DxgiCapture] acquire: hr=0x00000000 AccumFrames=3 PresentTime=9576847624871
[DxgiCapture] acquire: texture OK 000001FC5635BDA0
[DxgiCapture] acquire: hr=0x00000000 AccumFrames=3 PresentTime=9576847825942
[DxgiCapture] acquire: texture OK 000001FC5635BDA0
[DxgiCapture] acquire: hr=0x00000000 AccumFrames=1 PresentTime=9576847916564
[DxgiCapture] acquire: texture OK 000001FC5635BDA0
[DxgiCapture] acquire: hr=0x00000000 AccumFrames=2 PresentTime=9576848245907
[DxgiCapture] acquire: texture OK 000001FC5635BDA0
[DxgiCapture] acquire: hr=0x00000000 AccumFrames=1 PresentTime=9576848448721
[DxgiCapture] acquire: texture OK 000001FC5635BDA0
[DxgiCapture] acquire: hr=0x00000000 AccumFrames=0 PresentTime=0
[DxgiCapture] acquire: hr=0x00000000 AccumFrames=1 PresentTime=9576848797352
[DxgiCapture] acquire: texture OK 000001FC5635BDA0
[DxgiCapture] acquire: hr=0x00000000 AccumFrames=2 PresentTime=9576849156892
[DxgiCapture] acquire: texture OK 000001FC5635BDA0
[DxgiCapture] acquire: hr=0x00000000 AccumFrames=3 PresentTime=9576849375231
[DxgiCapture] acquire: texture OK 000001FC5635BDA0
[DxgiCapture] acquire: hr=0x00000000 AccumFrames=2 PresentTime=9576849535647
[DxgiCapture] acquire: texture OK 000001FC5635BDA0
[DxgiCapture] acquire: hr=0x00000000 AccumFrames=3 PresentTime=9576849716285
[DxgiCapture] acquire: texture OK 000001FC5635BDA0
[DxgiCapture] acquire: hr=0x00000000 AccumFrames=4 PresentTime=9576849985223
[DxgiCapture] acquire: texture OK 000001FC5635BDA0
[DxgiCapture] acquire: hr=0x00000000 AccumFrames=3 PresentTime=9576850193639
[DxgiCapture] acquire: texture OK 000001FC5635BDA0
[DxgiCapture] acquire: hr=0x00000000 AccumFrames=3 PresentTime=9576850403735
[DxgiCapture] acquire: texture OK 000001FC5635BDA0
[DxgiCapture] acquire: hr=0x00000000 AccumFrames=2 PresentTime=9576850547284
[DxgiCapture] acquire: texture OK 000001FC5635BDA0
[DxgiCapture] acquire: hr=0x00000000 AccumFrames=4 PresentTime=9576850825372
[DxgiCapture] acquire: texture OK 000001FC5635BDA0
[DxgiCapture] acquire: hr=0x00000000 AccumFrames=3 PresentTime=9576851028255
[DxgiCapture] acquire: texture OK 000001FC5635BDA0
[DxgiCapture] acquire: hr=0x00000000 AccumFrames=1 PresentTime=9576851179971
[DxgiCapture] acquire: texture OK 000001FC5635BDA0
[DxgiCapture] acquire: hr=0x00000000 AccumFrames=2 PresentTime=9576851490004
[DxgiCapture] acquire: texture OK 000001FC5635BDA0
[DxgiCapture] acquire: hr=0x00000000 AccumFrames=1 PresentTime=9576851725828
[DxgiCapture] acquire: texture OK 000001FC5635BDA0
[DxgiCapture] acquire: hr=0x00000000 AccumFrames=1 PresentTime=9576851896621
[DxgiCapture] acquire: texture OK 000001FC5635BDA0
[DxgiCapture] acquire: hr=0x00000000 AccumFrames=1 PresentTime=9576852208354
[DxgiCapture] acquire: texture OK 000001FC5635BDA0
[DxgiCapture] acquire: hr=0x00000000 AccumFrames=1 PresentTime=9576852456816
[DxgiCapture] acquire: texture OK 000001FC5635BDA0
[DxgiCapture] acquire: hr=0x00000000 AccumFrames=1 PresentTime=9576852627674
[DxgiCapture] acquire: texture OK 000001FC5635BDA0
[DxgiCapture] acquire: hr=0x00000000 AccumFrames=1 PresentTime=9576852830175
[DxgiCapture] acquire: texture OK 000001FC5635BDA0
[DxgiCapture] acquire: hr=0x00000000 AccumFrames=1 PresentTime=9576853041409
[DxgiCapture] acquire: texture OK 000001FC5635BDA0
[DxgiCapture] acquire: hr=0x00000000 AccumFrames=1 PresentTime=9576853257823
[DxgiCapture] acquire: texture OK 000001FC5635BDA0
[DxgiCapture] acquire: hr=0x00000000 AccumFrames=1 PresentTime=9576853534249
[DxgiCapture] acquire: texture OK 000001FC5635BDA0
[DxgiCapture] acquire: hr=0x00000000 AccumFrames=1 PresentTime=9576853746153
[DxgiCapture] acquire: texture OK 000001FC5635BDA0
[DxgiCapture] acquire: hr=0x00000000 AccumFrames=1 PresentTime=9576853952792
[DxgiCapture] acquire: texture OK 000001FC5635BDA0
[DxgiCapture] acquire: hr=0x00000000 AccumFrames=1 PresentTime=9576854122995
[DxgiCapture] acquire: texture OK 000001FC5635BDA0
[DxgiCapture] acquire: hr=0x00000000 AccumFrames=1 PresentTime=9576854331789
[DxgiCapture] acquire: texture OK 000001FC5635BDA0
[DxgiCapture] acquire: hr=0x00000000 AccumFrames=1 PresentTime=9576854525567
[DxgiCapture] acquire: texture OK 000001FC5635BDA0
[DxgiCapture] acquire: hr=0x00000000 AccumFrames=1 PresentTime=9576854784364
[DxgiCapture] acquire: texture OK 000001FC5635BDA0
[DxgiCapture] acquire: hr=0x00000000 AccumFrames=1 PresentTime=9576854959450
[DxgiCapture] acquire: texture OK 000001FC5635BDA0
[DxgiCapture] acquire: hr=0x00000000 AccumFrames=1 PresentTime=9576855187338
[DxgiCapture] acquire: texture OK 000001FC5635BDA0
[DxgiCapture] acquire: hr=0x00000000 AccumFrames=1 PresentTime=9576855402628
[DxgiCapture] acquire: texture OK 000001FC5635BDA0
[DxgiCapture] acquire: hr=0x00000000 AccumFrames=1 PresentTime=9576855607992
[DxgiCapture] acquire: texture OK 000001FC5635BDA0
[DxgiCapture] acquire: hr=0x00000000 AccumFrames=1 PresentTime=9576855792731
[DxgiCapture] acquire: texture OK 000001FC5635BDA0
[DxgiCapture] acquire: hr=0x00000000 AccumFrames=1 PresentTime=9576856110982
[DxgiCapture] acquire: texture OK 000001FC5635BDA0
[DxgiCapture] acquire: hr=0x00000000 AccumFrames=1 PresentTime=9576856304930
[DxgiCapture] acquire: texture OK 000001FC5635BDA0
[DxgiCapture] acquire: hr=0x00000000 AccumFrames=1 PresentTime=9576856523100
[DxgiCapture] acquire: texture OK 000001FC5635BDA0
[DxgiCapture] acquire: hr=0x00000000 AccumFrames=1 PresentTime=9576856741936
[DxgiCapture] acquire: texture OK 000001FC5635BDA0
[DxgiCapture] acquire: hr=0x00000000 AccumFrames=1 PresentTime=9576856923585
[DxgiCapture] acquire: texture OK 000001FC5635BDA0
[DxgiCapture] acquire: hr=0x00000000 AccumFrames=1 PresentTime=9576857145069
[DxgiCapture] acquire: texture OK 000001FC5635BDA0
[DxgiCapture] acquire: hr=0x00000000 AccumFrames=1 PresentTime=9576857347777
[DxgiCapture] acquire: texture OK 000001FC5635BDA0
[DxgiCapture] acquire: hr=0x00000000 AccumFrames=1 PresentTime=9576857534275
[DxgiCapture] acquire: texture OK 000001FC5635BDA0
[DxgiCapture] acquire: hr=0x00000000 AccumFrames=1 PresentTime=9576857794236
[DxgiCapture] acquire: texture OK 000001FC5635BDA0
[DxgiCapture] acquire: hr=0x00000000 AccumFrames=1 PresentTime=9576858057570
[DxgiCapture] acquire: texture OK 000001FC5635BDA0
[DxgiCapture] acquire: hr=0x00000000 AccumFrames=1 PresentTime=9576858245483
[DxgiCapture] acquire: texture OK 000001FC5635BDA0
[DxgiCapture] acquire: hr=0x00000000 AccumFrames=1 PresentTime=9576858456295
[DxgiCapture] acquire: texture OK 000001FC5635BDA0
[DxgiCapture] acquire: hr=0x00000000 AccumFrames=1 PresentTime=9576858661358
[DxgiCapture] acquire: texture OK 000001FC5635BDA0
[DxgiCapture] acquire: hr=0x00000000 AccumFrames=1 PresentTime=9576858833184
[DxgiCapture] acquire: texture OK 000001FC5635BDA0
[DxgiCapture] acquire: hr=0x00000000 AccumFrames=1 PresentTime=9576859037665
[DxgiCapture] acquire: texture OK 000001FC5635BDA0
[DxgiCapture] acquire: hr=0x00000000 AccumFrames=1 PresentTime=9576859238502
[DxgiCapture] acquire: texture OK 000001FC5635BDA0
[DxgiCapture] acquire: hr=0x00000000 AccumFrames=1 PresentTime=9576859437897
[DxgiCapture] acquire: texture OK 000001FC5635BDA0
[DxgiCapture] acquire: hr=0x00000000 AccumFrames=1 PresentTime=9576859655823
[DxgiCapture] acquire: texture OK 000001FC5635BDA0
[DxgiCapture] acquire: hr=0x00000000 AccumFrames=1 PresentTime=9576859971615
[DxgiCapture] acquire: texture OK 000001FC5635BDA0
[DxgiCapture] acquire: hr=0x00000000 AccumFrames=1 PresentTime=9576860205853
[DxgiCapture] acquire: texture OK 000001FC5635BDA0
[DxgiCapture] acquire: hr=0x00000000 AccumFrames=1 PresentTime=9576860456743
[DxgiCapture] acquire: texture OK 000001FC5635BDA0
[DxgiCapture] acquire: hr=0x00000000 AccumFrames=1 PresentTime=9576860657320
[DxgiCapture] acquire: texture OK 000001FC5635BDA0
[DxgiCapture] acquire: hr=0x00000000 AccumFrames=1 PresentTime=9576860845604
[DxgiCapture] acquire: texture OK 000001FC5635BDA0
[DxgiCapture] acquire: hr=0x00000000 AccumFrames=1 PresentTime=9576861027679
[DxgiCapture] acquire: texture OK 000001FC5635BDA0
[DxgiCapture] acquire: hr=0x00000000 AccumFrames=1 PresentTime=9576861268965
[DxgiCapture] acquire: texture OK 000001FC5635BDA0
[DxgiCapture] acquire: hr=0x00000000 AccumFrames=1 PresentTime=9576861437779
[DxgiCapture] acquire: texture OK 000001FC5635BDA0
[DxgiCapture] acquire: hr=0x00000000 AccumFrames=1 PresentTime=9576861681410
[DxgiCapture] acquire: texture OK 000001FC5635BDA0
[DxgiCapture] acquire: hr=0x00000000 AccumFrames=1 PresentTime=9576861875097
[DxgiCapture] acquire: texture OK 000001FC5635BDA0
[DxgiCapture] acquire: hr=0x00000000 AccumFrames=1 PresentTime=9576862067880
[DxgiCapture] acquire: texture OK 000001FC5635BDA0
[DxgiCapture] acquire: hr=0x00000000 AccumFrames=1 PresentTime=9576862292829
[DxgiCapture] acquire: texture OK 000001FC5635BDA0
[DxgiCapture] acquire: hr=0x00000000 AccumFrames=1 PresentTime=9576862459236
[DxgiCapture] acquire: texture OK 000001FC5635BDA0
[DxgiCapture] acquire: hr=0x00000000 AccumFrames=1 PresentTime=9576862663835
[DxgiCapture] acquire: texture OK 000001FC5635BDA0
[DxgiCapture] acquire: hr=0x00000000 AccumFrames=1 PresentTime=9576862917128
[DxgiCapture] acquire: texture OK 000001FC5635BDA0
[DxgiCapture] acquire: hr=0x00000000 AccumFrames=1 PresentTime=9576863131915
[DxgiCapture] acquire: texture OK 000001FC5635BDA0
[DxgiCapture] acquire: hr=0x00000000 AccumFrames=1 PresentTime=9576863312251
[DxgiCapture] acquire: texture OK 000001FC5635BDA0
[DxgiCapture] acquire: hr=0x00000000 AccumFrames=1 PresentTime=9576863513152
[DxgiCapture] acquire: texture OK 000001FC5635BDA0
[DxgiCapture] acquire: hr=0x00000000 AccumFrames=1 PresentTime=9576863871014
[DxgiCapture] acquire: texture OK 000001FC5635BDA0
[DxgiCapture] acquire: hr=0x00000000 AccumFrames=1 PresentTime=9576864093872
[DxgiCapture] acquire: texture OK 000001FC5635BDA0
[DxgiCapture] acquire: hr=0x00000000 AccumFrames=1 PresentTime=9576864292166
[DxgiCapture] acquire: texture OK 000001FC5635BDA0
[DxgiCapture] acquire: hr=0x00000000 AccumFrames=1 PresentTime=9576864509786
[DxgiCapture] acquire: texture OK 000001FC5635BDA0
[DxgiCapture] acquire: hr=0x00000000 AccumFrames=1 PresentTime=9576864809404
[DxgiCapture] acquire: texture OK 000001FC5635BDA0
[DxgiCapture] acquire: hr=0x00000000 AccumFrames=1 PresentTime=9576865038173
[DxgiCapture] acquire: texture OK 000001FC5635BDA0
[DxgiCapture] acquire: hr=0x00000000 AccumFrames=1 PresentTime=9576865211135
[DxgiCapture] acquire: texture OK 000001FC5635BDA0
[DxgiCapture] acquire: hr=0x00000000 AccumFrames=1 PresentTime=9576865416552
[DxgiCapture] acquire: texture OK 000001FC5635BDA0
[DxgiCapture] acquire: hr=0x00000000 AccumFrames=1 PresentTime=9576865600239
[DxgiCapture] acquire: texture OK 000001FC5635BDA0
[DxgiCapture] acquire: hr=0x00000000 AccumFrames=1 PresentTime=9576865790548
[DxgiCapture] acquire: texture OK 000001FC5635BDA0
[DxgiCapture] acquire: hr=0x00000000 AccumFrames=1 PresentTime=9576866032577
[DxgiCapture] acquire: texture OK 000001FC5635BDA0
[DxgiCapture] acquire: hr=0x00000000 AccumFrames=1 PresentTime=9576866204597
[DxgiCapture] acquire: texture OK 000001FC5635BDA0
[DxgiCapture] acquire: hr=0x00000000 AccumFrames=1 PresentTime=9576866427032
[DxgiCapture] acquire: texture OK 000001FC5635BDA0
[DxgiCapture] acquire: hr=0x00000000 AccumFrames=1 PresentTime=9576866628216
[DxgiCapture] acquire: texture OK 000001FC5635BDA0
[DxgiCapture] acquire: hr=0x00000000 AccumFrames=1 PresentTime=9576866833475
[DxgiCapture] acquire: texture OK 000001FC5635BDA0
[DxgiCapture] acquire: hr=0x00000000 AccumFrames=1 PresentTime=9576867036912
[DxgiCapture] acquire: texture OK 000001FC5635BDA0
[DxgiCapture] acquire: hr=0x00000000 AccumFrames=1 PresentTime=9576867377432
[DxgiCapture] acquire: texture OK 000001FC5635BDA0
[DxgiCapture] acquire: hr=0x00000000 AccumFrames=1 PresentTime=9576867606873
[DxgiCapture] acquire: texture OK 000001FC5635BDA0
[DxgiCapture] acquire: hr=0x00000000 AccumFrames=1 PresentTime=9576867871459
[DxgiCapture] acquire: texture OK 000001FC5635BDA0
[DxgiCapture] acquire: hr=0x00000000 AccumFrames=1 PresentTime=9576868057266
[DxgiCapture] acquire: texture OK 000001FC5635BDA0
[DxgiCapture] acquire: hr=0x00000000 AccumFrames=1 PresentTime=9576868226775
[DxgiCapture] acquire: texture OK 000001FC5635BDA0
[DxgiCapture] acquire: hr=0x00000000 AccumFrames=1 PresentTime=9576868457306
[DxgiCapture] acquire: texture OK 000001FC5635BDA0
[DxgiCapture] acquire: hr=0x00000000 AccumFrames=1 PresentTime=9576868687234
[DxgiCapture] acquire: texture OK 000001FC5635BDA0
[DxgiCapture] acquire: hr=0x00000000 AccumFrames=1 PresentTime=9576868856098
[DxgiCapture] acquire: texture OK 000001FC5635BDA0
[DxgiCapture] acquire: hr=0x00000000 AccumFrames=1 PresentTime=9576869083352
[DxgiCapture] acquire: texture OK 000001FC5635BDA0
[DxgiCapture] acquire: hr=0x00000000 AccumFrames=1 PresentTime=9576869316875
[DxgiCapture] acquire: texture OK 000001FC5635BDA0
[DxgiCapture] acquire: hr=0x00000000 AccumFrames=1 PresentTime=9576869499739
[DxgiCapture] acquire: texture OK 000001FC5635BDA0
[DxgiCapture] acquire: hr=0x00000000 AccumFrames=1 PresentTime=9576869710306
[DxgiCapture] acquire: texture OK 000001FC5635BDA0
[DxgiCapture] acquire: hr=0x00000000 AccumFrames=1 PresentTime=9576869918696
[DxgiCapture] acquire: texture OK 000001FC5635BDA0
[DxgiCapture] acquire: hr=0x00000000 AccumFrames=1 PresentTime=9576870227014
[DxgiCapture] acquire: texture OK 000001FC5635BDA0
[DxgiCapture] acquire: hr=0x00000000 AccumFrames=1 PresentTime=9576870441399
[DxgiCapture] acquire: texture OK 000001FC5635BDA0
[DxgiCapture] acquire: hr=0x00000000 AccumFrames=1 PresentTime=9576870714370
[DxgiCapture] acquire: texture OK 000001FC5635BDA0
[DxgiCapture] acquire: hr=0x00000000 AccumFrames=1 PresentTime=9576870954015
[DxgiCapture] acquire: texture OK 000001FC5635BDA0
[DxgiCapture] acquire: hr=0x00000000 AccumFrames=1 PresentTime=9576871201504
[DxgiCapture] acquire: texture OK 000001FC5635BDA0
[DxgiCapture] acquire: hr=0x00000000 AccumFrames=1 PresentTime=9576871389827
[DxgiCapture] acquire: texture OK 000001FC5635BDA0
[DxgiCapture] acquire: hr=0x00000000 AccumFrames=1 PresentTime=9576871595923
[DxgiCapture] acquire: texture OK 000001FC5635BDA0
[DxgiCapture] acquire: hr=0x00000000 AccumFrames=1 PresentTime=9576871794360
[DxgiCapture] acquire: texture OK 000001FC5635BDA0
[DxgiCapture] acquire: hr=0x00000000 AccumFrames=1 PresentTime=9576872026450
[DxgiCapture] acquire: texture OK 000001FC5635BDA0
[DxgiCapture] acquire: hr=0x00000000 AccumFrames=1 PresentTime=9576872207765
[DxgiCapture] acquire: texture OK 000001FC5635BDA0
[DxgiCapture] acquire: hr=0x00000000 AccumFrames=1 PresentTime=9576872400787
[DxgiCapture] acquire: texture OK 000001FC5635BDA0
[DxgiCapture] acquire: hr=0x00000000 AccumFrames=1 PresentTime=9576872590807
[DxgiCapture] acquire: texture OK 000001FC5635BDA0
[DxgiCapture] acquire: hr=0x00000000 AccumFrames=1 PresentTime=9576872806541
[DxgiCapture] acquire: texture OK 000001FC5635BDA0
[DxgiCapture] acquire: hr=0x00000000 AccumFrames=1 PresentTime=9576873028495
[DxgiCapture] acquire: texture OK 000001FC5635BDA0
[DxgiCapture] acquire: hr=0x00000000 AccumFrames=1 PresentTime=9576873256645
[DxgiCapture] acquire: texture OK 000001FC5635BDA0
[DxgiCapture] acquire: hr=0x00000000 AccumFrames=1 PresentTime=9576873499386
[DxgiCapture] acquire: texture OK 000001FC5635BDA0
[DxgiCapture] acquire: hr=0x00000000 AccumFrames=1 PresentTime=9576873698433
[DxgiCapture] acquire: texture OK 000001FC5635BDA0
[DxgiCapture] acquire: hr=0x00000000 AccumFrames=1 PresentTime=9576873910988
[DxgiCapture] acquire: texture OK 000001FC5635BDA0
[DxgiCapture] acquire: hr=0x00000000 AccumFrames=1 PresentTime=9576874230545
[DxgiCapture] acquire: texture OK 000001FC5635BDA0
[DxgiCapture] acquire: hr=0x00000000 AccumFrames=1 PresentTime=9576874462401
[DxgiCapture] acquire: texture OK 000001FC5635BDA0
[DxgiCapture] acquire: hr=0x00000000 AccumFrames=1 PresentTime=9576874664348
[DxgiCapture] acquire: texture OK 000001FC5635BDA0
[DxgiCapture] acquire: hr=0x00000000 AccumFrames=1 PresentTime=9576874866874
[DxgiCapture] acquire: texture OK 000001FC5635BDA0
[DxgiCapture] acquire: hr=0x00000000 AccumFrames=1 PresentTime=9576875049973
[DxgiCapture] acquire: texture OK 000001FC5635BDA0
[DxgiCapture] acquire: hr=0x00000000 AccumFrames=1 PresentTime=9576875255124
[DxgiCapture] acquire: texture OK 000001FC5635BDA0
[DxgiCapture] acquire: hr=0x00000000 AccumFrames=1 PresentTime=9576875485471
[DxgiCapture] acquire: texture OK 000001FC5635BDA0
[DxgiCapture] acquire: hr=0x00000000 AccumFrames=1 PresentTime=9576875731156
[DxgiCapture] acquire: texture OK 000001FC5635BDA0
[DxgiCapture] acquire: hr=0x00000000 AccumFrames=1 PresentTime=9576875914692
[DxgiCapture] acquire: texture OK 000001FC5635BDA0
[DxgiCapture] acquire: hr=0x00000000 AccumFrames=1 PresentTime=9576876152644
[DxgiCapture] acquire: texture OK 000001FC5635BDA0
[DxgiCapture] acquire: hr=0x00000000 AccumFrames=1 PresentTime=9576876345454
[DxgiCapture] acquire: texture OK 000001FC5635BDA0
[DxgiCapture] acquire: hr=0x00000000 AccumFrames=1 PresentTime=9576876531220
[DxgiCapture] acquire: texture OK 000001FC5635BDA0
[DxgiCapture] acquire: hr=0x00000000 AccumFrames=1 PresentTime=9576876702316
[DxgiCapture] acquire: texture OK 000001FC5635BDA0
[DxgiCapture] acquire: hr=0x00000000 AccumFrames=1 PresentTime=9576876920128
[DxgiCapture] acquire: texture OK 000001FC5635BDA0
[DxgiCapture] acquire: hr=0x00000000 AccumFrames=1 PresentTime=9576877160686
[DxgiCapture] acquire: texture OK 000001FC5635BDA0
[DxgiCapture] acquire: hr=0x00000000 AccumFrames=1 PresentTime=9576877353491
[DxgiCapture] acquire: texture OK 000001FC5635BDA0
[DxgiCapture] acquire: hr=0x00000000 AccumFrames=1 PresentTime=9576877551650
[DxgiCapture] acquire: texture OK 000001FC5635BDA0
[DxgiCapture] acquire: hr=0x00000000 AccumFrames=1 PresentTime=9576877739260
[DxgiCapture] acquire: texture OK 000001FC5635BDA0
[DxgiCapture] acquire: hr=0x00000000 AccumFrames=1 PresentTime=9576878075930
[DxgiCapture] acquire: texture OK 000001FC5635BDA0
[DxgiCapture] acquire: hr=0x00000000 AccumFrames=1 PresentTime=9576878343696
[DxgiCapture] acquire: texture OK 000001FC5635BDA0
[DxgiCapture] acquire: hr=0x00000000 AccumFrames=1 PresentTime=9576878527162
[DxgiCapture] acquire: texture OK 000001FC5635BDA0
[DxgiCapture] acquire: hr=0x00000000 AccumFrames=1 PresentTime=9576878792347
[DxgiCapture] acquire: texture OK 000001FC5635BDA0
[DxgiCapture] acquire: hr=0x00000000 AccumFrames=1 PresentTime=9576878993096
[DxgiCapture] acquire: texture OK 000001FC5635BDA0
[DxgiCapture] acquire: hr=0x00000000 AccumFrames=1 PresentTime=9576879209154
[DxgiCapture] acquire: texture OK 000001FC5635BDA0
[DxgiCapture] acquire: hr=0x00000000 AccumFrames=1 PresentTime=9576879392368
[DxgiCapture] acquire: texture OK 000001FC5635BDA0
[DxgiCapture] acquire: hr=0x00000000 AccumFrames=1 PresentTime=9576879608781
[DxgiCapture] acquire: texture OK 000001FC5635BDA0
[DxgiCapture] acquire: hr=0x00000000 AccumFrames=1 PresentTime=9576879787373
[DxgiCapture] acquire: texture OK 000001FC5635BDA0
[DxgiCapture] acquire: hr=0x00000000 AccumFrames=1 PresentTime=9576880001324
[DxgiCapture] acquire: texture OK 000001FC5635BDA0
[DxgiCapture] acquire: hr=0x00000000 AccumFrames=1 PresentTime=9576880192889
[DxgiCapture] acquire: texture OK 000001FC5635BDA0
[DxgiCapture] acquire: hr=0x00000000 AccumFrames=1 PresentTime=9576880358706
[DxgiCapture] acquire: texture OK 000001FC5635BDA0
[DxgiCapture] acquire: hr=0x00000000 AccumFrames=1 PresentTime=9576880563662
[DxgiCapture] acquire: texture OK 000001FC5635BDA0
[DxgiCapture] acquire: hr=0x00000000 AccumFrames=1 PresentTime=9576880801865
[DxgiCapture] acquire: texture OK 000001FC5635BDA0
[DxgiCapture] acquire: hr=0x00000000 AccumFrames=1 PresentTime=9576881006285
[DxgiCapture] acquire: texture OK 000001FC5635BDA0
[DxgiCapture] acquire: hr=0x00000000 AccumFrames=1 PresentTime=9576881198596
[DxgiCapture] acquire: texture OK 000001FC5635BDA0
[DxgiCapture] acquire: hr=0x00000000 AccumFrames=1 PresentTime=9576881396765
[DxgiCapture] acquire: texture OK 000001FC5635BDA0
[DxgiCapture] acquire: hr=0x00000000 AccumFrames=1 PresentTime=9576881631910
[DxgiCapture] acquire: texture OK 000001FC5635BDA0
[DxgiCapture] acquire: hr=0x00000000 AccumFrames=1 PresentTime=9576881925473
[DxgiCapture] acquire: texture OK 000001FC5635BDA0
[DxgiCapture] acquire: hr=0x00000000 AccumFrames=1 PresentTime=9576882108507
[DxgiCapture] acquire: texture OK 000001FC5635BDA0
[DxgiCapture] acquire: hr=0x00000000 AccumFrames=1 PresentTime=9576882352361
[DxgiCapture] acquire: texture OK 000001FC5635BDA0
[DxgiCapture] acquire: hr=0x00000000 AccumFrames=1 PresentTime=9576882588179
[DxgiCapture] acquire: texture OK 000001FC5635BDA0
[DxgiCapture] acquire: hr=0x00000000 AccumFrames=1 PresentTime=9576882767345
[DxgiCapture] acquire: texture OK 000001FC5635BDA0
[DxgiCapture] acquire: hr=0x00000000 AccumFrames=1 PresentTime=9576883031022
[DxgiCapture] acquire: texture OK 000001FC5635BDA0
[DxgiCapture] acquire: hr=0x00000000 AccumFrames=1 PresentTime=9576883229957
[DxgiCapture] acquire: texture OK 000001FC5635BDA0
[DxgiCapture] acquire: hr=0x00000000 AccumFrames=1 PresentTime=9576883417349
[DxgiCapture] acquire: texture OK 000001FC5635BDA0
[DxgiCapture] acquire: hr=0x00000000 AccumFrames=1 PresentTime=9576883607404
[DxgiCapture] acquire: texture OK 000001FC5635BDA0
[DxgiCapture] acquire: hr=0x00000000 AccumFrames=1 PresentTime=9576883812506
[DxgiCapture] acquire: texture OK 000001FC5635BDA0
[DxgiCapture] acquire: hr=0x00000000 AccumFrames=1 PresentTime=9576884004603
[DxgiCapture] acquire: texture OK 000001FC5635BDA0
[DxgiCapture] acquire: hr=0x00000000 AccumFrames=1 PresentTime=9576884273837
[DxgiCapture] acquire: texture OK 000001FC5635BDA0
[DxgiCapture] acquire: hr=0x00000000 AccumFrames=1 PresentTime=9576884459825
[DxgiCapture] acquire: texture OK 000001FC5635BDA0
[DxgiCapture] acquire: hr=0x00000000 AccumFrames=1 PresentTime=9576884691688
[DxgiCapture] acquire: texture OK 000001FC5635BDA0
[DxgiCapture] acquire: hr=0x00000000 AccumFrames=1 PresentTime=9576884886394
[DxgiCapture] acquire: texture OK 000001FC5635BDA0
[DxgiCapture] acquire: hr=0x00000000 AccumFrames=1 PresentTime=9576885111651
[DxgiCapture] acquire: texture OK 000001FC5635BDA0
[DxgiCapture] acquire: hr=0x00000000 AccumFrames=1 PresentTime=9576885315666
[DxgiCapture] acquire: texture OK 000001FC5635BDA0
[DxgiCapture] acquire: hr=0x00000000 AccumFrames=1 PresentTime=9576885676934
[DxgiCapture] acquire: texture OK 000001FC5635BDA0
[DxgiCapture] acquire: hr=0x00000000 AccumFrames=1 PresentTime=9576885953513
[DxgiCapture] acquire: texture OK 000001FC5635BDA0
[DxgiCapture] acquire: hr=0x00000000 AccumFrames=1 PresentTime=9576886168150
[DxgiCapture] acquire: texture OK 000001FC5635BDA0
[DxgiCapture] acquire: hr=0x00000000 AccumFrames=1 PresentTime=9576886358266
[DxgiCapture] acquire: texture OK 000001FC5635BDA0
[DxgiCapture] acquire: hr=0x00000000 AccumFrames=1 PresentTime=9576886543711
[DxgiCapture] acquire: texture OK 000001FC5635BDA0
[DxgiCapture] acquire: hr=0x00000000 AccumFrames=1 PresentTime=9576886771638
[DxgiCapture] acquire: texture OK 000001FC5635BDA0
[DxgiCapture] acquire: hr=0x00000000 AccumFrames=1 PresentTime=9576886967967
[DxgiCapture] acquire: texture OK 000001FC5635BDA0
[DxgiCapture] acquire: hr=0x00000000 AccumFrames=1 PresentTime=9576887173848
[DxgiCapture] acquire: texture OK 000001FC5635BDA0
[DxgiCapture] acquire: hr=0x00000000 AccumFrames=1 PresentTime=9576887404599
[DxgiCapture] acquire: texture OK 000001FC5635BDA0
[DxgiCapture] acquire: hr=0x00000000 AccumFrames=1 PresentTime=9576887588611
[DxgiCapture] acquire: texture OK 000001FC5635BDA0
[DxgiCapture] acquire: hr=0x00000000 AccumFrames=1 PresentTime=9576887834856
[DxgiCapture] acquire: texture OK 000001FC5635BDA0
[DxgiCapture] acquire: hr=0x00000000 AccumFrames=1 PresentTime=9576888046466
[DxgiCapture] acquire: texture OK 000001FC5635BDA0
[DxgiCapture] acquire: hr=0x00000000 AccumFrames=1 PresentTime=9576888230693
[DxgiCapture] acquire: texture OK 000001FC5635BDA0
[DxgiCapture] acquire: hr=0x00000000 AccumFrames=1 PresentTime=9576888439030
[DxgiCapture] acquire: texture OK 000001FC5635BDA0
[DxgiCapture] acquire: hr=0x00000000 AccumFrames=1 PresentTime=9576888627751
[DxgiCapture] acquire: texture OK 000001FC5635BDA0
[DxgiCapture] acquire: hr=0x00000000 AccumFrames=1 PresentTime=9576888811570
[DxgiCapture] acquire: texture OK 000001FC5635BDA0
[DxgiCapture] acquire: hr=0x00000000 AccumFrames=1 PresentTime=9576889159900
[DxgiCapture] acquire: texture OK 000001FC5635BDA0
[DxgiCapture] acquire: hr=0x00000000 AccumFrames=1 PresentTime=9576889383463
[DxgiCapture] acquire: texture OK 000001FC5635BDA0
[DxgiCapture] acquire: hr=0x00000000 AccumFrames=1 PresentTime=9576889580416
[DxgiCapture] acquire: texture OK 000001FC5635BDA0
[DxgiCapture] acquire: hr=0x00000000 AccumFrames=1 PresentTime=9576889775154
[DxgiCapture] acquire: texture OK 000001FC5635BDA0
[DxgiCapture] acquire: hr=0x00000000 AccumFrames=1 PresentTime=9576889995293
[DxgiCapture] acquire: texture OK 000001FC5635BDA0
[DxgiCapture] acquire: hr=0x00000000 AccumFrames=1 PresentTime=9576890172242
[DxgiCapture] acquire: texture OK 000001FC5635BDA0
[DxgiCapture] acquire: hr=0x00000000 AccumFrames=1 PresentTime=9576890379548
[DxgiCapture] acquire: texture OK 000001FC5635BDA0
[DxgiCapture] acquire: hr=0x00000000 AccumFrames=1 PresentTime=9576890547524
[DxgiCapture] acquire: texture OK 000001FC5635BDA0
[DxgiCapture] acquire: hr=0x00000000 AccumFrames=1 PresentTime=9576890818804
[DxgiCapture] acquire: texture OK 000001FC5635BDA0
[DxgiCapture] acquire: hr=0x00000000 AccumFrames=1 PresentTime=9576891008596
[DxgiCapture] acquire: texture OK 000001FC5635BDA0
[DxgiCapture] acquire: hr=0x00000000 AccumFrames=1 PresentTime=9576891199842
[DxgiCapture] acquire: texture OK 000001FC5635BDA0
[DxgiCapture] acquire: hr=0x00000000 AccumFrames=1 PresentTime=9576891414776
[DxgiCapture] acquire: texture OK 000001FC5635BDA0
[DxgiCapture] acquire: hr=0x00000000 AccumFrames=1 PresentTime=9576891652370
[DxgiCapture] acquire: texture OK 000001FC5635BDA0
[DxgiCapture] acquire: hr=0x00000000 AccumFrames=1 PresentTime=9576891871718
[DxgiCapture] acquire: texture OK 000001FC5635BDA0
[DxgiCapture] acquire: hr=0x00000000 AccumFrames=1 PresentTime=9576892117823
[DxgiCapture] acquire: texture OK 000001FC5635BDA0
[DxgiCapture] acquire: hr=0x00000000 AccumFrames=1 PresentTime=9576892353317
[DxgiCapture] acquire: texture OK 000001FC5635BDA0
[DxgiCapture] acquire: hr=0x00000000 AccumFrames=1 PresentTime=9576892681706
[DxgiCapture] acquire: texture OK 000001FC5635BDA0
[DxgiCapture] acquire: hr=0x00000000 AccumFrames=1 PresentTime=9576892968881
[DxgiCapture] acquire: texture OK 000001FC5635BDA0
[DxgiCapture] acquire: hr=0x00000000 AccumFrames=1 PresentTime=9576893168714
[DxgiCapture] acquire: texture OK 000001FC5635BDA0
[DxgiCapture] acquire: hr=0x00000000 AccumFrames=1 PresentTime=9576893376139
[DxgiCapture] acquire: texture OK 000001FC5635BDA0
[DxgiCapture] acquire: hr=0x00000000 AccumFrames=1 PresentTime=9576893562319
[DxgiCapture] acquire: texture OK 000001FC5635BDA0
[DxgiCapture] acquire: hr=0x00000000 AccumFrames=1 PresentTime=9576893749215
[DxgiCapture] acquire: texture OK 000001FC5635BDA0
[DxgiCapture] acquire: hr=0x00000000 AccumFrames=1 PresentTime=9576893950720
[DxgiCapture] acquire: texture OK 000001FC5635BDA0
[DxgiCapture] acquire: hr=0x00000000 AccumFrames=1 PresentTime=9576894153791
[DxgiCapture] acquire: texture OK 000001FC5635BDA0
[DxgiCapture] acquire: hr=0x00000000 AccumFrames=1 PresentTime=9576894334921
[DxgiCapture] acquire: texture OK 000001FC5635BDA0
[DxgiCapture] acquire: hr=0x00000000 AccumFrames=1 PresentTime=9576894530480
[DxgiCapture] acquire: texture OK 000001FC5635BDA0
[DxgiCapture] acquire: hr=0x00000000 AccumFrames=1 PresentTime=9576894766711
[DxgiCapture] acquire: texture OK 000001FC5635BDA0
[DxgiCapture] acquire: hr=0x00000000 AccumFrames=1 PresentTime=9576894951075
[DxgiCapture] acquire: texture OK 000001FC5635BDA0
[DxgiCapture] acquire: hr=0x00000000 AccumFrames=1 PresentTime=9576895157198
[DxgiCapture] acquire: texture OK 000001FC5635BDA0
[DxgiCapture] acquire: hr=0x00000000 AccumFrames=1 PresentTime=9576895385299
[DxgiCapture] acquire: texture OK 000001FC5635BDA0
[DxgiCapture] acquire: hr=0x00000000 AccumFrames=1 PresentTime=9576895617904
[DxgiCapture] acquire: texture OK 000001FC5635BDA0
[DxgiCapture] acquire: hr=0x00000000 AccumFrames=1 PresentTime=9576895804665
[DxgiCapture] acquire: texture OK 000001FC5635BDA0
[DxgiCapture] acquire: hr=0x00000000 AccumFrames=1 PresentTime=9576895990150
[DxgiCapture] acquire: texture OK 000001FC5635BDA0
[DxgiCapture] acquire: hr=0x00000000 AccumFrames=1 PresentTime=9576896236052
[DxgiCapture] acquire: texture OK 000001FC5635BDA0
[DxgiCapture] acquire: hr=0x00000000 AccumFrames=1 PresentTime=9576896525163
[DxgiCapture] acquire: texture OK 000001FC5635BDA0
[DxgiCapture] acquire: hr=0x00000000 AccumFrames=1 PresentTime=9576896757299
[DxgiCapture] acquire: texture OK 000001FC5635BDA0
[DxgiCapture] acquire: hr=0x00000000 AccumFrames=1 PresentTime=9576896928034
[DxgiCapture] acquire: texture OK 000001FC5635BDA0
[DxgiCapture] acquire: hr=0x00000000 AccumFrames=1 PresentTime=9576897150639
[DxgiCapture] acquire: texture OK 000001FC5635BDA0
[DxgiCapture] acquire: hr=0x00000000 AccumFrames=1 PresentTime=9576897305073
[DxgiCapture] acquire: texture OK 000001FC5635BDA0
[DxgiCapture] acquire: hr=0x00000000 AccumFrames=1 PresentTime=9576897533678
[DxgiCapture] acquire: texture OK 000001FC5635BDA0
[DxgiCapture] acquire: hr=0x00000000 AccumFrames=1 PresentTime=9576897766728
[DxgiCapture] acquire: texture OK 000001FC5635BDA0
[DxgiCapture] acquire: hr=0x00000000 AccumFrames=1 PresentTime=9576897976591
[DxgiCapture] acquire: texture OK 000001FC5635BDA0
[DxgiCapture] acquire: hr=0x00000000 AccumFrames=1 PresentTime=9576898161219
[DxgiCapture] acquire: texture OK 000001FC5635BDA0
[DxgiCapture] acquire: hr=0x00000000 AccumFrames=1 PresentTime=9576898414207
[DxgiCapture] acquire: texture OK 000001FC5635BDA0
[DxgiCapture] acquire: hr=0x00000000 AccumFrames=1 PresentTime=9576898592475
[DxgiCapture] acquire: texture OK 000001FC5635BDA0
[DxgiCapture] acquire: hr=0x00000000 AccumFrames=1 PresentTime=9576898805779
[DxgiCapture] acquire: texture OK 000001FC5635BDA0
[DxgiCapture] acquire: hr=0x00000000 AccumFrames=1 PresentTime=9576899013523
[DxgiCapture] acquire: texture OK 000001FC5635BDA0
[DxgiCapture] acquire: hr=0x00000000 AccumFrames=1 PresentTime=9576899229060
[DxgiCapture] acquire: texture OK 000001FC