[DxgiCapture] Display adapter: AMD Radeon 780M Graphics
[DxgiCapture] Encode adapter: NVIDIA GeForce RTX 4070 Laptop GPU (NVIDIA)
[GpuContext] Ready: AMD Radeon 780M Graphics
[GpuContext] Ready: NVIDIA GeForce RTX 4070 Laptop GPU
[DxgiCapture] Session ready  output=0  1920x1080  fmt=87
[GpuRM] Init OK  adapter=same  1920x1080  fmt=87
[DxgiCapture] Pipeline ready  1920x1080  cross_adapter=no
[NVENC] SDK not available — set NVENC_SDK_PATH at CMake configure time
[DxgiCapture] acquire: hr=0x00000000 AccumFrames=1 PresentTime=9554134542729
[DxgiCapture] acquire: texture OK 000001A57B8304E0
[DxgiCapture] transfer() OK encode_tex=000001A57B99EAA0
[Preview] Staging texture created 1920x1080
[Preview] First frame: 1920x1080 pitch=7680
[DxgiCapture] acquire: hr=0x00000000 AccumFrames=1 PresentTime=9554134930870
[DxgiCapture] acquire: texture OK 000001A57B8304E0
[DxgiCapture] transfer() OK encode_tex=000001A57B99EAA0
[DxgiCapture] acquire: WAIT_TIMEOUT #1
[DxgiCapture] acquire: WAIT_TIMEOUT #2
[DxgiCapture] acquire: hr=0x00000000 AccumFrames=1 PresentTime=9554135777470
[DxgiCapture] acquire: texture OK 000001A57B8304E0
[DxgiCapture] transfer() OK encode_tex=000001A57B99EAA0
[DxgiCapture] acquire: WAIT_TIMEOUT #3
[DxgiCapture] acquire: WAIT_TIMEOUT #4
[DxgiCapture] acquire: hr=0x00000000 AccumFrames=1 PresentTime=9554136748025
[DxgiCapture] acquire: texture OK 000001A57B8304E0
[DxgiCapture] acquire: WAIT_TIMEOUT #5
[DxgiCapture] acquire: hr=0x00000000 AccumFrames=0 PresentTime=0
[DxgiCapture] acquire: hr=0x00000000 AccumFrames=1 PresentTime=9554137464417
[DxgiCapture] acquire: texture OK 000001A57B8304E0
[DxgiCapture] acquire: hr=0x00000000 AccumFrames=3 PresentTime=9554137675859
[DxgiCapture] acquire: texture OK 000001A57B8304E0
[DxgiCapture] acquire: hr=0x00000000 AccumFrames=3 PresentTime=9554137887615
[DxgiCapture] acquire: texture OK 000001A57B8304E0
[DxgiCapture] acquire: hr=0x00000000 AccumFrames=2 PresentTime=9554138014829
[DxgiCapture] acquire: texture OK 000001A57B8304E0
[DxgiCapture] acquire: hr=0x00000000 AccumFrames=3 PresentTime=9554138215818
[DxgiCapture] acquire: texture OK 000001A57B8304E0
[DxgiCapture] acquire: hr=0x00000000 AccumFrames=3 PresentTime=9554138426038
[DxgiCapture] acquire: texture OK 000001A57B8304E0
[DxgiCapture] acquire: hr=0x00000000 AccumFrames=3 PresentTime=9554138643510
[DxgiCapture] acquire: texture OK 000001A57B8304E0
[DxgiCapture] acquire: hr=0x00000000 AccumFrames=2 PresentTime=9554138791047
[DxgiCapture] acquire: texture OK 000001A57B8304E0
[DxgiCapture] acquire: hr=0x00000000 AccumFrames=3 PresentTime=9554139001693
[DxgiCapture] acquire: texture OK 000001A57B8304E0
[DxgiCapture] acquire: hr=0x00000000 AccumFrames=2 PresentTime=9554139147360
[DxgiCapture] acquire: texture OK 000001A57B8304E0
[DxgiCapture] acquire: hr=0x00000000 AccumFrames=3 PresentTime=9554139387265
[DxgiCapture] acquire: texture OK 000001A57B8304E0
[DxgiCapture] acquire: hr=0x00000000 AccumFrames=2 PresentTime=9554139517827
[DxgiCapture] acquire: texture OK 000001A57B8304E0
[DxgiCapture] acquire: hr=0x00000000 AccumFrames=3 PresentTime=9554139719020
[DxgiCapture] acquire: texture OK 000001A57B8304E0
[DxgiCapture] acquire: hr=0x00000000 AccumFrames=3 PresentTime=9554139937260
[DxgiCapture] acquire: texture OK 000001A57B8304E0
[DxgiCapture] acquire: hr=0x00000000 AccumFrames=3 PresentTime=9554140104894
[DxgiCapture] acquire: texture OK 000001A57B8304E0
[DxgiCapture] acquire: hr=0x00000000 AccumFrames=3 PresentTime=9554140307872
[DxgiCapture] acquire: texture OK 000001A57B8304E0
[DxgiCapture] acquire: hr=0x00000000 AccumFrames=2 PresentTime=9554140455751
[DxgiCapture] acquire: texture OK 000001A57B8304E0
[DxgiCapture] acquire: hr=0x00000000 AccumFrames=3 PresentTime=9554140654804
[DxgiCapture] acquire: texture OK 000001A57B8304E0
[DxgiCapture] acquire: hr=0x00000000 AccumFrames=2 PresentTime=9554140803961
[DxgiCapture] acquire: texture OK 000001A57B8304E0
[DxgiCapture] acquire: hr=0x00000000 AccumFrames=3 PresentTime=9554141003864
[DxgiCapture] acquire: texture OK 000001A57B8304E0
[DxgiCapture] acquire: hr=0x00000000 AccumFrames=2 PresentTime=9554141152388
[DxgiCapture] acquire: texture OK 000001A57B8304E0
[DxgiCapture] acquire: hr=0x00000000 AccumFrames=4 PresentTime=9554141415678
[DxgiCapture] acquire: texture OK 000001A57B8304E0
[DxgiCapture] acquire: hr=0x00000000 AccumFrames=2 PresentTime=9554141558238
[DxgiCapture] acquire: texture OK 000001A57B8304E0
[DxgiCapture] acquire: hr=0x00000000 AccumFrames=3 PresentTime=9554141759569
[DxgiCapture] acquire: texture OK 000001A57B8304E0
[DxgiCapture] acquire: hr=0x00000000 AccumFrames=2 PresentTime=9554141907723
[DxgiCapture] acquire: texture OK 000001A57B8304E0
[DxgiCapture] acquire: hr=0x00000000 AccumFrames=3 PresentTime=9554142107734
[DxgiCapture] acquire: texture OK 000001A57B8304E0
[DxgiCapture] acquire: hr=0x00000000 AccumFrames=2 PresentTime=9554142247555
[DxgiCapture] acquire: texture OK 000001A57B8304E0
[DxgiCapture] acquire: hr=0x00000000 AccumFrames=3 PresentTime=9554142460321
[DxgiCapture] acquire: texture OK 000001A57B8304E0
[DxgiCapture] acquire: hr=0x00000000 AccumFrames=5 PresentTime=9554142797837
[DxgiCapture] acquire: texture OK 000001A57B8304E0
[DxgiCapture] acquire: hr=0x00000000 AccumFrames=2 PresentTime=9554142945976
[DxgiCapture] acquire: texture OK 000001A57B8304E0
[DxgiCapture] acquire: hr=0x00000000 AccumFrames=3 PresentTime=9554143155430
[DxgiCapture] acquire: texture OK 000001A57B8304E0
[DxgiCapture] acquire: hr=0x00000000 AccumFrames=3 PresentTime=9554143362993
[DxgiCapture] acquire: texture OK 000001A57B8304E0
[DxgiCapture] acquire: hr=0x00000000 AccumFrames=2 PresentTime=9554143505579
[DxgiCapture] acquire: texture OK 000001A57B8304E0
[DxgiCapture] acquire: hr=0x00000000 AccumFrames=3 PresentTime=9554143703129
[DxgiCapture] acquire: texture OK 000001A57B8304E0
[DxgiCapture] acquire: hr=0x00000000 AccumFrames=2 PresentTime=9554143855067
[DxgiCapture] acquire: texture OK 000001A57B8304E0
[DxgiCapture] acquire: hr=0x00000000 AccumFrames=3 PresentTime=9554144054113
[DxgiCapture] acquire: texture OK 000001A57B8304E0
[DxgiCapture] acquire: hr=0x00000000 AccumFrames=2 PresentTime=9554144194399
[DxgiCapture] acquire: texture OK 000001A57B8304E0
[DxgiCapture] acquire: hr=0x00000000 AccumFrames=3 PresentTime=9554144396803
[DxgiCapture] acquire: texture OK 000001A57B8304E0
[DxgiCapture] acquire: hr=0x00000000 AccumFrames=2 PresentTime=9554144536945
[DxgiCapture] acquire: texture OK 000001A57B8304E0
[DxgiCapture] acquire: hr=0x00000000 AccumFrames=3 PresentTime=9554144747559
[DxgiCapture] acquire: texture OK 000001A57B8304E0
[DxgiCapture] acquire: hr=0x00000000 AccumFrames=3 PresentTime=9554144961286
[DxgiCapture] acquire: texture OK 000001A57B8304E0
[DxgiCapture] acquire: hr=0x00000000 AccumFrames=2 PresentTime=9554145099509
[DxgiCapture] acquire: texture OK 000001A57B8304E0
[DxgiCapture] acquire: hr=0x00000000 AccumFrames=3 PresentTime=9554145313766
[DxgiCapture] acquire: texture OK 000001A57B8304E0
[DxgiCapture] acquire: hr=0x00000000 AccumFrames=2 PresentTime=9554145454371
[DxgiCapture] acquire: texture OK 000001A57B8304E0
[DxgiCapture] acquire: hr=0x00000000 AccumFrames=3 PresentTime=9554145656365
[DxgiCapture] acquire: texture OK 000001A57B8304E0
[DxgiCapture] acquire: hr=0x00000000 AccumFrames=2 PresentTime=9554145800752
[DxgiCapture] acquire: texture OK 000001A57B8304E0
[DxgiCapture] acquire: hr=0x00000000 AccumFrames=3 PresentTime=9554146001028
[DxgiCapture] acquire: texture OK 000001A57B8304E0
[DxgiCapture] acquire: hr=0x00000000 AccumFrames=2 PresentTime=9554146136758
[DxgiCapture] acquire: texture OK 000001A57B8304E0
[DxgiCapture] acquire: hr=0x00000000 AccumFrames=3 PresentTime=9554146353048
[DxgiCapture] acquire: texture OK 000001A57B8304E0
[DxgiCapture] acquire: hr=0x00000000 AccumFrames=3 PresentTime=9554146559659
[DxgiCapture] acquire: texture OK 000001A57B8304E0
[DxgiCapture] acquire: hr=0x00000000 AccumFrames=2 PresentTime=9554146699453
[DxgiCapture] acquire: texture OK 000001A57B8304E0
[DxgiCapture] acquire: hr=0x00000000 AccumFrames=3 PresentTime=9554146916081
[DxgiCapture] acquire: texture OK 000001A57B8304E0
[DxgiCapture] acquire: hr=0x00000000 AccumFrames=2 PresentTime=9554147040905
[DxgiCapture] acquire: texture OK 000001A57B8304E0
[DxgiCapture] acquire: hr=0x00000000 AccumFrames=3 PresentTime=9554147262475
[DxgiCapture] acquire: texture OK 000001A57B8304E0
[DxgiCapture] acquire: hr=0x00000000 AccumFrames=2 PresentTime=9554147388761
[DxgiCapture] acquire: texture OK 000001A57B8304E0
[DxgiCapture] acquire: hr=0x00000000 AccumFrames=3 PresentTime=9554147606872
[DxgiCapture] acquire: texture OK 000001A57B8304E0
[DxgiCapture] acquire: hr=0x00000000 AccumFrames=1 PresentTime=9554147683300
[DxgiCapture] acquire: texture OK 000001A57B8304E0
[DxgiCapture] acquire: hr=0x00000000 AccumFrames=2 PresentTime=9554147982692
[DxgiCapture] acquire: texture OK 000001A57B8304E0
[DxgiCapture] acquire: hr=0x00000000 AccumFrames=1 PresentTime=9554148219151
[DxgiCapture] acquire: texture OK 000001A57B8304E0
[DxgiCapture] acquire: hr=0x00000000 AccumFrames=1 PresentTime=9554148388896
[DxgiCapture] acquire: texture OK 000001A57B8304E0
[DxgiCapture] acquire: hr=0x00000000 AccumFrames=1 PresentTime=9554148559225
[DxgiCapture] acquire: texture OK 000001A57B8304E0
[DxgiCapture] acquire: hr=0x00000000 AccumFrames=1 PresentTime=9554148737205
[DxgiCapture] acquire: texture OK 000001A57B8304E0
[DxgiCapture] acquire: hr=0x00000000 AccumFrames=1 PresentTime=9554148977907
[DxgiCapture] acquire: texture OK 000001A57B8304E0
[DxgiCapture] acquire: hr=0x00000000 AccumFrames=1 PresentTime=9554149166986
[DxgiCapture] acquire: texture OK 000001A57B8304E0
[DxgiCapture] acquire: hr=0x00000000 AccumFrames=1 PresentTime=9554149318744
[DxgiCapture] acquire: texture OK 000001A57B8304E0
[DxgiCapture] acquire: hr=0x00000000 AccumFrames=1 PresentTime=9554149517207
[DxgiCapture] acquire: texture OK 000001A57B8304E0
[DxgiCapture] acquire: hr=0x00000000 AccumFrames=1 PresentTime=9554149673783
[DxgiCapture] acquire: texture OK 000001A57B8304E0
[DxgiCapture] acquire: hr=0x00000000 AccumFrames=1 PresentTime=9554149891352
[DxgiCapture] acquire: texture OK 000001A57B8304E0
[DxgiCapture] acquire: hr=0x00000000 AccumFrames=1 PresentTime=9554150097570
[DxgiCapture] acquire: texture OK 000001A57B8304E0
[DxgiCapture] acquire: hr=0x00000000 AccumFrames=1 PresentTime=9554150236281
[DxgiCapture] acquire: texture OK 000001A57B8304E0
[DxgiCapture] acquire: hr=0x00000000 AccumFrames=1 PresentTime=9554150517423
[DxgiCapture] acquire: texture OK 000001A57B8304E0
[DxgiCapture] acquire: hr=0x00000000 AccumFrames=1 PresentTime=9554150718505
[DxgiCapture] acquire: texture OK 000001A57B8304E0
[DxgiCapture] acquire: hr=0x00000000 AccumFrames=1 PresentTime=9554150871422
[DxgiCapture] acquire: texture OK 000001A57B8304E0
[DxgiCapture] acquire: hr=0x00000000 AccumFrames=1 PresentTime=9554151207423
[DxgiCapture] acquire: texture OK 000001A57B8304E0
[DxgiCapture] acquire: hr=0x00000000 AccumFrames=1 PresentTime=9554151399059
[DxgiCapture] acquire: texture OK 000001A57B8304E0
[DxgiCapture] acquire: hr=0x00000000 AccumFrames=1 PresentTime=9554151592699
[DxgiCapture] acquire: texture OK 000001A57B8304E0
[DxgiCapture] acquire: hr=0x00000000 AccumFrames=1 PresentTime=9554151775822
[DxgiCapture] acquire: texture OK 000001A57B8304E0
[DxgiCapture] acquire: hr=0x00000000 AccumFrames=1 PresentTime=9554151979792
[DxgiCapture] acquire: texture OK 000001A57B8304E0
[DxgiCapture] acquire: hr=0x00000000 AccumFrames=1 PresentTime=9554152155992
[DxgiCapture] acquire: texture OK 000001A57B8304E0
[DxgiCapture] acquire: hr=0x00000000 AccumFrames=1 PresentTime=9554152326268
[DxgiCapture] acquire: texture OK 000001A57B8304E0
[DxgiCapture] acquire: hr=0x00000000 AccumFrames=1 PresentTime=9554152506212
[DxgiCapture] acquire: texture OK 000001A57B8304E0
[DxgiCapture] acquire: hr=0x00000000 AccumFrames=1 PresentTime=9554152719062
[DxgiCapture] acquire: texture OK 000001A57B8304E0
[DxgiCapture] acquire: hr=0x00000000 AccumFrames=1 PresentTime=9554152940850
[DxgiCapture] acquire: texture OK 000001A57B8304E0
[DxgiCapture] acquire: hr=0x00000000 AccumFrames=1 PresentTime=9554153153221
[DxgiCapture] acquire: texture OK 000001A57B8304E0
[DxgiCapture] acquire: hr=0x00000000 AccumFrames=1 PresentTime=9554153364610
[DxgiCapture] acquire: texture OK 000001A57B8304E0
[DxgiCapture] acquire: hr=0x00000000 AccumFrames=1 PresentTime=9554153674879
[DxgiCapture] acquire: texture OK 000001A57B8304E0
[DxgiCapture] acquire: hr=0x00000000 AccumFrames=1 PresentTime=9554153871327
[DxgiCapture] acquire: texture OK 000001A57B8304E0
[DxgiCapture] acquire: hr=0x00000000 AccumFrames=1 PresentTime=9554154088101
[DxgiCapture] acquire: texture OK 000001A57B8304E0
[DxgiCapture] acquire: hr=0x00000000 AccumFrames=1 PresentTime=9554154348030
[DxgiCapture] acquire: texture OK 000001A57B8304E0
[DxgiCapture] acquire: hr=0x00000000 AccumFrames=1 PresentTime=9554154584256
[DxgiCapture] acquire: texture OK 000001A57B8304E0
[DxgiCapture] acquire: hr=0x00000000 AccumFrames=1 PresentTime=9554154811212
[DxgiCapture] acquire: texture OK 000001A57B8304E0
[DxgiCapture] acquire: hr=0x00000000 AccumFrames=1 PresentTime=9554155031937
[DxgiCapture] acquire: texture OK 000001A57B8304E0
[DxgiCapture] acquire: hr=0x00000000 AccumFrames=1 PresentTime=9554155313942
[DxgiCapture] acquire: texture OK 000001A57B8304E0
[DxgiCapture] acquire: hr=0x00000000 AccumFrames=1 PresentTime=9554155486648
[DxgiCapture] acquire: texture OK 000001A57B8304E0
[DxgiCapture] acquire: hr=0x00000000 AccumFrames=1 PresentTime=9554155658688
[DxgiCapture] acquire: texture OK 000001A57B8304E0
[DxgiCapture] acquire: hr=0x00000000 AccumFrames=1 PresentTime=9554155902187
[DxgiCapture] acquire: texture OK 000001A57B8304E0
[DxgiCapture] acquire: hr=0x00000000 AccumFrames=1 PresentTime=9554156070784
[DxgiCapture] acquire: texture OK 000001A57B8304E0
[DxgiCapture] acquire: hr=0x00000000 AccumFrames=1 PresentTime=9554156263873
[DxgiCapture] acquire: texture OK 000001A57B8304E0
[DxgiCapture] acquire: hr=0x00000000 AccumFrames=1 PresentTime=9554156426422
[DxgiCapture] acquire: texture OK 000001A57B8304E0
[DxgiCapture] acquire: hr=0x00000000 AccumFrames=1 PresentTime=9554156623939
[DxgiCapture] acquire: texture OK 000001A57B8304E0
[DxgiCapture] acquire: hr=0x00000000 AccumFrames=1 PresentTime=9554156808572
[DxgiCapture] acquire: texture OK 000001A57B8304E0
[DxgiCapture] acquire: hr=0x00000000 AccumFrames=1 PresentTime=9554156979946
[DxgiCapture] acquire: texture OK 000001A57B8304E0
[DxgiCapture] acquire: hr=0x00000000 AccumFrames=1 PresentTime=9554157202288
[DxgiCapture] acquire: texture OK 000001A57B8304E0
[DxgiCapture] acquire: hr=0x00000000 AccumFrames=1 PresentTime=9554157424056
[DxgiCapture] acquire: texture OK 000001A57B8304E0
[DxgiCapture] acquire: hr=0x00000000 AccumFrames=1 PresentTime=9554157634937
[DxgiCapture] acquire: texture OK 000001A57B8304E0
[DxgiCapture] acquire: hr=0x00000000 AccumFrames=1 PresentTime=9554157822112
[DxgiCapture] acquire: texture OK 000001A57B8304E0
[DxgiCapture] acquire: hr=0x00000000 AccumFrames=1 PresentTime=9554157995686
[DxgiCapture] acquire: texture OK 000001A57B8304E0
[DxgiCapture] acquire: hr=0x00000000 AccumFrames=1 PresentTime=9554158171449
[DxgiCapture] acquire: texture OK 000001A57B8304E0
[DxgiCapture] acquire: hr=0x00000000 AccumFrames=1 PresentTime=9554158349769
[DxgiCapture] acquire: texture OK 000001A57B8304E0
[DxgiCapture] acquire: hr=0x00000000 AccumFrames=1 PresentTime=9554158557455
[DxgiCapture] acquire: texture OK 000001A57B8304E0
[DxgiCapture] acquire: hr=0x00000000 AccumFrames=1 PresentTime=9554158745220
[DxgiCapture] acquire: texture OK 000001A57B8304E0
[DxgiCapture] acquire: hr=0x00000000 AccumFrames=1 PresentTime=9554158932076
[DxgiCapture] acquire: texture OK 000001A57B8304E0
[DxgiCapture] acquire: hr=0x00000000 AccumFrames=1 PresentTime=9554159089674
[DxgiCapture] acquire: texture OK 000001A57B8304E0
[DxgiCapture] acquire: hr=0x00000000 AccumFrames=1 PresentTime=9554159277602
[DxgiCapture] acquire: texture OK 000001A57B8304E0
[DxgiCapture] acquire: hr=0x00000000 AccumFrames=1 PresentTime=9554159445369
[DxgiCapture] acquire: texture OK 000001A57B8304E0
[DxgiCapture] acquire: hr=0x00000000 AccumFrames=1 PresentTime=9554159645241
[DxgiCapture] acquire: texture OK 000001A57B8304E0
[DxgiCapture] acquire: hr=0x00000000 AccumFrames=1 PresentTime=9554159836341
[DxgiCapture] acquire: texture OK 000001A57B8304E0
[DxgiCapture] acquire: hr=0x00000000 AccumFrames=1 PresentTime=9554160093581
[DxgiCapture] acquire: texture OK 000001A57B8304E0
[DxgiCapture] acquire: hr=0x00000000 AccumFrames=1 PresentTime=9554160231459
[DxgiCapture] acquire: texture OK 000001A57B8304E0
[DxgiCapture] acquire: hr=0x00000000 AccumFrames=1 PresentTime=9554160445603
[DxgiCapture] acquire: texture OK 000001A57B8304E0
[DxgiCapture] acquire: hr=0x00000000 AccumFrames=1 PresentTime=9554160669165
[DxgiCapture] acquire: texture OK 000001A57B8304E0
[DxgiCapture] acquire: hr=0x00000000 AccumFrames=1 PresentTime=9554160950027
[DxgiCapture] acquire: texture OK 000001A57B8304E0
[DxgiCapture] acquire: hr=0x00000000 AccumFrames=1 PresentTime=9554161187666
[DxgiCapture] acquire: texture OK 000001A57B8304E0
[DxgiCapture] acquire: hr=0x00000000 AccumFrames=1 PresentTime=9554161344371
[DxgiCapture] acquire: texture OK 000001A57B8304E0
[DxgiCapture] acquire: hr=0x00000000 AccumFrames=1 PresentTime=9554161568188
[DxgiCapture] acquire: texture OK 000001A57B8304E0
[DxgiCapture] acquire: hr=0x00000000 AccumFrames=1 PresentTime=9554161774916
[DxgiCapture] acquire: texture OK 000001A57B8304E0
[DxgiCapture] acquire: hr=0x00000000 AccumFrames=1 PresentTime=9554161966683
[DxgiCapture] acquire: texture OK 000001A57B8304E0
[DxgiCapture] acquire: hr=0x00000000 AccumFrames=1 PresentTime=9554162149314
[DxgiCapture] acquire: texture OK 000001A57B8304E0
[DxgiCapture] acquire: hr=0x00000000 AccumFrames=1 PresentTime=9554162335739
[DxgiCapture] acquire: texture OK 000001A57B8304E0
[DxgiCapture] acquire: hr=0x00000000 AccumFrames=1 PresentTime=9554162494414
[DxgiCapture] acquire: texture OK 000001A57B8304E0
[DxgiCapture] acquire: hr=0x00000000 AccumFrames=1 PresentTime=9554162704362
[DxgiCapture] acquire: texture OK 000001A57B8304E0
[DxgiCapture] acquire: hr=0x00000000 AccumFrames=1 PresentTime=9554162904536
[DxgiCapture] acquire: texture OK 000001A57B8304E0
[DxgiCapture] acquire: hr=0x00000000 AccumFrames=1 PresentTime=9554163104476
[DxgiCapture] acquire: texture OK 000001A57B8304E0
[DxgiCapture] acquire: hr=0x00000000 AccumFrames=1 PresentTime=9554163249885
[DxgiCapture] acquire: texture OK 000001A57B8304E0
[DxgiCapture] acquire: hr=0x00000000 AccumFrames=1 PresentTime=9554163320701
[DxgiCapture] acquire: texture OK 000001A57B8304E0
[DxgiCapture] acquire: hr=0x00000000 AccumFrames=1 PresentTime=9554163481194
[DxgiCapture] acquire: texture OK 000001A57B8304E0
[DxgiCapture] acquire: hr=0x00000000 AccumFrames=1 PresentTime=9554163660750
[DxgiCapture] acquire: texture OK 000001A57B8304E0
[DxgiCapture] acquire: hr=0x00000000 AccumFrames=1 PresentTime=9554163846155
[DxgiCapture] acquire: texture OK 000001A57B8304E0
[DxgiCapture] acquire: hr=0x00000000 AccumFrames=1 PresentTime=9554164047192
[DxgiCapture] acquire: texture OK 000001A57B8304E0
[DxgiCapture] acquire: hr=0x00000000 AccumFrames=1 PresentTime=9554164204000
[DxgiCapture] acquire: texture OK 000001A57B8304E0
[DxgiCapture] acquire: hr=0x00000000 AccumFrames=2 PresentTime=9554164567576
[DxgiCapture] acquire: texture OK 000001A57B8304E0
[DxgiCapture] acquire: hr=0x00000000 AccumFrames=1 PresentTime=9554164770177
[DxgiCapture] acquire: texture OK 000001A57B8304E0
[DxgiCapture] acquire: hr=0x00000000 AccumFrames=1 PresentTime=9554164953580
[DxgiCapture] acquire: texture OK 000001A57B8304E0
[DxgiCapture] acquire: hr=0x00000000 AccumFrames=1 PresentTime=9554165138612
[DxgiCapture] acquire: texture OK 000001A57B8304E0
[DxgiCapture] acquire: hr=0x00000000 AccumFrames=1 PresentTime=9554165321408
[DxgiCapture] acquire: texture OK 000001A57B8304E0
[DxgiCapture] acquire: hr=0x00000000 AccumFrames=1 PresentTime=9554165479591
[DxgiCapture] acquire: texture OK 000001A57B8304E0
[DxgiCapture] acquire: hr=0x00000000 AccumFrames=1 PresentTime=9554165694330
[DxgiCapture] acquire: texture OK 000001A57B8304E0
[DxgiCapture] acquire: hr=0x00000000 AccumFrames=1 PresentTime=9554165888430
[DxgiCapture] acquire: texture OK 000001A57B8304E0
[DxgiCapture] acquire: hr=0x00000000 AccumFrames=1 PresentTime=9554166063352
[DxgiCapture] acquire: texture OK 000001A57B8304E0
[DxgiCapture] acquire: hr=0x00000000 AccumFrames=1 PresentTime=9554166249349
[DxgiCapture] acquire: texture OK 000001A57B8304E0
[DxgiCapture] acquire: hr=0x00000000 AccumFrames=1 PresentTime=9554166433678
[DxgiCapture] acquire: texture OK 000001A57B8304E0
[DxgiCapture] acquire: hr=0x00000000 AccumFrames=1 PresentTime=9554166621308
[DxgiCapture] acquire: texture OK 000001A57B8304E0
[DxgiCapture] acquire: hr=0x00000000 AccumFrames=1 PresentTime=9554166786202
[DxgiCapture] acquire: texture OK 000001A57B8304E0
[DxgiCapture] acquire: hr=0x00000000 AccumFrames=1 PresentTime=9554167152510
[DxgiCapture] acquire: texture OK 000001A57B8304E0
[DxgiCapture] acquire: hr=0x00000000 AccumFrames=1 PresentTime=9554167346958
[DxgiCapture] acquire: texture OK 000001A57B8304E0
[DxgiCapture] acquire: hr=0x00000000 AccumFrames=1 PresentTime=9554167523454
[DxgiCapture] acquire: texture OK 000001A57B8304E0
[DxgiCapture] acquire: hr=0x00000000 AccumFrames=1 PresentTime=9554167712388
[DxgiCapture] acquire: texture OK 000001A57B8304E0
[DxgiCapture] acquire: hr=0x00000000 AccumFrames=1 PresentTime=9554167896012
[DxgiCapture] acquire: texture OK 000001A57B8304E0
[DxgiCapture] acquire: hr=0x00000000 AccumFrames=1 PresentTime=9554168032856
[DxgiCapture] acquire: texture OK 000001A57B8304E0
[DxgiCapture] acquire: hr=0x00000000 AccumFrames=1 PresentTime=9554168282326
[DxgiCapture] acquire: texture OK 000001A57B8304E0
[DxgiCapture] acquire: hr=0x00000000 AccumFrames=1 PresentTime=9554168472194
[DxgiCapture] acquire: texture OK 000001A57B8304E0
[DxgiCapture] acquire: hr=0x00000000 AccumFrames=1 PresentTime=9554168641426
[DxgiCapture] acquire: texture OK 000001A57B8304E0
[DxgiCapture] acquire: hr=0x00000000 AccumFrames=1 PresentTime=9554168829475
[DxgiCapture] acquire: texture OK 000001A57B8304E0
[DxgiCapture] acquire: hr=0x00000000 AccumFrames=1 PresentTime=9554169011531
[DxgiCapture] acquire: texture OK 000001A57B8304E0
[DxgiCapture] acquire: hr=0x00000000 AccumFrames=1 PresentTime=9554169210271
[DxgiCapture] acquire: texture OK 000001A57B8304E0
[DxgiCapture] acquire: hr=0x00000000 AccumFrames=1 PresentTime=9554169396711
[DxgiCapture] acquire: texture OK 000001A57B8304E0
[DxgiCapture] acquire: hr=0x00000000 AccumFrames=1 PresentTime=9554169587776
[DxgiCapture] acquire: texture OK 000001A57B8304E0
[DxgiCapture] acquire: hr=0x00000000 AccumFrames=1 PresentTime=9554169783774
[DxgiCapture] acquire: texture OK 000001A57B8304E0
[DxgiCapture] acquire: hr=0x00000000 AccumFrames=1 PresentTime=9554169937533
[DxgiCapture] acquire: texture OK 000001A57B8304E0
[DxgiCapture] acquire: hr=0x00000000 AccumFrames=1 PresentTime=9554170164080
[DxgiCapture] acquire: texture OK 000001A57B8304E0
[DxgiCapture] acquire: hr=0x00000000 AccumFrames=1 PresentTime=9554170301161
[DxgiCapture] acquire: texture OK 000001A57B8304E0
[DxgiCapture] acquire: hr=0x00000000 AccumFrames=1 PresentTime=9554170533176
[DxgiCapture] acquire: texture OK 000001A57B8304E0
[DxgiCapture] acquire: hr=0x00000000 AccumFrames=1 PresentTime=9554170755401
[DxgiCapture] acquire: texture OK 000001A57B8304E0
[DxgiCapture] acquire: hr=0x00000000 AccumFrames=1 PresentTime=9554170945042
[DxgiCapture] acquire: texture OK 000001A57B8304E0
[DxgiCapture] acquire: hr=0x00000000 AccumFrames=1 PresentTime=9554171169809
[DxgiCapture] acquire: texture OK 000001A57B8304E0
[DxgiCapture] acquire: hr=0x00000000 AccumFrames=1 PresentTime=9554171345413
[DxgiCapture] acquire: texture OK 000001A57B8304E0
[DxgiCapture] acquire: hr=0x00000000 AccumFrames=1 PresentTime=9554171519723
[DxgiCapture] acquire: texture OK 000001A57B8304E0
[DxgiCapture] acquire: hr=0x00000000 AccumFrames=1 PresentTime=9554171701790
[DxgiCapture] acquire: texture OK 000001A57B8304E0
[DxgiCapture] acquire: hr=0x00000000 AccumFrames=1 PresentTime=9554171899369
[DxgiCapture] acquire: texture OK 000001A57B8304E0
[DxgiCapture] acquire: hr=0x00000000 AccumFrames=1 PresentTime=9554172094451
[DxgiCapture] acquire: texture OK 000001A57B8304E0
[DxgiCapture] acquire: hr=0x00000000 AccumFrames=1 PresentTime=9554172279047
[DxgiCapture] acquire: texture OK 000001A57B8304E0
[DxgiCapture] acquire: hr=0x00000000 AccumFrames=1 PresentTime=9554172478884
[DxgiCapture] acquire: texture OK 000001A57B8304E0
[DxgiCapture] acquire: hr=0x00000000 AccumFrames=1 PresentTime=9554172658563
[DxgiCapture] acquire: texture OK 000001A57B8304E0
[DxgiCapture] acquire: hr=0x00000000 AccumFrames=1 PresentTime=9554172989483
[DxgiCapture] acquire: texture OK 000001A57B8304E0
[DxgiCapture] acquire: hr=0x00000000 AccumFrames=1 PresentTime=9554173166821
[DxgiCapture] acquire: texture OK 000001A57B8304E0
[DxgiCapture] acquire: hr=0x00000000 AccumFrames=1 PresentTime=9554173360956
[DxgiCapture] acquire: texture OK 000001A57B8304E0
[DxgiCapture] acquire: hr=0x00000000 AccumFrames=1 PresentTime=9554173531420
[DxgiCapture] acquire: texture OK 000001A57B8304E0
[DxgiCapture] acquire: hr=0x00000000 AccumFrames=1 PresentTime=9554173724298
[DxgiCapture] acquire: texture OK 000001A57B8304E0
[DxgiCapture] acquire: hr=0x00000000 AccumFrames=1 PresentTime=9554173886694
[DxgiCapture] acquire: texture OK 000001A57B8304E0
[DxgiCapture] acquire: hr=0x00000000 AccumFrames=1 PresentTime=9554174063070
[DxgiCapture] acquire: texture OK 000001A57B8304E0
[DxgiCapture] acquire: hr=0x00000000 AccumFrames=1 PresentTime=9554174254606
[DxgiCapture] acquire: texture OK 000001A57B8304E0
[DxgiCapture] acquire: hr=0x00000000 AccumFrames=1 PresentTime=9554174457448
[DxgiCapture] acquire: texture OK 000001A57B8304E0
[DxgiCapture] acquire: hr=0x00000000 AccumFrames=1 PresentTime=9554174639005
[DxgiCapture] acquire: texture OK 000001A57B8304E0
[DxgiCapture] acquire: hr=0x00000000 AccumFrames=1 PresentTime=9554174814578
[DxgiCapture] acquire: texture OK 000001A57B8304E0
[DxgiCapture] acquire: hr=0x00000000 AccumFrames=1 PresentTime=9554175000276
[DxgiCapture] acquire: texture OK 000001A57B8304E0
[DxgiCapture] acquire: hr=0x00000000 AccumFrames=1 PresentTime=9554175176301
[DxgiCapture] acquire: texture OK 000001A57B8304E0
[DxgiCapture] acquire: hr=0x00000000 AccumFrames=1 PresentTime=9554175408598
[DxgiCapture] acquire: texture OK 000001A57B8304E0
[DxgiCapture] acquire: hr=0x00000000 AccumFrames=1 PresentTime=9554175630404
[DxgiCapture] acquire: texture OK 000001A57B8304E0
[DxgiCapture] acquire: hr=0x00000000 AccumFrames=1 PresentTime=9554175819084
[DxgiCapture] acquire: texture OK 000001A57B8304E0
[DxgiCapture] acquire: hr=0x00000000 AccumFrames=1 PresentTime=9554175974182
[DxgiCapture] acquire: texture OK 000001A57B8304E0
[DxgiCapture] acquire: hr=0x00000000 AccumFrames=1 PresentTime=9554176157073
[DxgiCapture] acquire: texture OK 000001A57B8304E0
[DxgiCapture] acquire: hr=0x00000000 AccumFrames=1 PresentTime=9554176362077
[DxgiCapture] acquire: texture OK 000001A57B8304E0
[DxgiCapture] acquire: hr=0x00000000 AccumFrames=1 PresentTime=9554176519084
[DxgiCapture] acquire: texture OK 000001A57B8304E0
[DxgiCapture] acquire: hr=0x00000000 AccumFrames=1 PresentTime=9554176734155
[DxgiCapture] acquire: texture OK 000001A57B8304E0
[DxgiCapture] acquire: hr=0x00000000 AccumFrames=1 PresentTime=9554176895239
[DxgiCapture] acquire: texture OK 000001A57B8304E0
[DxgiCapture] acquire: hr=0x00000000 AccumFrames=1 PresentTime=9554177063809
[DxgiCapture] acquire: texture OK 000001A57B8304E0
[DxgiCapture] acquire: hr=0x00000000 AccumFrames=1 PresentTime=9554177235380
[DxgiCapture] acquire: texture OK 000001A57B8304E0
[DxgiCapture] acquire: hr=0x00000000 AccumFrames=1 PresentTime=9554177411569
[DxgiCapture] acquire: texture OK 000001A57B8304E0
[DxgiCapture] acquire: hr=0x00000000 AccumFrames=1 PresentTime=9554177602594
[DxgiCapture] acquire: texture OK 000001A57B8304E0
[DxgiCapture] acquire: hr=0x00000000 AccumFrames=1 PresentTime=9554177776905
[DxgiCapture] acquire: texture OK 000001A57B8304E0
[DxgiCapture] acquire: hr=0x00000000 AccumFrames=1 PresentTime=9554177962199
[DxgiCapture] acquire: texture OK 000001A57B8304E0
[DxgiCapture] acquire: hr=0x00000000 AccumFrames=1 PresentTime=9554178158847
[DxgiCapture] acquire: texture OK 000001A57B8304E0
[DxgiCapture] acquire: hr=0x00000000 Accu