[DxgiCapture] Display adapter: AMD Radeon 780M Graphics
[DxgiCapture] Encode adapter: NVIDIA GeForce RTX 4070 Laptop GPU (NVIDIA)
[GpuContext] Ready: AMD Radeon 780M Graphics
[GpuContext] Ready: NVIDIA GeForce RTX 4070 Laptop GPU
[DxgiCapture] Session ready  output=0  1920x1080  fmt=87
[GpuRM] Init OK  adapter=same  1920x1080  fmt=87
[DxgiCapture] Pipeline ready  1920x1080  cross_adapter=no
[NVENC] SDK not available — set NVENC_SDK_PATH at CMake configure time
[DxgiCapture] acquire: hr=0x00000000 AccumFrames=0 PresentTime=0
[DxgiCapture] acquire: hr=0x00000000 AccumFrames=3 PresentTime=9573014905139
[DxgiCapture] acquire: texture OK 0000024D01C929A0
[DxgiCapture] transfer() OK encode_tex=0000024D01B9A3E0
[Preview] Staging texture created 1920x1080
[Preview] First frame: 1920x1080 pitch=7680
[DxgiCapture] acquire: hr=0x00000000 AccumFrames=5 PresentTime=9573015253001
[DxgiCapture] acquire: texture OK 0000024D01C929A0
[DxgiCapture] transfer() OK encode_tex=0000024D01B9A3E0
[DxgiCapture] acquire: hr=0x00000000 AccumFrames=3 PresentTime=9573015457049
[DxgiCapture] acquire: texture OK 0000024D01C929A0
[DxgiCapture] transfer() OK encode_tex=0000024D01B9A3E0
[DxgiCapture] acquire: hr=0x00000000 AccumFrames=1 PresentTime=9573015532725
[DxgiCapture] acquire: texture OK 0000024D01C929A0
[DxgiCapture] acquire: hr=0x00000000 AccumFrames=1 PresentTime=9573015955554
[DxgiCapture] acquire: texture OK 0000024D01C929A0
[DxgiCapture] acquire: WAIT_TIMEOUT #1
[DxgiCapture] acquire: hr=0x00000000 AccumFrames=1 PresentTime=9573016361406
[DxgiCapture] acquire: texture OK 0000024D01C929A0
[DxgiCapture] acquire: WAIT_TIMEOUT #2
[DxgiCapture] acquire: hr=0x00000000 AccumFrames=1 PresentTime=9573017081716
[DxgiCapture] acquire: texture OK 0000024D01C929A0
[DxgiCapture] acquire: hr=0x00000000 AccumFrames=2 PresentTime=9573017227859
[DxgiCapture] acquire: texture OK 0000024D01C929A0
[DxgiCapture] acquire: hr=0x00000000 AccumFrames=3 PresentTime=9573017445535
[DxgiCapture] acquire: texture OK 0000024D01C929A0
[DxgiCapture] acquire: hr=0x00000000 AccumFrames=3 PresentTime=9573017645993
[DxgiCapture] acquire: texture OK 0000024D01C929A0
[DxgiCapture] acquire: hr=0x00000000 AccumFrames=4 PresentTime=9573017913713
[DxgiCapture] acquire: texture OK 0000024D01C929A0
[DxgiCapture] acquire: hr=0x00000000 AccumFrames=3 PresentTime=9573018133593
[DxgiCapture] acquire: texture OK 0000024D01C929A0
[DxgiCapture] acquire: hr=0x00000000 AccumFrames=2 PresentTime=9573018284050
[DxgiCapture] acquire: texture OK 0000024D01C929A0
[DxgiCapture] acquire: hr=0x00000000 AccumFrames=3 PresentTime=9573018491054
[DxgiCapture] acquire: texture OK 0000024D01C929A0
[DxgiCapture] acquire: hr=0x00000000 AccumFrames=2 PresentTime=9573018626860
[DxgiCapture] acquire: texture OK 0000024D01C929A0
[DxgiCapture] acquire: hr=0x00000000 AccumFrames=3 PresentTime=9573018857820
[DxgiCapture] acquire: texture OK 0000024D01C929A0
[DxgiCapture] acquire: hr=0x00000000 AccumFrames=2 PresentTime=9573018989121
[DxgiCapture] acquire: texture OK 0000024D01C929A0
[DxgiCapture] acquire: hr=0x00000000 AccumFrames=3 PresentTime=9573019196052
[DxgiCapture] acquire: texture OK 0000024D01C929A0
[DxgiCapture] acquire: hr=0x00000000 AccumFrames=3 PresentTime=9573019401912
[DxgiCapture] acquire: texture OK 0000024D01C929A0
[DxgiCapture] acquire: hr=0x00000000 AccumFrames=2 PresentTime=9573019528558
[DxgiCapture] acquire: texture OK 0000024D01C929A0
[DxgiCapture] acquire: hr=0x00000000 AccumFrames=3 PresentTime=9573019740324
[DxgiCapture] acquire: texture OK 0000024D01C929A0
[DxgiCapture] acquire: hr=0x00000000 AccumFrames=3 PresentTime=9573019924834
[DxgiCapture] acquire: texture OK 0000024D01C929A0
[DxgiCapture] acquire: hr=0x00000000 AccumFrames=2 PresentTime=9573020069576
[DxgiCapture] acquire: texture OK 0000024D01C929A0
[DxgiCapture] acquire: hr=0x00000000 AccumFrames=3 PresentTime=9573020280071
[DxgiCapture] acquire: texture OK 0000024D01C929A0
[DxgiCapture] acquire: hr=0x00000000 AccumFrames=3 PresentTime=9573020480945
[DxgiCapture] acquire: texture OK 0000024D01C929A0
[DxgiCapture] acquire: hr=0x00000000 AccumFrames=2 PresentTime=9573020629531
[DxgiCapture] acquire: texture OK 0000024D01C929A0
[DxgiCapture] acquire: hr=0x00000000 AccumFrames=3 PresentTime=9573020837837
[DxgiCapture] acquire: texture OK 0000024D01C929A0
[DxgiCapture] acquire: hr=0x00000000 AccumFrames=3 PresentTime=9573021031998
[DxgiCapture] acquire: texture OK 0000024D01C929A0
[DxgiCapture] acquire: hr=0x00000000 AccumFrames=3 PresentTime=9573021242772
[DxgiCapture] acquire: texture OK 0000024D01C929A0
[DxgiCapture] acquire: hr=0x00000000 AccumFrames=2 PresentTime=9573021378648
[DxgiCapture] acquire: texture OK 0000024D01C929A0
[DxgiCapture] acquire: hr=0x00000000 AccumFrames=3 PresentTime=9573021590483
[DxgiCapture] acquire: texture OK 0000024D01C929A0
[DxgiCapture] acquire: hr=0x00000000 AccumFrames=2 PresentTime=9573021734103
[DxgiCapture] acquire: texture OK 0000024D01C929A0
[DxgiCapture] acquire: hr=0x00000000 AccumFrames=3 PresentTime=9573021939050
[DxgiCapture] acquire: texture OK 0000024D01C929A0
[DxgiCapture] acquire: hr=0x00000000 AccumFrames=2 PresentTime=9573022081026
[DxgiCapture] acquire: texture OK 0000024D01C929A0
[DxgiCapture] acquire: hr=0x00000000 AccumFrames=3 PresentTime=9573022286628
[DxgiCapture] acquire: texture OK 0000024D01C929A0
[DxgiCapture] acquire: hr=0x00000000 AccumFrames=2 PresentTime=9573022422340
[DxgiCapture] acquire: texture OK 0000024D01C929A0
[DxgiCapture] acquire: hr=0x00000000 AccumFrames=3 PresentTime=9573022633976
[DxgiCapture] acquire: texture OK 0000024D01C929A0
[DxgiCapture] acquire: hr=0x00000000 AccumFrames=2 PresentTime=9573022772015
[DxgiCapture] acquire: texture OK 0000024D01C929A0
[DxgiCapture] acquire: hr=0x00000000 AccumFrames=3 PresentTime=9573022980556
[DxgiCapture] acquire: texture OK 0000024D01C929A0
[DxgiCapture] acquire: hr=0x00000000 AccumFrames=2 PresentTime=9573023124473
[DxgiCapture] acquire: texture OK 0000024D01C929A0
[DxgiCapture] acquire: hr=0x00000000 AccumFrames=3 PresentTime=9573023328325
[DxgiCapture] acquire: texture OK 0000024D01C929A0
[DxgiCapture] acquire: hr=0x00000000 AccumFrames=2 PresentTime=9573023469867
[DxgiCapture] acquire: texture OK 0000024D01C929A0
[DxgiCapture] acquire: hr=0x00000000 AccumFrames=3 PresentTime=9573023677929
[DxgiCapture] acquire: texture OK 0000024D01C929A0
[DxgiCapture] acquire: hr=0x00000000 AccumFrames=2 PresentTime=9573023817566
[DxgiCapture] acquire: texture OK 0000024D01C929A0
[DxgiCapture] acquire: hr=0x00000000 AccumFrames=3 PresentTime=9573024023944
[DxgiCapture] acquire: texture OK 0000024D01C929A0
[DxgiCapture] acquire: hr=0x00000000 AccumFrames=2 PresentTime=9573024169648
[DxgiCapture] acquire: texture OK 0000024D01C929A0
[DxgiCapture] acquire: hr=0x00000000 AccumFrames=3 PresentTime=9573024365210
[DxgiCapture] acquire: texture OK 0000024D01C929A0
[DxgiCapture] acquire: hr=0x00000000 AccumFrames=2 PresentTime=9573024511961
[DxgiCapture] acquire: texture OK 0000024D01C929A0
[DxgiCapture] acquire: hr=0x00000000 AccumFrames=3 PresentTime=9573024721812
[DxgiCapture] acquire: texture OK 0000024D01C929A0
[DxgiCapture] acquire: hr=0x00000000 AccumFrames=2 PresentTime=9573024870761
[DxgiCapture] acquire: texture OK 0000024D01C929A0
[DxgiCapture] acquire: hr=0x00000000 AccumFrames=3 PresentTime=9573025059698
[DxgiCapture] acquire: texture OK 0000024D01C929A0
[DxgiCapture] acquire: hr=0x00000000 AccumFrames=2 PresentTime=9573025206839
[DxgiCapture] acquire: texture OK 0000024D01C929A0
[DxgiCapture] acquire: hr=0x00000000 AccumFrames=3 PresentTime=9573025410374
[DxgiCapture] acquire: texture OK 0000024D01C929A0
[DxgiCapture] acquire: hr=0x00000000 AccumFrames=3 PresentTime=9573025625046
[DxgiCapture] acquire: texture OK 0000024D01C929A0
[DxgiCapture] acquire: hr=0x00000000 AccumFrames=2 PresentTime=9573025762033
[DxgiCapture] acquire: texture OK 0000024D01C929A0
[DxgiCapture] acquire: hr=0x00000000 AccumFrames=3 PresentTime=9573025969673
[DxgiCapture] acquire: texture OK 0000024D01C929A0
[DxgiCapture] acquire: hr=0x00000000 AccumFrames=2 PresentTime=9573026114940
[DxgiCapture] acquire: texture OK 0000024D01C929A0
[DxgiCapture] acquire: hr=0x00000000 AccumFrames=3 PresentTime=9573026328334
[DxgiCapture] acquire: texture OK 0000024D01C929A0
[DxgiCapture] acquire: hr=0x00000000 AccumFrames=3 PresentTime=9573026530977
[DxgiCapture] acquire: texture OK 0000024D01C929A0
[DxgiCapture] acquire: hr=0x00000000 AccumFrames=2 PresentTime=9573026666459
[DxgiCapture] acquire: texture OK 0000024D01C929A0
[DxgiCapture] acquire: hr=0x00000000 AccumFrames=2 PresentTime=9573026800500
[DxgiCapture] acquire: texture OK 0000024D01C929A0
[DxgiCapture] acquire: hr=0x00000000 AccumFrames=3 PresentTime=9573027032832
[DxgiCapture] acquire: texture OK 0000024D01C929A0
[DxgiCapture] acquire: hr=0x00000000 AccumFrames=3 PresentTime=9573027242508
[DxgiCapture] acquire: texture OK 0000024D01C929A0
[DxgiCapture] acquire: hr=0x00000000 AccumFrames=3 PresentTime=9573027423372
[DxgiCapture] acquire: texture OK 0000024D01C929A0
[DxgiCapture] acquire: hr=0x00000000 AccumFrames=1 PresentTime=9573027637539
[DxgiCapture] acquire: texture OK 0000024D01C929A0
[DxgiCapture] acquire: hr=0x00000000 AccumFrames=1 PresentTime=9573027821913
[DxgiCapture] acquire: texture OK 0000024D01C929A0
[DxgiCapture] acquire: hr=0x00000000 AccumFrames=1 PresentTime=9573027977206
[DxgiCapture] acquire: texture OK 0000024D01C929A0
[DxgiCapture] acquire: hr=0x00000000 AccumFrames=1 PresentTime=9573028305454
[DxgiCapture] acquire: texture OK 0000024D01C929A0
[DxgiCapture] acquire: hr=0x00000000 AccumFrames=1 PresentTime=9573028512675
[DxgiCapture] acquire: texture OK 0000024D01C929A0
[DxgiCapture] acquire: hr=0x00000000 AccumFrames=1 PresentTime=9573028711764
[DxgiCapture] acquire: texture OK 0000024D01C929A0
[DxgiCapture] acquire: hr=0x00000000 AccumFrames=1 PresentTime=9573028853674
[DxgiCapture] acquire: texture OK 0000024D01C929A0
[DxgiCapture] acquire: hr=0x00000000 AccumFrames=1 PresentTime=9573029084640
[DxgiCapture] acquire: texture OK 0000024D01C929A0
[DxgiCapture] acquire: hr=0x00000000 AccumFrames=1 PresentTime=9573029228371
[DxgiCapture] acquire: texture OK 0000024D01C929A0
[DxgiCapture] acquire: hr=0x00000000 AccumFrames=1 PresentTime=9573029438112
[DxgiCapture] acquire: texture OK 0000024D01C929A0
[DxgiCapture] acquire: hr=0x00000000 AccumFrames=1 PresentTime=9573029624950
[DxgiCapture] acquire: texture OK 0000024D01C929A0
[DxgiCapture] acquire: hr=0x00000000 AccumFrames=1 PresentTime=9573029780267
[DxgiCapture] acquire: texture OK 0000024D01C929A0
[DxgiCapture] acquire: hr=0x00000000 AccumFrames=1 PresentTime=9573030005845
[DxgiCapture] acquire: texture OK 0000024D01C929A0
[DxgiCapture] acquire: hr=0x00000000 AccumFrames=1 PresentTime=9573030219015
[DxgiCapture] acquire: texture OK 0000024D01C929A0
[DxgiCapture] acquire: hr=0x00000000 AccumFrames=1 PresentTime=9573030392543
[DxgiCapture] acquire: texture OK 0000024D01C929A0
[DxgiCapture] acquire: hr=0x00000000 AccumFrames=1 PresentTime=9573030544923
[DxgiCapture] acquire: texture OK 0000024D01C929A0
[DxgiCapture] acquire: hr=0x00000000 AccumFrames=1 PresentTime=9573030773486
[DxgiCapture] acquire: texture OK 0000024D01C929A0
[DxgiCapture] acquire: hr=0x00000000 AccumFrames=1 PresentTime=9573030993663
[DxgiCapture] acquire: texture OK 0000024D01C929A0
[DxgiCapture] acquire: hr=0x00000000 AccumFrames=1 PresentTime=9573031156235
[DxgiCapture] acquire: texture OK 0000024D01C929A0
[DxgiCapture] acquire: hr=0x00000000 AccumFrames=1 PresentTime=9573031388087
[DxgiCapture] acquire: texture OK 0000024D01C929A0
[DxgiCapture] acquire: hr=0x00000000 AccumFrames=1 PresentTime=9573031580450
[DxgiCapture] acquire: texture OK 0000024D01C929A0
[DxgiCapture] acquire: hr=0x00000000 AccumFrames=1 PresentTime=9573031751040
[DxgiCapture] acquire: texture OK 0000024D01C929A0
[DxgiCapture] acquire: hr=0x00000000 AccumFrames=1 PresentTime=9573031899985
[DxgiCapture] acquire: texture OK 0000024D01C929A0
[DxgiCapture] acquire: hr=0x00000000 AccumFrames=1 PresentTime=9573032073821
[DxgiCapture] acquire: texture OK 0000024D01C929A0
[DxgiCapture] acquire: hr=0x00000000 AccumFrames=1 PresentTime=9573032251473
[DxgiCapture] acquire: texture OK 0000024D01C929A0
[DxgiCapture] acquire: hr=0x00000000 AccumFrames=1 PresentTime=9573032420578
[DxgiCapture] acquire: texture OK 0000024D01C929A0
[DxgiCapture] acquire: hr=0x00000000 AccumFrames=1 PresentTime=9573032636219
[DxgiCapture] acquire: texture OK 0000024D01C929A0
[DxgiCapture] acquire: hr=0x00000000 AccumFrames=1 PresentTime=9573032782753
[DxgiCapture] acquire: texture OK 0000024D01C929A0
[DxgiCapture] acquire: hr=0x00000000 AccumFrames=1 PresentTime=9573032952448
[DxgiCapture] acquire: texture OK 0000024D01C929A0
[DxgiCapture] acquire: hr=0x00000000 AccumFrames=1 PresentTime=9573033122621
[DxgiCapture] acquire: texture OK 0000024D01C929A0
[DxgiCapture] acquire: hr=0x00000000 AccumFrames=1 PresentTime=9573033311127
[DxgiCapture] acquire: texture OK 0000024D01C929A0
[DxgiCapture] acquire: hr=0x00000000 AccumFrames=1 PresentTime=9573033510233
[DxgiCapture] acquire: texture OK 0000024D01C929A0
[DxgiCapture] acquire: hr=0x00000000 AccumFrames=1 PresentTime=9573033679544
[DxgiCapture] acquire: texture OK 0000024D01C929A0
[DxgiCapture] acquire: hr=0x00000000 AccumFrames=1 PresentTime=9573033827870
[DxgiCapture] acquire: texture OK 0000024D01C929A0
[DxgiCapture] acquire: hr=0x00000000 AccumFrames=1 PresentTime=9573033999260
[DxgiCapture] acquire: texture OK 0000024D01C929A0
[DxgiCapture] acquire: hr=0x00000000 AccumFrames=1 PresentTime=9573034166323
[DxgiCapture] acquire: texture OK 0000024D01C929A0
[DxgiCapture] acquire: hr=0x00000000 AccumFrames=1 PresentTime=9573034340114
[DxgiCapture] acquire: texture OK 0000024D01C929A0
[DxgiCapture] acquire: hr=0x00000000 AccumFrames=1 PresentTime=9573034584638
[DxgiCapture] acquire: texture OK 0000024D01C929A0
[DxgiCapture] acquire: hr=0x00000000 AccumFrames=1 PresentTime=9573034726157
[DxgiCapture] acquire: texture OK 0000024D01C929A0
[DxgiCapture] acquire: hr=0x00000000 AccumFrames=1 PresentTime=9573034900325
[DxgiCapture] acquire: texture OK 0000024D01C929A0
[DxgiCapture] acquire: hr=0x00000000 AccumFrames=1 PresentTime=9573035069052
[DxgiCapture] acquire: texture OK 0000024D01C929A0
[DxgiCapture] acquire: hr=0x00000000 AccumFrames=1 PresentTime=9573035245434
[DxgiCapture] acquire: texture OK 0000024D01C929A0
[DxgiCapture] acquire: hr=0x00000000 AccumFrames=1 PresentTime=9573035412583
[DxgiCapture] acquire: texture OK 0000024D01C929A0
[DxgiCapture] acquire: hr=0x00000000 AccumFrames=1 PresentTime=9573035594776
[DxgiCapture] acquire: texture OK 0000024D01C929A0
[DxgiCapture] acquire: hr=0x00000000 AccumFrames=1 PresentTime=9573035758934
[DxgiCapture] acquire: texture OK 0000024D01C929A0
[DxgiCapture] acquire: hr=0x00000000 AccumFrames=1 PresentTime=9573035979268
[DxgiCapture] acquire: texture OK 0000024D01C929A0
[DxgiCapture] acquire: hr=0x00000000 AccumFrames=1 PresentTime=9573036177390
[DxgiCapture] acquire: texture OK 0000024D01C929A0
[DxgiCapture] acquire: hr=0x00000000 AccumFrames=1 PresentTime=9573036347474
[DxgiCapture] acquire: texture OK 0000024D01C929A0
[DxgiCapture] acquire: hr=0x00000000 AccumFrames=1 PresentTime=9573036714339
[DxgiCapture] acquire: texture OK 0000024D01C929A0
[DxgiCapture] acquire: hr=0x00000000 AccumFrames=1 PresentTime=9573036964374
[DxgiCapture] acquire: texture OK 0000024D01C929A0
[DxgiCapture] acquire: hr=0x00000000 AccumFrames=1 PresentTime=9573037170308
[DxgiCapture] acquire: texture OK 0000024D01C929A0
[DxgiCapture] acquire: hr=0x00000000 AccumFrames=1 PresentTime=9573037363723
[DxgiCapture] acquire: texture OK 0000024D01C929A0
[DxgiCapture] acquire: hr=0x00000000 AccumFrames=1 PresentTime=9573037504897
[DxgiCapture] acquire: texture OK 0000024D01C929A0
[DxgiCapture] acquire: hr=0x00000000 AccumFrames=1 PresentTime=9573037720400
[DxgiCapture] acquire: texture OK 0000024D01C929A0
[DxgiCapture] acquire: hr=0x00000000 AccumFrames=1 PresentTime=9573037928138
[DxgiCapture] acquire: texture OK 0000024D01C929A0
[DxgiCapture] acquire: hr=0x00000000 AccumFrames=1 PresentTime=9573038123581
[DxgiCapture] acquire: texture OK 0000024D01C929A0
[DxgiCapture] acquire: hr=0x00000000 AccumFrames=1 PresentTime=9573038262845
[DxgiCapture] acquire: texture OK 0000024D01C929A0
[DxgiCapture] acquire: hr=0x00000000 AccumFrames=1 PresentTime=9573038480386
[DxgiCapture] acquire: texture OK 0000024D01C929A0
[DxgiCapture] acquire: hr=0x00000000 AccumFrames=1 PresentTime=9573038697803
[DxgiCapture] acquire: texture OK 0000024D01C929A0
[DxgiCapture] acquire: hr=0x00000000 AccumFrames=1 PresentTime=9573038897629
[DxgiCapture] acquire: texture OK 0000024D01C929A0
[DxgiCapture] acquire: hr=0x00000000 AccumFrames=1 PresentTime=9573039055421
[DxgiCapture] acquire: texture OK 0000024D01C929A0
[DxgiCapture] acquire: hr=0x00000000 AccumFrames=1 PresentTime=9573039270864
[DxgiCapture] acquire: texture OK 0000024D01C929A0
[DxgiCapture] acquire: hr=0x00000000 AccumFrames=1 PresentTime=9573039443237
[DxgiCapture] acquire: texture OK 0000024D01C929A0
[DxgiCapture] acquire: hr=0x00000000 AccumFrames=1 PresentTime=9573039631542
[DxgiCapture] acquire: texture OK 0000024D01C929A0
[DxgiCapture] acquire: hr=0x00000000 AccumFrames=1 PresentTime=9573039797724
[DxgiCapture] acquire: texture OK 0000024D01C929A0
[DxgiCapture] acquire: hr=0x00000000 AccumFrames=1 PresentTime=9573039994750
[DxgiCapture] acquire: texture OK 0000024D01C929A0
[DxgiCapture] acquire: hr=0x00000000 AccumFrames=1 PresentTime=9573040222232
[DxgiCapture] acquire: texture OK 0000024D01C929A0
[DxgiCapture] acquire: hr=0x00000000 AccumFrames=1 PresentTime=9573040436881
[DxgiCapture] acquire: texture OK 0000024D01C929A0
[DxgiCapture] acquire: hr=0x00000000 AccumFrames=1 PresentTime=9573040635093
[DxgiCapture] acquire: texture OK 0000024D01C929A0
[DxgiCapture] acquire: hr=0x00000000 AccumFrames=1 PresentTime=9573040840544
[DxgiCapture] acquire: texture OK 0000024D01C929A0
[DxgiCapture] acquire: hr=0x00000000 AccumFrames=1 PresentTime=9573041035134
[DxgiCapture] acquire: texture OK 0000024D01C929A0
[DxgiCapture] acquire: hr=0x00000000 AccumFrames=1 PresentTime=9573041192425
[DxgiCapture] acquire: texture OK 0000024D01C929A0
[DxgiCapture] acquire: hr=0x00000000 AccumFrames=1 PresentTime=9573041518756
[DxgiCapture] acquire: texture OK 0000024D01C929A0
[DxgiCapture] acquire: hr=0x00000000 AccumFrames=1 PresentTime=9573041731842
[DxgiCapture] acquire: texture OK 0000024D01C929A0
[DxgiCapture] acquire: hr=0x00000000 AccumFrames=1 PresentTime=9573041957668
[DxgiCapture] acquire: texture OK 0000024D01C929A0
[DxgiCapture] acquire: hr=0x00000000 AccumFrames=1 PresentTime=9573042167670
[DxgiCapture] acquire: texture OK 0000024D01C929A0
[DxgiCapture] acquire: hr=0x00000000 AccumFrames=1 PresentTime=9573042368166
[DxgiCapture] acquire: texture OK 0000024D01C929A0
[DxgiCapture] acquire: hr=0x00000000 AccumFrames=1 PresentTime=9573042571683
[DxgiCapture] acquire: texture OK 0000024D01C929A0
[DxgiCapture] acquire: hr=0x00000000 AccumFrames=1 PresentTime=9573042766140
[DxgiCapture] acquire: texture OK 0000024D01C929A0
[DxgiCapture] acquire: hr=0x00000000 AccumFrames=1 PresentTime=9573042969890
[DxgiCapture] acquire: texture OK 0000024D01C929A0
[DxgiCapture] acquire: hr=0x00000000 AccumFrames=1 PresentTime=9573043153150
[DxgiCapture] acquire: texture OK 0000024D01C929A0
[DxgiCapture] acquire: hr=0x00000000 AccumFrames=1 PresentTime=9573043312380
[DxgiCapture] acquire: texture OK 0000024D01C929A0
[DxgiCapture] acquire: hr=0x00000000 AccumFrames=1 PresentTime=9573043502014
[DxgiCapture] acquire: texture OK 0000024D01C929A0
[DxgiCapture] acquire: hr=0x00000000 AccumFrames=1 PresentTime=9573043677328
[DxgiCapture] acquire: texture OK 0000024D01C929A0
[DxgiCapture] acquire: hr=0x00000000 AccumFrames=1 PresentTime=9573043841488
[DxgiCapture] acquire: texture OK 0000024D01C929A0
[DxgiCapture] acquire: hr=0x00000000 AccumFrames=1 PresentTime=9573044090460
[DxgiCapture] acquire: texture OK 0000024D01C929A0
[DxgiCapture] acquire: hr=0x00000000 AccumFrames=1 PresentTime=9573044284152
[DxgiCapture] acquire: texture OK 0000024D01C929A0
[DxgiCapture] acquire: hr=0x00000000 AccumFrames=1 PresentTime=9573044468589
[DxgiCapture] acquire: texture OK 0000024D01C929A0
[DxgiCapture] acquire: hr=0x00000000 AccumFrames=1 PresentTime=9573044648080
[DxgiCapture] acquire: texture OK 0000024D01C929A0
[DxgiCapture] acquire: hr=0x00000000 AccumFrames=1 PresentTime=9573044799244
[DxgiCapture] acquire: texture OK 0000024D01C929A0
[DxgiCapture] acquire: hr=0x00000000 AccumFrames=1 PresentTime=9573045070508
[DxgiCapture] acquire: texture OK 0000024D01C929A0
[DxgiCapture] acquire: hr=0x00000000 AccumFrames=1 PresentTime=9573045266128
[DxgiCapture] acquire: texture OK 0000024D01C929A0
[DxgiCapture] acquire: hr=0x00000000 AccumFrames=1 PresentTime=9573045466499
[DxgiCapture] acquire: texture OK 0000024D01C929A0
[DxgiCapture] acquire: hr=0x00000000 AccumFrames=1 PresentTime=9573045656775
[DxgiCapture] acquire: texture OK 0000024D01C929A0
[DxgiCapture] acquire: hr=0x00000000 AccumFrames=1 PresentTime=9573045833466
[DxgiCapture] acquire: texture OK 0000024D01C929A0
[DxgiCapture] acquire: hr=0x00000000 AccumFrames=1 PresentTime=9573046013767
[DxgiCapture] acquire: texture OK 0000024D01C929A0
[DxgiCapture] acquire: hr=0x00000000 AccumFrames=1 PresentTime=9573046201094
[DxgiCapture] acquire: texture OK 0000024D01C929A0
[DxgiCapture] acquire: hr=0x00000000 AccumFrames=1 PresentTime=9573046388871
[DxgiCapture] acquire: texture OK 0000024D01C929A0
[DxgiCapture] acquire: hr=0x00000000 AccumFrames=1 PresentTime=9573046567649
[DxgiCapture] acquire: texture OK 0000024D01C929A0
[DxgiCapture] acquire: hr=0x00000000 AccumFrames=1 PresentTime=9573046886938
[DxgiCapture] acquire: texture OK 0000024D01C929A0
[DxgiCapture] acquire: hr=0x00000000 AccumFrames=1 PresentTime=9573047095117
[DxgiCapture] acquire: texture OK 0000024D01C929A0
[DxgiCapture] acquire: hr=0x00000000 AccumFrames=1 PresentTime=9573047280923
[DxgiCapture] acquire: texture OK 0000024D01C929A0
[DxgiCapture] acquire: hr=0x00000000 AccumFrames=1 PresentTime=9573047466420
[DxgiCapture] acquire: texture OK 0000024D01C929A0
[DxgiCapture] acquire: hr=0x00000000 AccumFrames=1 PresentTime=9573047654098
[DxgiCapture] acquire: texture OK 0000024D01C929A0
[DxgiCapture] acquire: hr=0x00000000 AccumFrames=1 PresentTime=9573047813869
[DxgiCapture] acquire: texture OK 0000024D01C929A0
[DxgiCapture] acquire: hr=0x00000000 AccumFrames=1 PresentTime=9573048008180
[DxgiCapture] acquire: texture OK 0000024D01C929A0
[DxgiCapture] acquire: hr=0x00000000 AccumFrames=1 PresentTime=9573048166227
[DxgiCapture] acquire: texture OK 0000024D01C929A0
[DxgiCapture] acquire: hr=0x00000000 AccumFrames=1 PresentTime=9573048351614
[DxgiCapture] acquire: texture OK 0000024D01C929A0
[DxgiCapture] acquire: hr=0x00000000 AccumFrames=1 PresentTime=9573048550098
[DxgiCapture] acquire: texture OK 0000024D01C929A0
[DxgiCapture] acquire: hr=0x00000000 AccumFrames=1 PresentTime=9573048730658
[DxgiCapture] acquire: texture OK 0000024D01C929A0
[DxgiCapture] acquire: hr=0x00000000 AccumFrames=1 PresentTime=9573048905784
[DxgiCapture] acquire: texture OK 0000024D01C929A0
[DxgiCapture] acquire: hr=0x00000000 AccumFrames=1 PresentTime=9573049090967
[DxgiCapture] acquire: texture OK 0000024D01C929A0
[DxgiCapture] acquire: hr=0x00000000 AccumFrames=1 PresentTime=9573049271431
[DxgiCapture] acquire: texture OK 0000024D01C929A0
[DxgiCapture] acquire: hr=0x00000000 AccumFrames=1 PresentTime=9573049439554
[DxgiCapture] acquire: texture OK 0000024D01C929A0
[DxgiCapture] acquire: hr=0x00000000 AccumFrames=1 PresentTime=9573049676462
[DxgiCapture] acquire: texture OK 0000024D01C929A0
[DxgiCapture] acquire: hr=0x00000000 AccumFrames=1 PresentTime=9573049883699
[DxgiCapture] acquire: texture OK 0000024D01C929A0
[DxgiCapture] acquire: hr=0x00000000 AccumFrames=1 PresentTime=9573050076730
[DxgiCapture] acquire: texture OK 0000024D01C929A0
[DxgiCapture] acquire: hr=0x00000000 AccumFrames=1 PresentTime=9573050261625
[DxgiCapture] acquire: texture OK 0000024D01C929A0
[DxgiCapture] acquire: hr=0x00000000 AccumFrames=1 PresentTime=9573050433620
[DxgiCapture] acquire: texture OK 0000024D01C929A0
[DxgiCapture] acquire: hr=0x00000000 AccumFrames=1 PresentTime=9573050621883
[DxgiCapture] acquire: texture OK 0000024D01C929A0
[DxgiCapture] acquire: hr=0x00000000 AccumFrames=1 PresentTime=9573050803373
[DxgiCapture] acquire: texture OK 0000024D01C929A0
[DxgiCapture] acquire: hr=0x00000000 AccumFrames=1 PresentTime=9573050979351
[DxgiCapture] acquire: texture OK 0000024D01C929A0
[DxgiCapture] acquire: hr=0x00000000 AccumFrames=1 PresentTime=9573051246917
[DxgiCapture] acquire: texture OK 0000024D01C929A0
[DxgiCapture] acquire: hr=0x00000000 AccumFrames=1 PresentTime=9573051441854
[DxgiCapture] acquire: texture OK 0000024D01C929A0
[DxgiCapture] acquire: hr=0x00000000 AccumFrames=1 PresentTime=9573051627901
[DxgiCapture] acquire: texture OK 0000024D01C929A0
[DxgiCapture] acquire: hr=0x00000000 AccumFrames=1 PresentTime=9573051817548
[DxgiCapture] acquire: texture OK 0000024D01C929A0
[DxgiCapture] acquire: hr=0x00000000 AccumFrames=1 PresentTime=9573052045935
[DxgiCapture] acquire: texture OK 0000024D01C929A0
[DxgiCapture] acquire: hr=0x00000000 AccumFrames=1 PresentTime=9573052232913
[DxgiCapture] acquire: texture OK 0000024D01C929A0
[DxgiCapture] acquire: hr=0x00000000 AccumFrames=1 PresentTime=9573052461513
[DxgiCapture] acquire: texture OK 0000024D01C929A0
[DxgiCapture] acquire: hr=0x00000000 AccumFrames=1 PresentTime=9573052703239
[DxgiCapture] acquire: texture OK 0000024D01C929A0
[DxgiCapture] acquire: hr=0x00000000 AccumFrames=1 PresentTime=9573052952714
[DxgiCapture] acquire: texture OK 0000024D01C929A0
[DxgiCapture] acquire: hr=0x00000000 AccumFrames=1 PresentTime=9573053149798
[DxgiCapture] acquire: texture OK 0000024D01C929A0
[DxgiCapture] acquire: hr=0x00000000 AccumFrames=1 PresentTime=9573053340809
[DxgiCapture] acquire: texture OK 0000024D01C929A0
[DxgiCapture] acquire: hr=0x00000000 AccumFrames=1 PresentTime=9573053523878
[DxgiCapture] acquire: texture OK 0000024D01C929A0
[DxgiCapture] acquire: hr=0x00000000 AccumFrames=0 PresentTime=0
[DxgiCapture] acquire: hr=0x00000000 AccumFrames=1 PresentTime=9573053715509
[DxgiCapture] acquire: texture OK 0000024D01C929A0
[DxgiCapture] acquire: hr=0x00000000 AccumFrames=0 PresentTime=0
[DxgiCapture] acquire: hr=0x00000000 AccumFrames=1 PresentTime=9573054079991
[DxgiCapture] acquire: texture OK 0000024D01C929A0
[DxgiCapture] acquire: hr=0x00000000 AccumFrames=0 PresentTime=0
[DxgiCapture] acquire: hr=0x00000000 AccumFrames=1 PresentTime=9573054436868
[DxgiCapture] acquire: texture OK 0000024D01C929A0
[DxgiCapture] acquire: hr=0x00000000 AccumFrames=0 PresentTime=0
[DxgiCapture] acquire: hr=0x00000000 AccumFrames=1 PresentTime=9573054778270
[DxgiCapture] acquire: texture OK 0000024D01C929A0
[DxgiCapture] acquire: hr=0x00000000 AccumFrames=0 PresentTime=0
[DxgiCapture] acquire: hr=0x00000000 AccumFrames=1 PresentTime=9573055174690
[DxgiCapture] acquire: texture OK 0000024D01C929A0
[DxgiCapture] acquire: hr=0x00000000 AccumFrames=0 PresentTime=0
[DxgiCapture] acquire: hr=0x00000000 AccumFrames=1 PresentTime=9573055461961
[DxgiCapture] acquire: texture OK 0000024D01C929A0
[DxgiCapture] acquire: hr=0x00000000 AccumFrames=0 PresentTime=0
[DxgiCapture] acquire: hr=0x00000000 AccumFrames=1 PresentTime=9573055798082
[DxgiCapture] acquire: texture OK 0000024D01C929A0
[DxgiCapture] acquire: hr=0x00000000 AccumFrames=0 PresentTime=0
[DxgiCapture] acquire: hr=0x00000000 AccumFrames=2 PresentTime=9573056293955
[DxgiCapture] acquire: texture OK 0000024D01C929A0
[DxgiCapture] acquire: hr=0x00000000 AccumFrames=2 PresentTime=9573056449579
[DxgiCapture] acquire: texture OK 0000024D01C929A0
[DxgiCapture] acquire: hr=0x00000000 AccumFrames=3 PresentTime=9573056643367
[DxgiCapture] acquire: texture OK 0000024D01C929A0
[DxgiCapture] acquire: hr=0x00000000 AccumFrames=2 PresentTime=9573056802636
[DxgiCapture] acquire: texture OK 0000024D01C929A0
[DxgiCapture] acquire: hr=0x00000000 AccumFrames=3 PresentTime=9573056992163
[DxgiCapture] acquire: texture OK 0000024D01C929A0
[DxgiCapture] acquire: hr=0x00000000 AccumFrames=2 PresentTime=9573057149719
[DxgiCapture] acquire: texture OK 0000024D01C929A0
[DxgiCapture] acquire: hr=0x00000000 AccumFrames=2 PresentTime=9573057334961
[DxgiCapture] acquire: texture OK 0000024D01C929A0
[DxgiCapture] acquire: hr=0x00000000 AccumFrames=1 PresentTime=9573057522437
[DxgiCapture] acquire: texture OK 0000024D01C929A0
[DxgiCapture] acquire: hr=0x00000000 AccumFrames=1 PresentTime=9573057707127
[DxgiCapture] acquire: texture OK 0000024D01C929A0
[DxgiCapture] acquire: hr=0x00000000 AccumFrames=1 PresentTime=9573057947829
[DxgiCapture] acquire: texture OK 0000024D01C929A0
[DxgiCapture] acquire: hr=0x00000000 AccumFrames=1 PresentTime=9573058117929
[DxgiCapture] acquire: texture OK 0000024D01C929A0
[DxgiCapture] acquire: hr=0x00000000 AccumFrames=1 PresentTime=9573058375109
[DxgiCapture] acquire: texture OK 0000024D01C929A0
[DxgiCapture] acquire: hr=0x00000000 AccumFrames=1 PresentTime=9573058571850
[DxgiCapture] acquire: texture OK 0000024D01C929A0
[DxgiCapture] acquire: hr=0x00000000 AccumFrames=1 PresentTime=9573058740426
[DxgiCapture] acquire: texture OK 0000024D01C929A0
[DxgiCapture] acquire: hr=0x00000000 AccumFrames=1 PresentTime=9573058957531
[DxgiCapture] acquire: texture OK 0000024D01C929A0
[DxgiCapture] acquire: hr=0x00000000 AccumFrames=1 PresentTime=9573059117786
[DxgiCapture] acquire: texture OK 0000024D01C929A0
[DxgiCapture] acquire: hr=0x00000000 AccumFrames=1 PresentTime=9573059333868
[DxgiCapture] acquire: texture OK 0000024D01C929A0
[DxgiCapture] acquire: hr=0x00000000 AccumFrames=1 PresentTime=9573059494420
[DxgiCapture] acquire: texture OK 0000024D01C929A0
[DxgiCapture] acquire: hr=0x00000000 AccumFrames=1 PresentTime=9573059668079
[DxgiCapture] acquire: texture OK 0000024D01C929A0
[DxgiCapture] acquire: hr=0x00000000 AccumFrames=1 PresentTime=9573059853680
[DxgiCapture] acquire: texture OK 0000024D01C929A0
[DxgiCapture] acquire: hr=0x00000000 AccumFrames=1 PresentTime=9573060014253
[DxgiCapture] acquire: texture OK 0000024D01C929A0
[DxgiCapture] acquire: hr=0x00000000 AccumFrames=1 PresentTime=9573060253604
[DxgiCapture] acquire: texture OK 0000024D01C929A0
[DxgiCapture] acquire: hr=0x00000000 AccumFrames=1 PresentTime=9573060332214
[DxgiCapture] acquire: texture OK 0000024D01C929A0
[DxgiCapture] acquire: hr=0x00000000 AccumFrames=5 PresentTime=9573060738540
[DxgiCapture] acquire: texture OK 0000024D01C929A0
[DxgiCapture] acquire: hr=0x00000000 AccumFrames=3 PresentTime=9573060965328
[DxgiCapture] acquire: texture OK 0000024D01C929A0
[DxgiCapture] acquire: hr=0x00000000 AccumFrames=2 PresentTime=9573061113944
[DxgiCapture] acquire: texture OK 0000024D01C929A0
[DxgiCapture] acquire: hr=0x00000000 AccumFrames=3 PresentTime=9573061306534
[DxgiCapture] acquire: texture OK 0000024D01C929A0
[DxgiCapture] acquire: hr=0x00000000 AccumFrames=2 PresentTime=9573061455180
[DxgiCapture] acquire: texture OK 0000024D01C929A0
[DxgiCapture] acquire: hr=0x00000000 AccumFrames=3 PresentTime=9573061654468
[DxgiCapture] acquire: texture OK 0000024D01C929A0
[DxgiCapture] acquire: hr=0x00000000 AccumFrames=2 PresentTime=9573061808302
[DxgiCapture] acquire: texture OK 0000024D01C929A0
[DxgiCapture] acquire: hr=0x00000000 AccumFrames=3 PresentTime=9573061991391
[DxgiCapture] acquire: texture OK 0000024D01C929A0
[DxgiCapture] acquire: hr=0x00000000 AccumFrames=2 PresentTime=9573062167683
[DxgiCapture] acquire: texture OK 0000024D01C929A0
[DxgiCapture] acquire: hr=0x00000000 AccumFrames=3 PresentTime=9573062340635
[DxgiCapture] acquire: texture OK 0000024D01C929A0
[DxgiCapture] acquire: hr=0x00000000 AccumFrames=3 PresentTime=9573062548022
[DxgiCapture] acquire: texture OK 0000024D01C929A0
[DxgiCapture] acquire: hr=0x00000000 AccumFrames=2 PresentTime=9573062706500
[DxgiCapture] acquire: texture OK 0000024D01C929A0
[DxgiCapture] acquire: hr=0x00000000 AccumFrames=3 PresentTime=9573062895990
[DxgiCapture] acquire: texture OK 0000024D01C929A0
[DxgiCapture] acquire: hr=0x00000000 AccumFrames=2 PresentTime=9573063047190
[DxgiCapture] acquire: texture OK 0000024D01C929A0
[DxgiCapture] acquire: hr=0x00000000 AccumFrames=2 PresentTime=9573063250004
[DxgiCapture] acquire: texture OK 0000024D01C929A0
[DxgiCapture] acquire: hr=0x00000000 AccumFrames=1 PresentTime=9573063441746
[DxgiCapture] acquire: texture OK 0000024D01C929A0
[DxgiCapture] acquire: hr=0x00000000 AccumFrames=1 PresentTime=9573063642825
[DxgiCapture] acquire: texture OK 0000024D01C929A0
[DxgiCapture] acquire: hr=0x00000000 AccumFrames=1 PresentTime=9573063823940
[DxgiCapture] acquire: texture OK 0000024D01C929A0
[DxgiCapture] acquire: hr=0x00000000 AccumFrames=1 PresentTime=9573064103423
[DxgiCapture] acquire: texture OK 0000024D01C929A0
[DxgiCapture] acquire: hr=0x00000000 AccumFrames=1 PresentTime=9573064148470
[DxgiCapture] acquire: texture OK 0000024D01C929A0
[DxgiCapture] acquire: hr=0x00000000 AccumFrames=1 PresentTime=9573064304169
[DxgiCapture] acquire: texture OK 0000024D01C929A0
[DxgiCapture] acquire: hr=0x00000000 AccumFrames=2 PresentTime=9573064575920
[DxgiCapture] acquire: texture OK 0000024D01C929A0
[DxgiCapture] acquire: hr=0x00000000 AccumFrames=1 PresentTime=9573064722559
[DxgiCapture] acquire: texture OK 0000024D01C929A0
[DxgiCapture] acquire: hr=0x00000000 AccumFrames=1 PresentTime=9573064942367
[DxgiCapture] acquire: texture OK 0000024D01C929A0
[DxgiCapture] acquire: hr=0x00000000 AccumFrames=2 PresentTime=9573065192339
[DxgiCapture] acquire: texture OK 0000024D01C929A0
[DxgiCapture] acquire: hr=0x00000000 AccumFrames=2 PresentTime=9573065394170
[DxgiCapture] acquire: texture OK 0000024D01C929A0
[DxgiCapture] acquire: hr=0x00000000 AccumFrames=1 PresentTime=9573065611719
[DxgiCapture] acquire: texture OK 0000024D01C929A0
[DxgiCapture] acquire: hr=0x00000000 AccumFrames=1 PresentTime=9573065761703
[DxgiCapture] acquire: texture OK 0000024D01C929A0
[DxgiCapture] acquire: hr=0x00000000 AccumFrames=1 PresentTime=9573065825657
[DxgiCapture] acquire: texture OK 0000024D01C929A0
[DxgiCapture] acquire: hr=0x00000000 AccumFrames=1 PresentTime=9573066053427
[DxgiCapture] acquire: texture OK 0000024D01C929A0
[DxgiCapture] acquire: hr=0x00000000 AccumFrames=1 PresentTime=9573066257404
[DxgiCapture] acquire: texture OK 0000024D01C929A0
[DxgiCapture] acquire: hr=0x00000000 AccumFrames=2 PresentTime=9573066535099
[DxgiCapture] acquire: texture OK 0000024D01C929A0
[DxgiCapture] acquire: hr=0x00000000 AccumFrames=2 PresentTime=9573066706561
[DxgiCapture] acquire: texture OK 0000024D01C929A0
[DxgiCapture] acquire: hr=0x00000000 AccumFrames=1 PresentTime=9573066888250
[DxgiCapture] acquire: texture OK 0000024D01C929A0
[DxgiCapture] acquire: hr=0x00000000 AccumFrames=1 PresentTime=9573067074940
[DxgiCapture] acquire: texture OK 0000024D01C929A0
[DxgiCapture] acquire: hr=0x00000000 AccumFrames=1 PresentTime=9573067261932
[DxgiCapture] acquire: texture OK 0000024D01C929A0
[DxgiCapture] acquire: hr=0x00000000 AccumFrames=1 PresentTime=9573067435026
[DxgiCapture] acquire: texture OK 0000024D01C929A0
[DxgiCapture] acquire: hr=0x00000000 AccumFrames=1 PresentTime=9573067488497
[DxgiCapture] acquire: texture OK 0000024D01C929A0
[DxgiCapture] acquire: hr=0x00000000 AccumFrames=2 PresentTime=9573067829490
[DxgiCapture] acquire: texture OK 0000024D01C929A0
[DxgiCapture] acquire: hr=0x00000000 AccumFrames=0 PresentTime=0
[DxgiCapture] acquire: hr=0x00000000 AccumFrames=1 PresentTime=9573068166629
[DxgiCapture] acquire: texture OK 0000024D01C929A0
[DxgiCapture] acquire: hr=0x00000000 AccumFrames=1 PresentTime=9573068479590
[DxgiCapture] acquire: texture OK 0000024D01C929A0
[DxgiCapture] acquire: hr=0x00000000 AccumFrames=2 PresentTime=9573068608958
[DxgiCapture] acquire: texture OK 0000024D01C929A0
[DxgiCapture] acquire: hr=0x00000000 AccumFrames=3 PresentTime=9573068819051
[DxgiCapture] acquire: texture OK 0000024D01C929A0
[DxgiCapture] acquire: hr=0x00000000 AccumFrames=2 PresentTime=9573068946959
[DxgiCapture] acquire: texture OK 0000024D01C929A0
[DxgiCapture] acquire: hr=0x00000000 AccumFrames=3 PresentTime=9573069180177
[DxgiCapture] acquire: texture OK 0000024D01C929A0
[DxgiCapture] acquire: hr=0x00000000 AccumFrames=3 PresentTime=9573069371138
[DxgiCapture] acquire: texture OK 0000024D01C929A0
[DxgiCapture] acquire: hr=0x00000000 AccumFrames=2 PresentTime=9573069530754
[DxgiCapture] acquire: texture OK 0000024D01C929A0
[DxgiCapture] acquire: hr=0x00000000 AccumFrames=3 PresentTime=9573069710211
[DxgiCapture] acquire: texture OK 0000024D01C929A0
[DxgiCapture] acquire: hr=0x00000000 AccumFrames=2 PresentTime=9573069922929
[DxgiCapture] acquire: texture OK 0000024D01C929A0
[DxgiCapture] acquire: hr=0x00000000 AccumFrames=0 PresentTime=0
[DxgiCapture] acquire: hr=0x00000000 AccumFrames=1 PresentTime=9573070198156
[DxgiCapture] acquire: texture OK 0000024D01C929A0
[DxgiCapture] acquire: hr=0x00000000 AccumFrames=0 PresentTime=0
[DxgiCapture] acquire: hr=0x00000000 AccumFrames=1 PresentTime=9573070546176
[DxgiCapture] acquire: texture OK 0000024D01C929A0
[DxgiCapture] acquire: hr=0x00000000 AccumFrames=1 PresentTime=9573070866428
[DxgiCapture] acquire: texture OK 0000024D01C929A0
[DxgiCapture] acquire: hr=0x00000000 AccumFrames=1 PresentTime=9573071087034
[DxgiCapture] acquire: texture OK 0000024D01C929A0
[DxgiCapture] acquire: hr=0x00000000 AccumFrames=2 PresentTime=9573071264645
[DxgiCapture] acquire: texture OK 0000024D01C929A0
[DxgiCapture] acquire: hr=0x00000000 AccumFrames=2 PresentTime=9573071454126
[DxgiCapture] acquire: texture OK 0000024D01C929A0
[DxgiCapture] acquire: hr=0x00000000 AccumFrames=2 PresentTime=9573071586443
[DxgiCapture] acquire: texture OK 0000024D01C929A0
[DxgiCapture] acquire: hr=0x00000000 AccumFrames=3 PresentTime=9573071801275
[DxgiCapture] acquire: texture OK 0000024D01C929A0
[DxgiCapture] acquire: hr=0x00000000 AccumFrames=2 PresentTime=9573071945127
[DxgiCapture] acquire: texture OK 0000024D01C929A0
[DxgiCapture] acquire: hr=0x00000000 AccumFrames=3 PresentTime=9573072150948
[DxgiCapture] acquire: texture OK 0000024D01C929A0
[DxgiCapture] acquire: hr=0x00000000 AccumFrames=2 PresentTime=9573072305627
[DxgiCapture] acquire: texture OK 0000024D01C929A0
[DxgiCapture] acquire: hr=0x00000000 AccumFrames=3 PresentTime=9573072496584
[DxgiCapture] acquire: texture OK 0000024D01C929A0
[DxgiCapture] acquire: hr=0x00000000 AccumFrames=2 PresentTime=9573072650577
[DxgiCapture] acquire: texture OK 0000024D01C929A0
[DxgiCapture] acquire: hr=0x00000000 AccumFrames=3 PresentTime=9573072836720
[DxgiCapture] acquire: texture OK 0000024D01C929A0
[DxgiCapture] acquire: hr=0x00000000 AccumFrames=2 PresentTime=9573073036555
[DxgiCapture] acquire: texture OK 0000024D01C929A0
[DxgiCapture] acquire: hr=0x00000000 AccumFrames=1 PresentTime=9573073271110
[DxgiCapture] acquire: texture OK 0000024D01C929A0
[DxgiCapture] acquire: hr=0x00000000 AccumFrames=1 PresentTime=9573073468854
[DxgiCapture] acquire: texture OK 0000024D01C929A0
[DxgiCapture] acquire: hr=0x00000000 AccumFrames=1 PresentTime=9573073691721
[DxgiCapture] acquire: texture OK 0000024D01C929A0
[DxgiCapture] acquire: hr=0x00000000 AccumFrames=1 PresentTime=9573073893635
[DxgiCapture] acquire: texture OK 0000024D01C929A0
[DxgiCapture] acquire: hr=0x00000000 AccumFrames=1 PresentTime=9573074104526
[DxgiCapture] acquire: texture OK 0000024D01C929A0
[DxgiCapture] acquire: hr=0x00000000 AccumFrames=1 PresentTime=9573074381931
[DxgiCapture] acquire: texture OK 0000024D01C929A0
[DxgiCapture] acquire: hr=0x00000000 AccumFrames=1 PresentTime=9573074659668
[DxgiCapture] acquire: texture OK 0000024D01C929A0
[DxgiCapture] acquire: hr=0x00000000 AccumFrames=2 PresentTime=9573074857898
[DxgiCapture] acquire: texture OK 0000024D01C929A0
[DxgiCapture] acquire: hr=0x00000000 AccumFrames=1 PresentTime=9573075080573
[DxgiCapture] acquire: texture OK 0000024D01C929A0
[DxgiCapture] acquire: hr=0x00000000 AccumFrames=1 PresentTime=9573075294381
[DxgiCapture] acquire: texture OK 0000024D01C929A0
[DxgiCapture] acquire: hr=0x00000000 AccumFrames=1 PresentTime=9573075488125
[DxgiCapture] acquire: texture OK 0000024D01C929A0
[DxgiCapture] acquire: hr=0x00000000 AccumFrames=1 PresentTime=9573075663435
[DxgiCapture] acquire: texture OK 0000024D01C929A0
[DxgiCapture] acquire: hr=0x00000000 AccumFrames=1 PresentTime=9573075826549
[DxgiCapture] acquire: texture OK 0000024D01C929A0
[DxgiCapture] acquire: hr=0x00000000 AccumFrames=1 PresentTime=9573076026311
[DxgiCapture] acquire: texture OK 0000024D01C929A0
[DxgiCapture] acquire: hr=0x00000000 AccumFrames=1 PresentTime=9573076198304
[DxgiCapture] acquire: texture OK 0000024D01C929A0
[DxgiCapture] acquire: hr=0x00000000 AccumFrames=2 PresentTime=9573076389402
[DxgiCapture] acquire: texture OK 0000024D01C929A0
[DxgiCapture] acquire: hr=0x00000000 AccumFrames=1 PresentTime=9573076566883
[DxgiCapture] acquire: texture OK 0000024D01C929A0
[DxgiCapture] acquire: hr=0x00000000 AccumFrames=2 PresentTime=9573076774761
[DxgiCapture] acquire: texture OK 0000024D01C929A0
[DxgiCapture] acquire: hr=0x00000000 AccumFrames=1 PresentTime=9573076976381
[DxgiCapture] acquire: texture OK 0000024D01C929A0
[DxgiCapture] acquire: hr=0x00000000 AccumFrames=1 PresentTime=9573077176680
[DxgiCapture] acquire: texture OK 0000024D01C929A0
[DxgiCapture] acquire: hr=0x00000000 AccumFrames=1 PresentTime=9573077322452
[DxgiCapture] acquire: texture OK 0000024D01C929A0
[DxgiCapture] acquire: hr=0x00000000 AccumFrames=2 PresentTime=9573077558518
[DxgiCapture] acquire: texture OK 0000024D01C929A0
[DxgiCapture] acquire: hr=0x00000000 AccumFrames=1 PresentTime=9573077757420
[DxgiCapture] acquire: texture OK 0000024D01C929A0
[DxgiCapture] acquire: hr=0x00000000 AccumFrames=1 PresentTime=9573077776967
[DxgiCapture] acquire: texture OK 0000024D01C929A0
[DxgiCapture] acquire: hr=0x00000000 AccumFrames=1 PresentTime=9573077958912
[DxgiCapture] acquire: texture OK 0000024D01C929A0
[DxgiCapture] acquire: hr=0x00000000 AccumFrames=2 PresentTime=9573078292547
[DxgiCapture] acquire: texture OK 0000024D01C929A0
[DxgiCapture] acquire: hr=0x00000000 AccumFrames=1 PresentTime=9573078466548
[DxgiCapture] acquire: texture OK 0000024D01C929A0
[DxgiCapture] acquire: hr=0x00000000 AccumFrames=1 PresentTime=9573078645607
[DxgiCapture] acquire: texture OK 0000024D01C929A0
[DxgiCapture] acquire: hr=0x00000000 AccumFrames=2 PresentTime=9573078820159
[DxgiCapture] acquire: texture OK 0000024D01C929A0
[DxgiCapture] acquire: hr=0x00000000 AccumFrames=1 PresentTime=9573079008500
[DxgiCapture] acquire: texture OK 0000024D01C929A0
[DxgiCapture] acquire: hr=0x00000000 AccumFrames=2 PresentTime=9573079173046
[DxgiCapture] acquire: texture OK 0000024D01C929A0
[DxgiCapture] acquire: hr=0x00000000 AccumFrames=1 PresentTime=9573079369115
[DxgiCapture] acquire: texture OK 0000024D01C929A0
[DxgiCapture] acquire: hr=0x00000000 AccumFrames=1 PresentTime=9573079555476
[DxgiCapture] acquire: texture OK 0000024D01C929A0
[DxgiCapture] acquire: hr=0x00000000 AccumFrames=1 PresentTime=9573079758521
[DxgiCapture] acquire: texture OK 0000024D01C929A0
[DxgiCapture] acquire: hr=0x00000000 AccumFrames=1 PresentTime=9573079944605
[DxgiCapture] acquire: texture OK 0000024D01C929A0
[DxgiCapture] acquire: hr=0x00000000 AccumFrames=1 PresentTime=9573080141391
[DxgiCapture] acquire: texture OK 0000024D01C929A0
[DxgiCapture] acquire: hr=0x00000000 AccumFrames=1 PresentTime=9573080318552
[DxgiCapture] acquire: texture OK 0000024D01C929A0
[DxgiCapture] acquire: hr=0x00000000 AccumFrames=2 PresentTime=9573080500080
[DxgiCapture] acquire: texture OK 0000024D01C929A0
[DxgiCapture] acquire: hr=0x00000000 AccumFrames=1 PresentTime=9573080867720
[DxgiCapture] acquire: texture OK 0000024D01C929A0
[DxgiCapture] acquire: hr=0x00000000 AccumFrames=1 PresentTime=9573081046533
[DxgiCapture] acquire: texture OK 0000024D01C929A0
[DxgiCapture] acquire: hr=0x00000000 AccumFrames=1 PresentTime=9573081251808
[DxgiCapture] acquire: texture OK 0000024D01C929A0
[DxgiCapture] acquire: hr=0x00000000 AccumFrames=1 PresentTime=9573081430722
[DxgiCapture] acquire: texture OK 0000024D01C929A0
[DxgiCapture] acquire: hr=0x00000000 AccumFrames=1 PresentTime=9573081639361
[DxgiCapture] acquire: texture OK 0000024D01C929A0
[DxgiCapture] acquire: hr=0x00000000 AccumFrames=1 PresentTime=9573081835106
[DxgiCapture] acquire: texture OK 0000024D01C929A0
[DxgiCapture] acquire: hr=0x00000000 AccumFrames=2 PresentTime=9573081969767
[DxgiCapture] acquire: texture OK 0000024D01C929A0
[DxgiCapture] acquire: hr=0x00000000 AccumFrames=1 PresentTime=9573082160023
[DxgiCapture] acquire: texture OK 0000024D01C929A0
[DxgiCapture] acquire: hr=0x00000000 AccumFrames=1 PresentTime=9573082324349
[DxgiCapture] acquire: texture OK 0000024D01C929A0
[DxgiCapture] acquire: hr=0x00000000 AccumFrames=1 PresentTime=9573082381558
[DxgiCapture] acquire: texture OK 0000024D01C929A0
[DxgiCapture] acquire: hr=0x00000000 AccumFrames=1 PresentTime=9573082547397
[DxgiCapture] acquire: texture OK 0000024D01C929A0
[DxgiCapture] acquire: hr=0x00000000 AccumFrames=2 PresentTime=9573082905275
[DxgiCapture] acquire: texture OK 0000024D01C929A0
[DxgiCapture] acquire: hr=0x00000000 AccumFrames=1 PresentTime=9573083091129
[DxgiCapture] acquire: texture OK 0000024D01C929A0
[DxgiCapture] acquire: hr=0x00000000 AccumFrames=2 PresentTime=9573083272132
[DxgiCapture] acquire: texture OK 0000024D01C929A0
[DxgiCapture] acquire: hr=0x00000000 AccumFrames=0 PresentTime=0
[DxgiCapture] acquire: hr=0x00000000 AccumFrames=1 PresentTime=9573083465047
[DxgiCapture] acquire: texture OK 0000024D01C929A0
[DxgiCapture] acquire: hr=0x00000000 AccumFrames=0 PresentTime=0
[DxgiCapture] acquire: hr=0x00000000 AccumFrames=3 PresentTime=9573083953164
[DxgiCapture] acquire: texture OK 0000024D01C929A0
[DxgiCapture] acquire: hr=0x00000000 AccumFrames=3 PresentTime=9573084144237
[DxgiCapture] acquire: texture OK 0000024D01C929A0
[DxgiCapture] acquire: hr=0x00000000 AccumFrames=3 PresentTime=9573084394450
[DxgiCapture] acquire: texture OK 0000024D01C929A0
[DxgiCapture] acquire: hr=0x00000000 AccumFrames=3 PresentTime=9573084590899
[DxgiCapture] acquire: texture OK 0000024D01C929A0
[DxgiCapture] acquire: hr=0x00000000 AccumFrames=2 PresentTime=9573084725826
[DxgiCapture] acquire: texture OK 0000024D01C929A0
[DxgiCapture] acquire: hr=0x00000000 AccumFrames=2 PresentTime=9573084969368
[DxgiCapture] acquire: texture OK 0000024D01C929A0
[DxgiCapture] acquire: hr=0x00000000 AccumFrames=1 PresentTime=9573085026130
[DxgiCapture] acquire: texture OK 0000024D01C929A0
[DxgiCapture] acquire: hr=0x00000000 AccumFrames=1 PresentTime=9573085255035
[DxgiCapture] acquire: texture OK 0000024D01C929A0
[DxgiCapture] acquire: hr=0x00000000 AccumFrames=1 PresentTime=9573085453232
[DxgiCapture] acquire: texture OK 0000024D01C929A0
[DxgiCapture] acquire: hr=0x00000000 AccumFrames=1 PresentTime=9573085585919
[DxgiCapture] acquire: texture OK 0000024D01C929A0
[DxgiCapture] acquire: hr=0x00000000 AccumFrames=2 PresentTime=9573085861587
[DxgiCapture] acquire: texture OK 0000024D01C929A0
[DxgiCapture] acquire: hr=0x00000000 AccumFrames=2 PresentTime=9573086013719
[DxgiCapture] acquire: texture OK 0000024D01C929A0
[DxgiCapture] acquire: hr=0x00000000 AccumFrames=1 PresentTime=9573086216184
[DxgiCapture] acquire: texture OK 0000024D01C929A0
[DxgiCapture] acquire: hr=0x00000000 AccumFrames=2 PresentTime=9573086398565
[DxgiCapture] acquire: texture OK 0000024D01C929A0
[DxgiCapture] acquire: hr=0x00000000 AccumFrames=1 PresentTime=9573086592385
[DxgiCapture] acquire: texture OK 0000024D01C929A0
[DxgiCapture] acquire: hr=0x00000000 AccumFrames=1 PresentTime=9573086760732
[DxgiCapture] acquire: texture OK 0000024D01C929A0
[DxgiCapture] acquire: hr=0x00000000 AccumFrames=2 PresentTime=9573086944541
[DxgiCapture] acquire: texture OK 0000024D01C929A0
[DxgiCapture] acquire: hr=0x00000000 AccumFrames=1 PresentTime=9573087149312
[DxgiCapture] acquire: texture OK 0000024D01C929A0
[DxgiCapture] acquire: hr=0x00000000 AccumFrames=1 PresentTime=9573087340831
[DxgiCapture] acquire: texture OK 0000024D01C929A0
[DxgiCapture] acquire: hr=0x00000000 AccumFrames=1 PresentTime=9573087538787
[DxgiCapture] acquire: texture OK 0000024D01C929A0
[DxgiCapture] acquire: hr=0x00000000 AccumFrames=1 PresentTime=9573087951134
[DxgiCapture] acquire: texture OK 0000024D01C929A0
[DxgiCapture] acquire: hr=0x00000000 AccumFrames=1 PresentTime=9573088215853
[DxgiCapture] acquire: texture OK 0000024D01C929A0
[DxgiCapture] acquire: hr=0x00000000 AccumFrames=1 PresentTime=9573088434925
[DxgiCapture] acquire: texture OK 0000024D01C929A0
[DxgiCapture] acquire: hr=0x00000000 AccumFrames=1 PresentTime=9573088651103
[DxgiCapture] acquire: texture OK 0000024D01C929A0
[DxgiCapture] acquire: hr=0x00000000 AccumFrames=1 PresentTime=9573088922290
[DxgiCapture] acquire: texture OK 0000024D01C929A0
[DxgiCapture] acquire: hr=0x00000000 AccumFrames=1 PresentTime=9573089193479
[DxgiCapture] acquire: texture OK 0000024D01C929A0
[DxgiCapture] acquire: hr=0x00000000 AccumFrames=1 PresentTime=9573089408553
[DxgiCapture] acquire: texture OK 0000024D01C929A0
[DxgiCapture] acquire: hr=0x00000000 AccumFrames=1 PresentTime=9573089676298
[DxgiCapture] acquire: texture OK 0000024D01C929A0
[DxgiCapture] acquire: hr=0x00000000 AccumFrames=1 PresentTime=9573089896944
[DxgiCapture] acquire: texture OK 0000024D01C929A0
[DxgiCapture] acquire: hr=0x00000000 AccumFrames=2 PresentTime=9573090153232
[DxgiCapture] acquire: texture OK 0000024D01C929A0
[DxgiCapture] acquire: hr=0x00000000 AccumFrames=1 PresentTime=9573090375356
[DxgiCapture] acquire: texture OK 0000024D01C929A0
[DxgiCapture] acquire: hr=0x00000000 AccumFrames=1 PresentTime=9573090557419
[DxgiCapture] acquire: texture OK 0000024D01C929A0
[DxgiCapture] acquire: hr=0x00000000 AccumFrames=1 PresentTime=9573090720444
[DxgiCapture] acquire: texture OK 0000024D01C929A0
[DxgiCapture] acquire: hr=0x00000000 AccumFrames=1 PresentTime=9573090903991
[DxgiCapture] acquire: texture OK 0000024D01C929A0
[DxgiCapture] acquire: hr=0x00000000 AccumFrames=1 PresentTime=9573091075024
[DxgiCapture] acquire: texture OK 0000024D01C929A0
[DxgiCapture] acquire: hr=0x00000000 AccumFrames=1 PresentTime=9573091286147
[DxgiCapture] acquire: texture OK 0000024D01C929A0
[DxgiCapture] acquire: hr=0x00000000 AccumFrames=2 PresentTime=9573091487004
[DxgiCapture] acquire: texture OK 0000024D01C929A0
[DxgiCapture] acquire: hr=0x00000000 AccumFrames=1 PresentTime=9573091660519
[DxgiCapture] acquire: texture OK 0000024D01C929A0
[DxgiCapture] acquire: hr=0x00000000 AccumFrames=1 PresentTime=9573091828771
[DxgiCapture] acquire: texture OK 0000024D01C929A0
[DxgiCapture] acquire: hr=0x00000000 AccumFrames=1 PresentTime=9573092039658
[DxgiCapture] acquire: texture OK 0000024D01C929A0
[DxgiCapture] acquire: hr=0x00000000 AccumFrames=1 PresentTime=9573092235495
[DxgiCapture] acquire: texture OK 0000024D01C929A0
[DxgiCapture] acquire: hr=0x00000000 AccumFrames=1 PresentTime=9573092428179
[DxgiCapture] acquire: texture OK 0000024D01C929A0
[DxgiCapture] acquire: hr=0x00000000 AccumFrames=1 PresentTime=9573092614142
[DxgiCapture] acquire: texture OK 0000024D01C929A0
[DxgiCapture] acquire: hr=0x00000000 AccumFrames=2 PresentTime=9573092800452
[DxgiCapture] acquire: texture OK 0000024D01C929A0
[DxgiCapture] acquire: hr=0x00000000 AccumFrames=1 PresentTime=9573092993092
[DxgiCapture] acquire: texture OK 0000024D01C929A0
[DxgiCapture] acquire: hr=0x00000000 AccumFrames=1 PresentTime=9573093159307
[DxgiCapture] acquire: texture OK 0000024D01C929A0
[DxgiCapture] acquire: hr=0x00000000 AccumFrames=1 PresentTime=9573093345519
[DxgiCapture] acquire: texture OK 0000024D01C929A0
[DxgiCapture] acquire: hr=0x00000000 AccumFrames=1 PresentTime=9573093489961
[DxgiCapture] acquire: texture OK 0000024D01C929A0
[DxgiCapture] acquire: hr=0x00000000 AccumFrames=1 PresentTime=9573093678282
[DxgiCapture] acquire: texture OK 0000024D01C929A0
[DxgiCapture] acquire: hr=0x00000000 AccumFrames=1 PresentTime=9573093879912
[DxgiCapture] acquire: texture OK 0000024D01C929A0
[DxgiCapture] acquire: hr=0x00000000 AccumFrames=1 PresentTime=9573094062153
[DxgiCapture] acquire: texture OK 0000024D01C929A0
[DxgiCapture] acquire: hr=0x00000000 AccumFrames=1 PresentTime=9573094236207
[DxgiCapture] acquire: texture OK 0000024D01C929A0
[DxgiCapture] acquire: hr=0x00000000 AccumFrames=1 PresentTime=9573094268663
[DxgiCapture] acquire: texture OK 0000024D01C929A0
[DxgiCapture] acquire: hr=0x00000000 AccumFrames=2 PresentTime=9573094633180
[DxgiCapture] acquire: texture OK 0000024D01C929A0
[DxgiCapture] acquire: hr=0x00000000 AccumFrames=1 PresentTime=9573094823217
[DxgiCapture] acquire: texture OK 0000024D01C929A0
[DxgiCapture] acquire: hr=0x00000000 AccumFrames=1 PresentTime=9573095003290
[DxgiCapture] acquire: texture OK 0000024D01C929A0
[DxgiCapture] acquire: hr=0x00000000 AccumFrames=1 PresentTime=9573095174094
[DxgiCapture] acquire: texture OK 0000024D01C929A0
[DxgiCapture] acquire: hr=0x00000000 AccumFrames=1 PresentTime=9573095359487
[DxgiCapture] acquire: texture OK 0000024D01C929A0
[DxgiCapture] acquire: hr=0x00000000 AccumFrames=1 PresentTime=9573095538828
[DxgiCapture] acquire: texture OK 0000024D01C929A0
[DxgiCapture] acquire: hr=0x00000000 AccumFrames=1 PresentTime=9573095746534
[DxgiCapture] acquire: texture OK 0000024D01C929A0
[DxgiCapture] acquire: hr=0x00000000 AccumFrames=1 PresentTime=9573095927084
[DxgiCapture] acquire: texture OK 0000024D01C929A0
[DxgiCapture] acquire: hr=0x00000000 AccumFrames=1 PresentTime=9573096139430
[DxgiCapture] acquire: texture OK 0000024D01C929A0
[DxgiCapture] acquire: hr=0x00000000 AccumFrames=1 PresentTime=9573096346067
[DxgiCapture] acquire: texture OK 0000024D01C929A0
[DxgiCapture] acquire: hr=0x00000000 AccumFrames=1 PresentTime=9573096545155
[DxgiCapture] acquire: texture OK 0000024D01C929A0
[DxgiCapture] acquire: hr=0x00000000 AccumFrames=2 PresentTime=9573096761669
[DxgiCapture] acquire: texture OK 0000024D01C929A0
[DxgiCapture] acquire: hr=0x00000000 AccumFrames=1 PresentTime=9573097034331
[DxgiCapture] acquire: texture OK 0000024D01C929A0
[DxgiCapture] acquire: hr=0x00000000 AccumFrames=1 PresentTime=9573097222022
[DxgiCapture] acquire: texture OK 0000024D01C929A0
[DxgiCapture] acquire: hr=0x00000000 AccumFrames=1 PresentTime=9573097252900
[DxgiCapture] acquire: texture OK 0000024D01C929A0
[DxgiCapture] acquire: hr=0x00000000 AccumFrames=1 PresentTime=9573097416582
[DxgiCapture] acquire: texture OK 0000024D01C929A0
[DxgiCapture] acquire: hr=0x00000000 AccumFrames=1 PresentTime=9573097597517
[DxgiCapture] acquire: texture OK 0000024D01C929A0
[DxgiCapture] acquire: hr=0x00000000 AccumFrames=1 PresentTime=9573097786313
[DxgiCapture] acquire: texture OK 0000024D01C929A0
[DxgiCapture] acquire: hr=0x00000000 AccumFrames=2 PresentTime=9573098118963
[DxgiCapture] acquire: texture OK 0000024D01C929A0
[DxgiCapture] acquire: hr=0x00000000 AccumFrames=0 PresentTime=0
[DxgiCapture] acquire: hr=0x00000000 AccumFrames=2 PresentTime=9573098448586
[DxgiCapture] acquire: texture OK 0000024D01C929A0
[DxgiCapture] acquire: hr=0x00000000 AccumFrames=3 PresentTime=9573098646418
[DxgiCapture] acquire: texture OK 0000024D01C929A0
[DxgiCapture] acquire: hr=0x00000000 AccumFrames=2 PresentTime=9573098798048
[DxgiCapture] acquire: texture OK 0000024D01C929A0
[DxgiCapture] acquire: hr=0x00000000 AccumFrames=3 PresentTime=9573099010505
[DxgiCapture] acquire: texture OK 0000024D01C929A0
[DxgiCapture] acquire: hr=0x00000000 AccumFrames=2 PresentTime=9573099151580
[DxgiCapture] acquire: texture OK 0000024D01C929A0
[DxgiCapture] acquire: hr=0x00000000 AccumFrames=3 PresentTime=9573099342054
[DxgiCapture] acquire: texture OK 0000024D01C929A0
[DxgiCapture] acquire: hr=0x00000000 AccumFrames=2 PresentTime=9573099490515
[DxgiCapture] acquire: texture OK 0000024D01C929A0
[DxgiCapture] acquire: hr=0x00000000 AccumFrames=3 PresentTime=9573099703639
[DxgiCapture] acquire: texture OK 0000024D01C929A0
[DxgiCapture] acquire: hr=0x00000000 AccumFrames=2 PresentTime=9573099839075
[DxgiCapture] acquire: texture OK 0000024D01C929A0
[DxgiCapture] acquire: hr=0x00000000 AccumFrames=3 PresentTime=9573100034305
[DxgiCapture] acquire: texture OK 0000024D01C929A0
[DxgiCapture] acquire: hr=0x00000000 AccumFrames=3 PresentTime=9573100241431
[DxgiCapture] acquire: texture OK 0000024D01C929A0
[DxgiCapture] acquire: hr=0x00000000 AccumFrames=1 PresentTime=9573100380034
[DxgiCapture] acquire: texture OK 0000024D01C929A0
[DxgiCapture] acquire: hr=0x00000000 AccumFrames=3 PresentTime=9573100593509
[DxgiCapture] acquire: texture OK 0000024D01C929A0
[DxgiCapture] acquire: hr=0x00000000 AccumFrames=2 PresentTime=9573100738971
[DxgiCapture] acquire: texture OK 0000024D01C929A0
[DxgiCapture] acquire: hr=0x00000000 AccumFrames=3 PresentTime=9573100940431
[DxgiCapture] acquire: texture OK 0000024D01C929A0
[DxgiCapture] acquire: hr=0x00000000 AccumFrames=2 PresentTime=9573101106191
[DxgiCapture] acquire: texture OK 0000024D01C929A0
[DxgiCapture] acquire: hr=0x00000000 AccumFrames=3 PresentTime=9573101285617
[DxgiCapture] acquire: texture OK 0000024D01C929A0
[DxgiCapture] acquire: hr=0x00000000 AccumFrames=1 PresentTime=9573101374401
[DxgiCapture] acquire: texture OK 0000024D01C929A0
[DxgiCapture] acquire: hr=0x00000000 AccumFrames=2 PresentTime=9573101681055
[DxgiCapture] acquire: texture OK 0000024D01C929A0
[DxgiCapture] acquire: hr=0x00000000 AccumFrames=1 PresentTime=9573101851201
[DxgiCapture] acquire: texture OK 0000024D01C929A0
[DxgiCapture] acquire: hr=0x00000000 AccumFrames=1 PresentTime=9573102030339
[DxgiCapture] acquire: texture OK 0000024D01C929A0
[DxgiCapture] acquire: hr=0x00000000 AccumFrames=2 PresentTime=9573102213261
[DxgiCapture] acquire: texture OK 0000024D01C929A0
[DxgiCapture] acquire: hr=0x00000000 AccumFrames=1 PresentTime=9573102390005
[DxgiCapture] acquire: texture OK 0000024D01C929A0
[DxgiCapture] acquire: hr=0x00000000 AccumFrames=1 PresentTime=9573102615859
[DxgiCapture] acquire: texture OK 0000024D01C929A0
[DxgiCapture] acquire: hr=0x00000000 AccumFrames=1 PresentTime=9573102814716
[DxgiCapture] acquire: texture OK 0000024D01C929A0
[DxgiCapture] acquire: hr=0x00000000 AccumFrames=1 PresentTime=9573103020383
[DxgiCapture] acquire: texture OK 0000024D01C929A0
[DxgiCapture] acquire: hr=0x00000000 AccumFrames=1 PresentTime=9573103210100
[DxgiCapture] acquire: texture OK 0000024D01C929A0
[DxgiCapture] acquire: hr=0x00000000 AccumFrames=1 PresentTime=9573103377931
[DxgiCapture] acquire: texture OK 0000024D01C929A0
[DxgiCapture] acquire: hr=0x00000000 AccumFrames=1 PresentTime=9573103447114
[DxgiCapture] acquire: texture OK 0000024D01C929A0
[DxgiCapture] acquire: hr=0x00000000 AccumFrames=2 PresentTime=9573103754066
[DxgiCapture] acquire: texture OK 0000024D01C929A0
[DxgiCapture] acquire: hr=0x00000000 AccumFrames=1 PresentTime=9573103923843
[DxgiCapture] acquire: texture OK 0000024D01C929A0
[DxgiCapture] acquire: hr=0x00000000 AccumFrames=1 PresentTime=9573104136622
[DxgiCapture] acquire: texture OK 0000024D01C929A0
[DxgiCapture] acquire: hr=0x00000000 AccumFrames=1 PresentTime=9573104323663
[DxgiCapture] acquire: texture OK 0000024D01C929A0
[DxgiCapture] acquire: hr=0x00000000 AccumFrames=1 PresentTime=9573104425873
[DxgiCapture] acquire: texture OK 0000024D01C929A0
[DxgiCapture] acquire: hr=0x00000000 AccumFrames=3 PresentTime=9573104650871
[DxgiCapture] acquire: texture OK 0000024D01C929A0
[DxgiCapture] acquire: hr=0x00000000 AccumFrames=3 PresentTime=9573104832896
[DxgiCapture] acquire: texture OK 0000024D01C929A0
[DxgiCapture] acquire: hr=0x00000000 AccumFrames=5 PresentTime=9573105185801
[DxgiCapture] acquire: texture OK 0000024D01C929A0
[DxgiCapture] acquire: hr=0x00000000 AccumFrames=3 PresentTime=9573105406490
[DxgiCapture] acquire: texture OK 0000024D01C929A0
[DxgiCapture] acquire: hr=0x00000000 AccumFrames=2 PresentTime=9573105538189
[DxgiCapture] acquire: texture OK 0000024D01C929A0
[DxgiCapture] acquire: hr=0x00000000 AccumFrames=3 PresentTime=9573105748191
[DxgiCapture] acquire: texture OK 0000024D01C929A0
[DxgiCapture] acquire: hr=0x00000000 AccumFrames=2 PresentTime=9573105883514
[DxgiCapture] acquire: texture OK 0000024D01C929A0
[DxgiCapture] acquire: hr=0x00000000 AccumFrames=3 PresentTime=9573106093412
[DxgiCapture] acquire: texture OK 0000024D01C929A0
[DxgiCapture] acquire: hr=0x00000000 AccumFrames=2 PresentTime=9573106263524
[DxgiCapture] acquire: texture OK 0000024D01C929A0
[DxgiCapture] acquire: hr=0x00000000 AccumFrames=3 PresentTime=9573106445059
[DxgiCapture] acquire: texture OK 0000024D01C929A0
[DxgiCapture] acquire: hr=0x00000000 AccumFrames=2 PresentTime=9573106575626
[DxgiCapture] acquire: texture OK 0000024D01C929A0
[DxgiCapture] acquire: hr=0x00000000 AccumFrames=3 PresentTime=9573106812025
[DxgiCapture] acquire: texture OK 0000024D01C929A0
[DxgiCapture] acquire: hr=0x00000000 AccumFrames=2 PresentTime=9573106932073
[DxgiCapture] acquire: texture OK 0000024D01C929A0
[DxgiCapture] acquire: hr=0x00000000 AccumFrames=3 PresentTime=9573107163616
[DxgiCapture] acquire: texture OK 0000024D01C929A0
[DxgiCapture] acquire: hr=0x00000000 AccumFrames=3 PresentTime=9573107344147
[DxgiCapture] acquire: texture OK 0000024D01C929A0
[DxgiCapture] acquire: hr=0x00000000 AccumFrames=2 PresentTime=9573107505523
[DxgiCapture] acquire: texture OK 0000024D01C929A0
[DxgiCapture] acquire: hr=0x00000000 AccumFrames=3 PresentTime=9573107699112
[DxgiCapture] acquire: texture OK 0000024D01C929A0
[DxgiCapture] acquire: hr=0x00000000 AccumFrames=3 PresentTime=9573107898301
[DxgiCapture] acquire: texture OK 0000024D01C929A0
[DxgiCapture] acquire: hr=0x00000000 AccumFrames=3 PresentTime=9573108099923
[DxgiCapture] acquire: texture OK 0000024D01C929A0
[DxgiCapture] acquire: hr=0x00000000 AccumFrames=1 PresentTime=9573108251751
[DxgiCapture] acquire: texture OK 0000024D01C929A0
[DxgiCapture] acquire: hr=0x00000000 AccumFrames=1 PresentTime=9573108462060
[DxgiCapture] acquire: texture OK 0000024D01C929A0
[DxgiCapture] acquire: hr=0x00000000 AccumFrames=1 PresentTime=9573108627348
[DxgiCapture] acquire: texture OK 0000024D01C929A0
[DxgiCapture] acquire: hr=0x00000000 AccumFrames=1 PresentTime=9573108776112
[DxgiCapture] acquire: texture OK 0000024D01C929A0
[DxgiCapture] acquire: hr=0x00000000 AccumFrames=1 PresentTime=9573108973204
[DxgiCapture] acquire: texture OK 0000024D01C929A0
[DxgiCapture] acquire: hr=0x00000000 AccumFrames=1 PresentTime=9573109133255
[DxgiCapture] acquire: texture OK 0000024D01C929A0
[DxgiCapture] acquire: hr=0x00000000 AccumFrames=1 PresentTime=9573109306076
[DxgiCapture] acquire: texture OK 0000024D01C929A0
[DxgiCapture] acquire: hr=0x00000000 AccumFrames=1 PresentTime=9573109487720
[DxgiCapture] acquire: texture OK 0000024D01C929A0
[DxgiCapture] acquire: hr=0x00000000 AccumFrames=1 PresentTime=9573109659333
[DxgiCapture] acquire: texture OK 0000024D01C929A0
[DxgiCapture] acquire: hr=0x00000000 AccumFrames=1 PresentTime=9573109821906
[DxgiCapture] acquire: texture OK 0000024D01C929A0
[DxgiCapture] acquire: hr=0x00000000 AccumFrames=1 PresentTime=9573109996112
[DxgiCapture] acquire: texture OK 0000024D01C929A0
[DxgiCapture] acquire: hr=0x00000000 AccumFrames=1 PresentTime=9573110208661
[DxgiCapture] acquire: texture OK 0000024D01C929A0
[DxgiCapture] acquire: hr=0x00000000 AccumFrames=1 PresentTime=9573110377730
[DxgiCapture] acquire: texture OK 0000024D01C929A0
[DxgiCapture] acquire: hr=0x00000000 AccumFrames=1 PresentTime=9573110601733
[DxgiCapture] acquire: texture OK 0000024D01C929A0
[DxgiCapture] acquire: hr=0x00000000 AccumFrames=1 PresentTime=9573110785437
[DxgiCapture] acquire: texture OK 0000024D01C929A0
[DxgiCapture] acquire: hr=0x00000000 AccumFrames=1 PresentTime=9573110961100
[DxgiCapture] acquire: texture OK 0000024D01C929A0
[DxgiCapture] acquire: hr=0x00000000 AccumFrames=1 PresentTime=9573111159633
[DxgiCapture] acquire: texture OK 0000024D01C929A0
[DxgiCapture] acquire: hr=0x00000000 AccumFrames=1 PresentTime=9573111311721
[DxgiCapture] acquire: texture OK 0000024D01C929A0
[DxgiCapture] acquire: hr=0x00000000 AccumFrames=1 PresentTime=9573111506478
[DxgiCapture] acquire: texture OK 0000024D01C929A0
[DxgiCapture] acquire: hr=0x00000000 AccumFrames=1 PresentTime=9573111727637
[DxgiCapture] acquire: texture OK 0000024D01C929A0
[DxgiCapture] acquire: hr=0x00000000 AccumFrames=1 PresentTime=9573111918552
[DxgiCapture] acquire: texture OK 0000024D01C929A0
[DxgiCapture] acquire: hr=0x00000000 AccumFrames=1 PresentTime=9573112105667
[DxgiCapture] acquire: texture OK 0000024D01C929A0
[DxgiCapture] acquire: hr=0x00000000 AccumFrames=2 PresentTime=9573112271375
[DxgiCapture] acquire: texture OK 0000024D01C929A0
[DxgiCapture] acquire: hr=0x00000000 AccumFrames=1 PresentTime=9573112469852
[DxgiCapture] acquire: texture OK 0000024D01C929A0
[DxgiCapture] acquire: hr=0x00000000 AccumFrames=1 PresentTime=9573112651105
[DxgiCapture] acquire: texture OK 0000024D01C929A0
[DxgiCapture] acquire: hr=0x00000000 AccumFrames=1 PresentTime=9573112844421
[DxgiCapture] acquire: texture OK 0000024D01C929A0
[DxgiCapture] acquire: hr=0x00000000 AccumFrames=1 PresentTime=9573113031027
[DxgiCapture] acquire: texture OK 0000024D01C929A0
[DxgiCapture] acquire: hr=0x00000000 AccumFrames=1 PresentTime=9573113220065
[DxgiCapture] acquire: texture OK 0000024D01C929A0
[DxgiCapture] acquire: hr=0x00000000 AccumFrames=1 PresentTime=9573113400374
[DxgiCapture] acquire: texture OK 0000024D01C929A0
[DxgiCapture] acquire: hr=0x00000000 AccumFrames=1 PresentTime=9573113795682
[DxgiCapture] acquire: texture OK 0000024D01C929A0
[DxgiCapture] acquire: hr=0x00000000 AccumFrames=1 PresentTime=9573114009183
[DxgiCapture] acquire: texture OK 0000024D01C929A0
[DxgiCapture] acquire: hr=0x00000000 AccumFrames=1 PresentTime=9573114197580
[DxgiCapture] acquire: texture OK 0000024D01C929A0
[DxgiCapture] acquire: hr=0x00000000 AccumFrames=1 PresentTime=9573114379229
[DxgiCapture] acquire: texture OK 0000024D01C929A0
[DxgiCapture] acquire: hr=0x00000000 AccumFrames=1 PresentTime=9573114561326
[DxgiCapture] acquire: texture OK 0000024D01C929A0
[DxgiCapture] acquire: hr=0x00000000 AccumFrames=1 PresentTime=9573114770547
[DxgiCapture] acquire: texture OK 0000024D01C929A0
[DxgiCapture] acquire: hr=0x00000000 AccumFrames=1 PresentTime=9573114991849
[DxgiCapture] acquire: texture OK 0000024D01C929A0
[DxgiCapture] acquire: hr=0x00000000 AccumFrames=1 PresentTime=9573115186272
[DxgiCapture] acquire: texture OK 0000024D01C929A0
[DxgiCapture] acquire: hr=0x00000000 AccumFrames=1 PresentTime=9573115392347
[DxgiCapture] acquire: texture OK 0000024D01C929A0
[DxgiCapture] acquire: hr=0x00000000 AccumFrames=1 PresentTime=9573115574348
[DxgiCapture] acquire: texture OK 0000024D01C929A0
[DxgiCapture] acquire: hr=0x00000000 AccumFrames=1 PresentTime=9573115738484
[DxgiCapture] acquire: texture OK 0000024D01C929A0
[DxgiCapture] acquire: hr=0x00000000 AccumFrames=1 PresentTime=9573115925477
[DxgiCapture] acquire: texture OK 0000024D01C929A0
[DxgiCapture] acquire: hr=0x00000000 AccumFrames=1 PresentTime=9573116115322
[DxgiCapture] acquire: texture OK 0000024D01C929A0
[DxgiCapture] acquire: hr=0x00000000 AccumFrames=1 PresentTime=9573116291065
[DxgiCapture] acquire: texture OK 0000024D01C929A0
[DxgiCapture] acquire: hr=0x00000000 AccumFrames=1 PresentTime=9573116464091
[DxgiCapture] acquire: texture OK 0000024D01C929A0
[DxgiCapture] acquire: hr=0x00000000 AccumFrames=1 PresentTime=9573116632846
[DxgiCapture] acquire: texture OK 0000024D01C929A0
[DxgiCapture] acquire: hr=0x00000000 AccumFrames=1 PresentTime=9573116807629
[DxgiCapture] acquire: texture OK 0000024D01C929A0
[DxgiCapture] acquire: hr=0x00000000 AccumFrames=1 PresentTime=9573117024654
[DxgiCapture] acquire: texture OK 0000024D01C929A0
[DxgiCapture] acquire: hr=0x00000000 AccumFrames=1 PresentTime=9573117203293
[DxgiCapture] acquire: texture OK 0000024D01C929A0
[DxgiCapture] acquire: hr=0x00000000 AccumFrames=1 PresentTime=9573117392707
[DxgiCapture] acquire: texture OK 0000024D01C929A0
[DxgiCapture] acquire: hr=0x00000000 AccumFrames=1 PresentTime=9573117564703
[DxgiCapture] acquire: texture OK 0000024D01C929A0
[DxgiCapture] acquire: hr=0x00000000 AccumFrames=1 PresentTime=9573117798824
[DxgiCapture] acquire: texture OK 0000024D01C929A0
[DxgiCapture] acquire: hr=0x00000000 AccumFrames=1 PresentTime=9573117994892
[DxgiCapture] acquire: texture OK 0000024D01C929A0
[DxgiCapture] acquire: hr=0x00000000 AccumFrames=1 PresentTime=9573118182731
[DxgiCapture] acquire: texture OK 0000024D01C929A0
[DxgiCapture] acquire: hr=0x00000000 AccumFrames=1 PresentTime=9573118339960
[DxgiCapture] acquire: texture OK 0000024D01C929A0
[DxgiCapture] acquire: hr=0x00000000 AccumFrames=1 PresentTime=9573118549460
[DxgiCapture] acquire: texture OK 0000024D01C929A0
[DxgiCapture] acquire: hr=0x00000000 AccumFrames=1 PresentTime=9573118731505
[DxgiCapture] acquire: texture OK 0000024D01C929A0
[DxgiCapture] acquire: hr=0x00000000 AccumFrames=1 PresentTime=9573118912248
[DxgiCapture] acquire: texture OK 0000024D01C929A0
[DxgiCapture] acquire: hr=0x00000000 AccumFrames=1 PresentTime=9573119224442
[DxgiCapture] acquire: texture OK 0000024D01C929A0
[DxgiCapture] acquire: hr=0x00000000 AccumFrames=1 PresentTime=9573119384719
[DxgiCapture] acquire: texture OK 0000024D01C929A0
[DxgiCapture] acquire: hr=0x00000000 AccumFrames=1 PresentTime=9573119596579
[DxgiCapture] acquire: texture OK 0000024D01C929A0
[DxgiCapture] acquire: hr=0x00000000 AccumFrames=1 PresentTime=9573119788256
[DxgiCapture] acquire: texture OK 0000024D01C929A0
[DxgiCapture] acquire: hr=0x00000000 AccumFrames=1 PresentTime=9573120015838
[DxgiCapture] acquire: texture OK 0000024D01C929A0
[DxgiCapture] acquire: hr=0x00000000 AccumFrames=1 PresentTime=9573120192636
[DxgiCapture] acquire: texture OK 0000024D01C929A0
[DxgiCapture] acquire: hr=0x00000000 AccumFrames=1 PresentTime=9573120387057
[DxgiCapture] acquire: texture OK 0000024D01C929A0
[DxgiCapture] acquire: hr=0x00000000 AccumFrames=1 PresentTime=9573120571291
[DxgiCapture] acquire: texture OK 0000024D01C929A0
[DxgiCapture] acquire: hr=0x00000000 AccumFrames=1 PresentTime=9573120729241
[DxgiCapture] acquire: texture OK 0000024D01C929A0
[DxgiCapture] acquire: hr=0x00000000 AccumFrames=1 PresentTime=9573120900837
[DxgiCapture] acquire: texture OK 0000024D01C929A0
[DxgiCapture] acquire: hr=0x00000000 AccumFrames=1 PresentTime=9573121097917
[DxgiCapture] acquire: texture OK 0000024D01C929A0
[DxgiCapture] acquire: hr=0x00000000 AccumFrames=1 PresentTime=9573121297481
[DxgiCapture] acquire: texture OK 0000024D01C929A0
[DxgiCapture] acquire: hr=0x00000000 AccumFrames=1 PresentTime=9573121488136
[DxgiCapture] acquire: texture OK 0000024D01C929A0
[DxgiCapture] acquire: hr=0x00000000 AccumFrames=1 PresentTime=9573121640361
[DxgiCapture] acquire: texture OK 0000024D01C929A0
[DxgiCapture] acquire: hr=0x00000000 AccumFrames=1 PresentTime=9573121844959
[DxgiCapture] acquire: texture OK 0000024D01C929A0
[DxgiCapture] acquire: hr=0x00000000 AccumFrames=1 PresentTime=9573122037344
[DxgiCapture] acquire: texture OK 0000024D01C929A0
[DxgiCapture] acquire: hr=0x00000000 AccumFrames=1 PresentTime=9573122198410
[DxgiCapture] acquire: texture OK 0000024D01C929A0
[DxgiCapture] acquire: hr=0x00000000 AccumFrames=1 PresentTime=9573122379138
[DxgiCapture] acquire: texture OK 0000024D01C929A0
[DxgiCapture] acquire: hr=0x00000000 AccumFrames=1 PresentTime=9573122569900
[DxgiCapture] acquire: texture OK 0000024D01C929A0
[DxgiCapture] acquire: hr=0x00000000 AccumFrames=1 PresentTime=9573122741636
[DxgiCapture] acquire: texture OK 0000024D01C929A0
[DxgiCapture] acquire: hr=0x00000000 AccumFrames=1 PresentTime=9573122926193
[DxgiCapture] acquire: texture OK 0000024D01C929A0
[DxgiCapture] acquire: hr=0x00000000 AccumFrames=1 PresentTime=9573123093271
[DxgiCapture] acquire: texture OK 0000024D01C929A0
[DxgiCapture] acquire: hr=0x00000000 AccumFrames=1 PresentTime=9573123274644
[DxgiCapture] acquire: texture OK 0000024D01C929A0
[DxgiCapture] acquire: hr=0x00000000 AccumFrames=1 PresentTime=9573123470574
[DxgiCapture] acquire: texture OK 0000024D01C929A0
[DxgiCapture] acquire: hr=0x00000000 AccumFrames=1 PresentTime=9573123662261
[DxgiCapture] acquire: texture OK 0000024D01C929A0
[DxgiCapture] acquire: hr=0x00000000 AccumFrames=1 PresentTime=9573123816582
[DxgiCapture] acquire: texture OK 0000024D01C929A0
[DxgiCapture] acquire: hr=0x00000000 AccumFrames=1 PresentTime=9573124030794
[DxgiCapture] acquire: texture OK 0000024D01C929A0
[DxgiCapture] acquire: hr=0x00000000 AccumFrames=1 PresentTime=9573124225772
[DxgiCapture] acquire: texture OK 0000024D01C929A0
[DxgiCapture] acquire: hr=0x00000000 AccumFrames=1 PresentTime=9573124410007
[DxgiCapture] acquire: texture OK 0000024D01C929A0
[DxgiCapture] acquire: hr=0x00000000 AccumFrames=1 PresentTime=9573124587813
[DxgiCapture] acquire: texture OK 0000024D01C929A0
[DxgiCapture] acquire: hr=0x00000000 AccumFrames=1 PresentTime=9573124767513
[DxgiCapture] acquire: texture OK 0000024D01C929A0
[DxgiCapture] acquire: hr=0x00000000 AccumFrames=1 PresentTime=9573124947035
[DxgiCapture] acquire: texture OK 0000024D01C929A0
[DxgiCapture] acquire: hr=0x00000000 AccumFrames=1 PresentTime=9573125116780
[DxgiCapture] acquire: texture OK 0000024D01C929A0
[DxgiCapture] acquire: hr=0x00000000 AccumFrames=1 PresentTime=9573125278331
[DxgiCapture] acquire: texture OK 0000024D01C929A0
[DxgiCapture] acquire: hr=0x00000000 AccumFrames=1 PresentTime=9573125479818
[DxgiCapture] acquire: texture OK 0000024D01C929A0
[DxgiCapture] acquire: hr=0x00000000 AccumFrames=1 PresentTime=9573125647709
[DxgiCapture] acquire: texture OK 0000024D01C929A0
[DxgiCapture] acquire: hr=0x00000000 AccumFrames=1 PresentTime=9573125906345
[DxgiCapture] acquire: texture OK 0000024D01C929A0
[DxgiCapture] acquire: hr=0x00000000 AccumFrames=1 PresentTime=9573126107053
[DxgiCapture] acquire: texture OK 0000024D01C929A0
[DxgiCapture] acquire: hr=0x00000000 AccumFrames=1 PresentTime=9573126301643
[DxgiCapture] acquire: texture OK 0000024D01C929A0
[DxgiCapture] acquire: hr=0x00000000 AccumFrames=1 PresentTime=9573126590628
[DxgiCapture] acquire: texture OK 0000024D01C929A0
[DxgiCapture] acquire: hr=0x00000000 AccumFrames=1 PresentTime=9573126802061
[DxgiCapture] acquire: texture OK 0000024D01C929A0
[DxgiCapture] acquire: hr=0x00000000 AccumFrames=1 PresentTime=9573126978220
[DxgiCapture] acquire: texture OK 0000024D01C929A0
[DxgiCapture] acquire: hr=0x00000000 AccumFrames=1 PresentTime=9573127167052
[DxgiCapture] acquire: texture OK 0000024D01C929A0
[DxgiCapture] acquire: hr=0x00000000 AccumFrames=1 PresentTime=9573127351993
[DxgiCapture] acquire: texture OK 0000024D01C929A0
[DxgiCapture] acquire: hr=0x00000000 AccumFrames=1 PresentTime=9573127526972
[DxgiCapture] acquire: texture OK 0000024D01C929A0
[DxgiCapture] acquire: hr=0x00000000 AccumFrames=1 PresentTime=9573127719678
[DxgiCapture] acquire: texture OK 0000024D01C929A0
[DxgiCapture] acquire: hr=0x00000000 AccumFrames=1 PresentTime=9573127915998
[DxgiCapture] acquire: texture OK 0000024D01C929A0
[DxgiCapture] acquire: hr=0x00000000 AccumFrames=1 PresentTime=9573128104941
[DxgiCapture] acquire: texture OK 0000024D01C929A0
[DxgiCapture] acquire: hr=0x00000000 AccumFrames=1 PresentTime=9573128277766
[DxgiCapture] acquire: texture OK 0000024D01C929A0
[DxgiCapture] acquire: hr=0x00000000 AccumFrames=1 PresentTime=9573128465865
[DxgiCapture] acquire: texture OK 0000024D01C929A0
[DxgiCapture] acquire: hr=0x00000000 AccumFrames=1 PresentTime=9573128647063
[DxgiCapture] acquire: texture OK 0000024D01C929A0
[DxgiCapture] acquire: hr=0x00000000 AccumFrames=1 PresentTime=9573128806294
[DxgiCapture] acquire: texture OK 0000024D01C929A0
[DxgiCapture] acquire: hr=0x00000000 AccumFrames=1 PresentTime=9573128973002
[DxgiCapture] acquire: texture OK 0000024D01C929A0
[DxgiCapture] acquire: hr=0x00000000 AccumFrames=1 PresentTime=9573129163384
[DxgiCapture] acquire: texture OK 0000024D01C929A0
[DxgiCapture] acquire: hr=0x00000000 AccumFrames=1 PresentTime=9573129353652
[DxgiCapture] acquire: texture OK 0000024D01C929A0
[DxgiCapture] acquire: hr=0x00000000 AccumFrames=1 PresentTime=9573129549277
[DxgiCapture] acquire: texture OK 0000024D01C929A0
[DxgiCapture] acquire: hr=0x00000000 AccumFrames=1 PresentTime=9573129734034
[DxgiCapture] acquire: texture OK 0000024D01C929A0
[DxgiCapture] acquire: hr=0x00000000 AccumFrames=1 PresentTime=9573129919800
[DxgiCapture] acquire: texture OK 0000024D01C929A0
[DxgiCapture] acquire: hr=0x00000000 AccumFrames=1 PresentTime=9573130115299
[DxgiCapture] acquire: texture OK 0000024D01C929A0
[DxgiCapture] acquire: hr=0x00000000 AccumFrames=1 PresentTime=9573130297811
[DxgiCapture] acquire: texture OK 0000024D01C929A0
[DxgiCapture] acquire: hr=0x00000000 AccumFrames=1 PresentTime=9573130460301
[DxgiCapture] acquire: texture OK 0000024D01C929A0
[DxgiCapture] acquire: hr=0x00000000 AccumFrames=1 PresentTime=9573130677006
[DxgiCapture] acquire: texture OK 0000024D01C929A0
[DxgiCapture] acquire: hr=0x00000000 AccumFrames=1 PresentTime=9573130872961
[DxgiCapture] acquire: texture OK 0000024D01C929A0
[DxgiCapture] acquire: hr=0x00000000 AccumFrames=1 PresentTime=9573131061990
[DxgiCapture] acquire: texture OK 0000024D01C929A0
[DxgiCapture] acquire: hr=0x00000000 AccumFrames=1 PresentTime=9573131244698
[DxgiCapture] acquire: texture OK 0000024D01C929A0
[DxgiCapture] acquire: hr=0x00000000 AccumFrames=1 PresentTime=9573131426166
[DxgiCapture] acquire: texture OK 0000024D01C929A0
[DxgiCapture] acquire: hr=0x00000000 AccumFrames=1 PresentTime=9573131615421
[DxgiCapture] acquire: texture OK 0000024D01C929A0
[DxgiCapture] acquire: hr=0x00000000 AccumFrames=1 PresentTime=9573131806392
[DxgiCapture] acquire: texture OK 0000024D01C929A0
[DxgiCapture] acquire: hr=0x00000000 AccumFrames=1 PresentTime=9573132083353
[DxgiCapture] acquire: texture OK 0000024D01C929A0
[DxgiCapture] acquire: hr=0x00000000 AccumFrames=1 PresentTime=9573132279727
[DxgiCapture] acquire: texture OK 0000024D01C929A0
[DxgiCapture] acquire: hr=0x00000000 AccumFrames=1 PresentTime=9573132471875
[DxgiCapture] acquire: texture OK 0000024D01C929A0
[DxgiCapture] acquire: hr=0x00000000 AccumFrames=1 PresentTime=9573132809094
[DxgiCapture] acquire: texture OK 0000024D01C929A0
[DxgiCapture] acquire: hr=0x00000000 AccumFrames=1 PresentTime=9573133015249
[DxgiCapture] acquire: texture OK 0000024D01C929A0
[DxgiCapture] acquire: hr=0x00000000 AccumFrames=0 PresentTime=0
[DxgiCapture] acquire: hr=0x00000000 AccumFrames=3 PresentTime=9573133343007
[DxgiCapture] acquire: texture OK 0000024D01C929A0
[DxgiCapture] acquire: hr=0x00000000 AccumFrames=2 PresentTime=9573133500354
[DxgiCapture] acquire: texture OK 0000024D01C929A0
[DxgiCapture] acquire: hr=0x00000000 AccumFrames=3 PresentTime=9573133702477
[DxgiCapture] acquire: texture OK 0000024D01C929A0
[DxgiCapture] acquire: hr=0x00000000 AccumFrames=2 PresentTime=9573133838471
[DxgiCapture] acquire: texture OK 0000024D01C929A0
[DxgiCapture] acquire: hr=0x00000000 AccumFrames=3 PresentTime=9573134043557
[DxgiCapture] acquire: texture OK 0000024D01C929A0
[DxgiCapture] acquire: hr=0x00000000 AccumFrames=2 PresentTime=9573134182285
[DxgiCapture] acquire: texture OK 0000024D01C929A0
[DxgiCapture] acquire: hr=0x00000000 AccumFrames=3 PresentTime=9573134401520
[DxgiCapture] acquire: texture OK 0000024D01C929A0
[DxgiCapture] acquire: hr=0x00000000 AccumFrames=2 PresentTime=9573134541007
[DxgiCapture] acquire: texture OK 0000024D01C929A0
[DxgiCapture] acquire: hr=0x00000000 AccumFrames=3 PresentTime=9573134774248
[DxgiCapture] acquire: texture OK 0000024D01C929A0
[DxgiCapture] acquire: hr=0x00000000 AccumFrames=3 PresentTime=9573134962798
[DxgiCapture] acquire: texture OK 0000024D01C929A0
[DxgiCapture] acquire: hr=0x00000000 AccumFrames=2 PresentTime=9573135093791
[DxgiCapture] acquire: texture OK 0000024D01C929A0
[DxgiCapture] acquire: hr=0x00000000 AccumFrames=1 PresentTime=9573135160231
[DxgiCapture] acquire: texture OK 0000024D01C929A0
[DxgiCapture] acquire: hr=0x00000000 AccumFrames=2 PresentTime=9573135507754
[DxgiCapture] acquire: texture OK 0000024D01C929A0
[DxgiCapture] acquire: hr=0x00000000 AccumFrames=1 PresentTime=9573135685040
[DxgiCapture] acquire: texture OK 0000024D01C929A0
[DxgiCapture] acquire: hr=0x00000000 AccumFrames=2 PresentTime=9573135859363
[DxgiCapture] acquire: texture OK 0000024D01C929A0
[DxgiCapture] acquire: hr=0x00000000 AccumFrames=2 PresentTime=9573136015583
[DxgiCapture] acquire: texture OK 0000024D01C929A0
[DxgiCapture] acquire: hr=0x00000000 AccumFrames=3 PresentTime=9573136206190
[DxgiCapture] acquire: texture OK 0000024D01C929A0
[DxgiCapture] acquire: hr=0x00000000 AccumFrames=2 PresentTime=9573136364958
[DxgiCapture] acquire: texture OK 0000024D01C929A0
[DxgiCapture] acquire: hr=0x00000000 AccumFrames=3 PresentTime=9573136549669
[DxgiCapture] acquire: texture OK 0000024D01C929A0
[DxgiCapture] acquire: hr=0x00000000 AccumFrames=1 PresentTime=9573136628929
[DxgiCapture] acquire: texture OK 0000024D01C929A0
[DxgiCapture] acquire: hr=0x00000000 AccumFrames=2 PresentTime=9573136933755
[DxgiCapture] acquire: texture OK 0000024D01C929A0
[DxgiCapture] acquire: hr=0x00000000 AccumFrames=0 PresentTime=0
[DxgiCapture] acquire: hr=0x00000000 AccumFrames=1 PresentTime=9573137127845
[DxgiCapture] acquire: texture OK 0000024D01C929A0
[DxgiCapture] acquire: hr=0x00000000 AccumFrames=0 PresentTime=0
[DxgiCapture] acquire: hr=0x00000000 AccumFrames=1 PresentTime=9573137490093
[DxgiCapture] acquire: texture OK 0000024D01C929A0
[DxgiCapture] acquire: hr=0x00000000 AccumFrames=1 PresentTime=9573137811805
[DxgiCapture] acquire: texture OK 0000024D01C929A0
[DxgiCapture] acquire: hr=0x00000000 AccumFrames=0 PresentTime=0
[DxgiCapture] acquire: hr=0x00000000 AccumFrames=1 PresentTime=9573138027622
[DxgiCapture] acquire: texture OK 0000024D01C929A0
[DxgiCapture] acquire: hr=0x00000000 AccumFrames=0 PresentTime=0
[DxgiCapture] acquire: hr=0x00000000 AccumFrames=2 PresentTime=9573138576903
[DxgiCapture] acquire: texture OK 0000024D01C929A0
[DxgiCapture] acquire: hr=0x00000000 AccumFrames=2 PresentTime=9573138709032
[DxgiCapture] acquire: texture OK 0000024D01C929A0
[DxgiCapture] acquire: hr=0x00000000 AccumFrames=3 PresentTime=9573138917362
[DxgiCapture] acquire: texture OK 0000024D01C929A0
[DxgiCapture] acquire: hr=0x00000000 AccumFrames=2 PresentTime=9573139073977
[DxgiCapture] acquire: texture OK 0000024D01C929A0
[DxgiCapture] acquire: hr=0x00000000 AccumFrames=3 PresentTime=9573139279342
[DxgiCapture] acquire: texture OK 0000024D01C929A0
[DxgiCapture] acquire: hr=0x00000000 AccumFrames=3 PresentTime=9573139464200
[DxgiCapture] acquire: texture OK 0000024D01C929A0
[DxgiCapture] acquire: hr=0x00000000 AccumFrames=1 PresentTime=9573139652916
[DxgiCapture] acquire: texture OK 0000024D01C929A0
[DxgiCapture] acquire: hr=0x00000000 AccumFrames=1 PresentTime=9573139826264
[DxgiCapture] acquire: texture OK 0000024D01C929A0
[DxgiCapture] acquire: hr=0x00000000 AccumFrames=1 PresentTime=9573139982535
[DxgiCapture] acquire: texture OK 0000024D01C929A0
[DxgiCapture] acquire: hr=0x00000000 AccumFrames=1 PresentTime=9573140178539
[DxgiCapture] acquire: texture OK 0000024D01C929A0
[DxgiCapture] acquire: hr=0x00000000 AccumFrames=1 PresentTime=9573140399362
[DxgiCapture] acquire: texture OK 0000024D01C929A0
[DxgiCapture] acquire: hr=0x00000000 AccumFrames=1 PresentTime=9573140581000
[DxgiCapture] acquire: texture OK 0000024D01C929A0
[DxgiCapture] acquire: hr=0x00000000 AccumFrames=1 PresentTime=9573140761207
[DxgiCapture] acquire: texture OK 0000024D01C929A0
[DxgiCapture] acquire: hr=0x00000000 AccumFrames=1 PresentTime=9573140940745
[DxgiCapture] acquire: texture OK 0000024D01C929A0
[DxgiCapture] acquire: hr=0x00000000 AccumFrames=1 PresentTime=9573141088545
[DxgiCapture] acquire: texture OK 0000024D01C929A0
[DxgiCapture] acquire: hr=0x00000000 AccumFrames=1 PresentTime=9573141463573
[DxgiCapture] acquire: texture OK 0000024D01C929A0
[DxgiCapture] acquire: hr=0x00000000 AccumFrames=1 PresentTime=9573141639043
[DxgiCapture] acquire: texture OK 0000024D01C929A0
[DxgiCapture] acquire: hr=0x00000000 AccumFrames=1 PresentTime=9573141841848
[DxgiCapture] acquire: texture OK 0000024D01C929A0
[DxgiCapture] acquire: hr=0x00000000 AccumFrames=1 PresentTime=9573142059241
[DxgiCapture] acquire: texture OK 0000024D01C929A0
[DxgiCapture] acquire: hr=0x00000000 AccumFrames=1 PresentTime=9573142245010
[DxgiCapture] acquire: texture OK 0000024D01C929A0
[DxgiCapture] acquire: hr=0x00000000 AccumFrames=1 PresentTime=9573142419844
[DxgiCapture] acquire: texture OK 0000024D01C929A0
[DxgiCapture] acquire: hr=0x00000000 AccumFrames=1 PresentTime=9573142594063
[DxgiCapture] acquire: texture OK 0000024D01C929A0
[DxgiCapture] acquire: hr=0x00000000 AccumFrames=1 PresentTime=9573142764189
[DxgiCapture] acquire: texture OK 0000024D01C929A0
[DxgiCapture] acquire: hr=0x00000000 AccumFrames=2 PresentTime=9573142953442
[DxgiCapture] acquire: texture OK 0000024D01C929A0
[DxgiCapture] acquire: hr=0x00000000 AccumFrames=2 PresentTime=9573143102304
[DxgiCapture] acquire: texture OK 0000024D01C929A0
[DxgiCapture] acquire: hr=0x00000000 AccumFrames=3 PresentTime=9573143340318
[DxgiCapture] acquire: texture OK 0000024D01C929A0
[DxgiCapture] acquire: hr=0x00000000 AccumFrames=3 PresentTime=9573143516691
[DxgiCapture] acquire: texture OK 0000024D01C929A0
[DxgiCapture] acquire: hr=0x00000000 AccumFrames=2 PresentTime=9573143659070
[DxgiCapture] acquire: texture OK 0000024D01C929A0
[DxgiCapture] acquire: hr=0x00000000 AccumFrames=3 PresentTime=9573143856733
[DxgiCapture] acquire: texture OK 0000024D01C929A0
[DxgiCapture] acquire: hr=0x00000000 AccumFrames=2 PresentTime=9573144009336
[DxgiCapture] acquire: texture OK 0000024D01C929A0
[DxgiCapture] acquire: hr=0x00000000 AccumFrames=3 PresentTime=9573144211423
[DxgiCapture] acquire: texture OK 0000024D01C929A0
[DxgiCapture] acquire: hr=0x00000000 AccumFrames=3 PresentTime=9573144432213
[DxgiCapture] acquire: texture OK 0000024D01C929A0
[DxgiCapture] acquire: hr=0x00000000 AccumFrames=2 PresentTime=9573144558155
[DxgiCapture] acquire: texture OK 0000024D01C929A0
[DxgiCapture] acquire: hr=0x00000000 AccumFrames=3 PresentTime=9573144764512
[DxgiCapture] acquire: texture OK 0000024D01C929A0
[DxgiCapture] acquire: hr=0x00000000 AccumFrames=3 PresentTime=9573144964719
[DxgiCapture] acquire: texture OK 0000024D01C929A0
[DxgiCapture] acquire: hr=0x00000000 AccumFrames=2 PresentTime=9573145115135
[DxgiCapture] acquire: texture OK 0000024D01C929A0
[DxgiCapture] acquire: hr=0x00000000 AccumFrames=3 PresentTime=9573145309817
[DxgiCapture] acquire: texture OK 0000024D01C929A0
[DxgiCapture] acquire: hr=0x00000000 AccumFrames=1 PresentTime=9573145385142
[DxgiCapture] acquire: texture OK 0000024D01C929A0
[DxgiCapture] acquire: hr=0x00000000 AccumFrames=1 PresentTime=9573145531502
[DxgiCapture] acquire: texture OK 0000024D01C929A0
[DxgiCapture] acquire: hr=0x00000000 AccumFrames=1 PresentTime=9573145714978
[DxgiCapture] acquire: texture OK 0000024D01C929A0
[DxgiCapture] acquire: hr=0x00000000 AccumFrames=2 PresentTime=9573146045975
[DxgiCapture] acquire: texture OK 0000024D01C929A0
[DxgiCapture] acquire: hr=0x00000000 AccumFrames=1 PresentTime=9573146231277
[DxgiCapture] acquire: texture OK 0000024D01C929A0
[DxgiCapture] acquire: hr=0x00000000 AccumFrames=1 PresentTime=9573146420258
[DxgiCapture] acquire: texture OK 0000024D01C929A0
[DxgiCapture] acquire: hr=0x00000000 AccumFrames=1 PresentTime=9573146620147
[DxgiCapture] acquire: texture OK 0000024D01C929A0
[DxgiCapture] acquire: hr=0x00000000 AccumFrames=1 PresentTime=9573146845506
[DxgiCapture] acquire: texture OK 0000024D01C929A0
[DxgiCapture] acquire: hr=0x00000000 AccumFrames=1 PresentTime=9573147046825
[DxgiCapture] acquire: texture OK 0000024D01C929A0
[DxgiCapture] acquire: hr=0x00000000 AccumFrames=1 PresentTime=9573147261052
[DxgiCapture] acquire: texture OK 0000024D01C929A0
[DxgiCapture] acquire: hr=0x00000000 AccumFrames=1 PresentTime=9573147540347
[DxgiCapture] acquire: texture OK 0000024D01C929A0
[DxgiCapture] acquire: hr=0x00000000 AccumFrames=0 PresentTime=0
[DxgiCapture] acquire: hr=0x00000000 AccumFrames=2 PresentTime=9573147954460
[DxgiCapture] acquire: texture OK 0000024D01C929A0
[DxgiCapture] acquire: hr=0x00000000 AccumFrames=2 PresentTime=9573148108837
[DxgiCapture] acquire: texture OK 0000024D01C929A0
[DxgiCapture] acquire: hr=0x00000000 AccumFrames=3 PresentTime=9573148310841
[DxgiCapture] acquire: texture OK 0000024D01C929A0
[DxgiCapture] acquire: hr=0x00000000 AccumFrames=2 PresentTime=9573148455428
[DxgiCapture] acquire: texture OK 0000024D01C929A0
[DxgiCapture] acquire: hr=0x00000000 AccumFrames=3 PresentTime=9573148669681
[DxgiCapture] acquire: texture OK 0000024D01C929A0
[DxgiCapture] acquire: hr=0x00000000 AccumFrames=2 PresentTime=9573148790255
[DxgiCapture] acquire: texture OK 0000024D01C929A0
[DxgiCapture] acquire: hr=0x00000000 AccumFrames=3 PresentTime=9573148995595
[DxgiCapture] acquire: texture OK 0000024D01C929A0
[DxgiCapture] acquire: hr=0x00000000 AccumFrames=0 PresentTime=0
[DxgiCapture] acquire: hr=0x00000000 AccumFrames=1 PresentTime=9573149215809
[DxgiCapture] acquire: texture OK 0000024D01C929A0
[DxgiCapture] acquire: hr=0x00000000 AccumFrames=0 PresentTime=0
[DxgiCapture] acquire: hr=0x00000000 AccumFrames=1 PresentTime=9573149566758
[DxgiCapture] acquire: texture OK 0000024D01C929A0
[DxgiCapture] acquire: hr=0x00000000 AccumFrames=1 PresentTime=9573149908451
[DxgiCapture] acquire: texture OK 0000024D01C929A0
[DxgiCapture] acquire: hr=0x00000000 AccumFrames=1 PresentTime=9573150098442
[DxgiCapture] acquire: texture OK 0000024D01C929A0
[DxgiCapture] acquire: hr=0x00000000 AccumFrames=1 PresentTime=9573150271756
[DxgiCapture] acquire: texture OK 0000024D01C929A0
[DxgiCapture] acquire: hr=0x00000000 AccumFrames=1 PresentTime=9573150485720
[DxgiCapture] acquire: texture OK 0000024D01C929A0
[DxgiCapture] acquire: hr=0x00000000 AccumFrames=1 PresentTime=9573150668744
[DxgiCapture] acquire: texture OK 0000024D01C929A0
[DxgiCapture] acquire: hr=0x00000000 AccumFrames=1 PresentTime=9573150892045
[DxgiCapture] acquire: texture OK 0000024D01C929A0
[DxgiCapture] acquire: hr=0x00000000 AccumFrames=2 PresentTime=9573151019286
[DxgiCapture] acquire: texture OK 0000024D01C929A0
[DxgiCapture] acquire: hr=0x00000000 AccumFrames=3 PresentTime=9573151238935
[DxgiCapture] acquire: texture OK 0000024D01C929A0
[DxgiCapture] acquire: hr=0x00000000 AccumFrames=3 PresentTime=9573151434586
[DxgiCapture] acquire: texture OK 0000024D01C929A0
[DxgiCapture] acquire: hr=0x00000000 AccumFrames=2 PresentTime=9573151596798
[DxgiCapture] acquire: texture OK 0000024D01C929A0
[DxgiCapture] acquire: hr=0x00000000 AccumFrames=3 PresentTime=9573151781725
[DxgiCapture] acquire: texture OK 0000024D01C929A0
[DxgiCapture] acquire: hr=0x00000000 AccumFrames=2 PresentTime=9573151934273
[DxgiCapture] acquire: texture OK 0000024D01C929A0
[DxgiCapture] acquire: hr=0x00000000 AccumFrames=3 PresentTime=9573152142965
[DxgiCapture] acquire: texture OK 0000024D01C929A0
[DxgiCapture] acquire: hr=0x00000000 AccumFrames=3 PresentTime=9573152340520
[DxgiCapture] acquire: texture OK 0000024D01C929A0
[DxgiCapture] acquire: hr=0x00000000 AccumFrames=1 PresentTime=9573152558759
[DxgiCapture] acquire: texture OK 0000024D01C929A0
[DxgiCapture] acquire: hr=0x00000000 AccumFrames=1 PresentTime=9573152839440
[DxgiCapture] acquire: texture OK 0000024D01C929A0
[DxgiCapture] acquire: hr=0x00000000 AccumFrames=1 PresentTime=9573153115360
[DxgiCapture] acquire: texture OK 0000024D01C929A0
[DxgiCapture] acquire: hr=0x00000000 AccumFrames=1 PresentTime=9573153394491
[DxgiCapture] acquire: texture OK 0000024D01C929A0
[DxgiCapture] acquire: hr=0x00000000 AccumFrames=1 PresentTime=9573153679224
[DxgiCapture] acquire: texture OK 0000024D01C929A0
[DxgiCapture] acquire: hr=0x00000000 AccumFrames=1 PresentTime=9573153938509
[DxgiCapture] acquire: texture OK 0000024D01C929A0
[DxgiCapture] acquire: hr=0x00000000 AccumFrames=1 PresentTime=9573154148522
[DxgiCapture] acquire: texture OK 0000024D01C929A0
[DxgiCapture] acquire: hr=0x00000000 AccumFrames=1 PresentTime=9573154351661
[DxgiCapture] acquire: texture OK 0000024D01C929A0
[DxgiCapture] acquire: hr=0x00000000 AccumFrames=1 PresentTime=9573154551558
[DxgiCapture] acquire: texture OK 0000024D01C929A0
[DxgiCapture] acquire: hr=0x00000000 AccumFrames=1 PresentTime=9573154721285
[DxgiCapture] acquire: texture OK 0000024D01C929A0
[DxgiCapture] acquire: hr=0x00000000 AccumFrames=1 PresentTime=9573154898293
[DxgiCapture] acquire: texture OK 0000024D01C929A0
[DxgiCapture] acquire: hr=0x00000000 AccumFrames=1 PresentTime=9573155088839
[DxgiCapture] acquire: texture OK 0000024D01C929A0
[DxgiCapture] acquire: hr=0x00000000 AccumFrames=1 PresentTime=9573155271645
[DxgiCapture] acquire: texture OK 0000024D01C929A0
[DxgiCapture] acquire: hr=0x00000000 AccumFrames=1 PresentTime=9573155470365
[DxgiCapture] acquire: texture OK 0000024D01C929A0
[DxgiCapture] acquire: hr=0x00000000 AccumFrames=1 PresentTime=9573155680552
[DxgiCapture] acquire: texture OK 0000024D01C929A0
[DxgiCapture] acquire: hr=0x00000000 AccumFrames=1 PresentTime=9573155884065
[DxgiCapture] acquire: texture OK 0000024D01C929A0
[DxgiCapture] acquire: hr=0x00000000 AccumFrames=1 PresentTime=9573156088959
[DxgiCapture] acquire: texture OK 0000024D01C929A0
[DxgiCapture] acquire: hr=0x00000000 AccumFrames=1 PresentTime=9573156318551
[DxgiCapture] acquire: texture OK 0000024D01C929A0
[DxgiCapture] acquire: hr=0x00000000 AccumFrames=1 PresentTime=9573156514767
[DxgiCapture] acquire: texture OK 0000024D01C929A0
[DxgiCapture] acquire: hr=0x00000000 AccumFrames=1 PresentTime=9573156721395
[DxgiCapture] acquire: texture OK 0000024D01C929A0
[DxgiCapture] acquire: hr=0x00000000 AccumFrames=1 PresentTime=9573156877033
[DxgiCapture] acquire: texture OK 0000024D01C929A0
[DxgiCapture] acquire: hr=0x00000000 AccumFrames=1 PresentTime=9573157064870
[DxgiCapture] acquire: texture OK 0000024D01C929A0
[DxgiCapture] acquire: hr=0x00000000 AccumFrames=1 PresentTime=9573157260296
[DxgiCapture] acquire: texture OK 0000024D01C929A0
[DxgiCapture] acquire: hr=0x00000000 AccumFrames=1 PresentTime=9573157480804
[DxgiCapture] acquire: texture OK 0000024D01C929A0
[DxgiCapture] acquire: hr=0x00000000 AccumFrames=1 PresentTime=9573157636328
[DxgiCapture] acquire: texture OK 0000024D01C929A0
[DxgiCapture] acquire: hr=0x00000000 AccumFrames=1 PresentTime=9573157980544
[DxgiCapture] acquire: texture OK 0000024D01C929A0
[DxgiCapture] acquire: hr=0x00000000 AccumFrames=1 PresentTime=9573158171823
[DxgiCapture] acquire: texture OK 0000024D01C929A0
[DxgiCapture] acquire: hr=0x00000000 AccumFrames=1 PresentTime=9573158334377
[DxgiCapture] acquire: texture OK 0000024D01C929A0
[DxgiCapture] acquire: hr=0x00000000 AccumFrames=1 PresentTime=9573158536495
[DxgiCapture] acquire: texture OK 0000024D01C929A0
[DxgiCapture] acquire: hr=0x00000000 AccumFrames=1 PresentTime=9573158737963
[DxgiCapture] acquire: texture OK 0000024D01C929A0
[DxgiCapture] acquire: hr=0x00000000 AccumFrames=1 PresentTime=9573158970362
[DxgiCapture] acquire: texture OK 0000024D01C929A0
[DxgiCapture] acquire: hr=0x00000000 AccumFrames=1 PresentTime=9573159154472
[DxgiCapture] acquire: texture OK 0000024D01C929A0
[DxgiCapture] acquire: hr=0x00000000 AccumFrames=1 PresentTime=9573159372631
[DxgiCapture] acquire: texture OK 0000024D01C929A0
[DxgiCapture] acquire: hr=0x00000000 AccumFrames=1 PresentTime=9573159572651
[DxgiCapture] acquire: texture OK 0000024D01C929A0
[DxgiCapture] acquire: hr=0x00000000 AccumFrames=1 PresentTime=9573159789305
[DxgiCapture] acquire: texture OK 0000024D01C929A0
[DxgiCapture] acquire: hr=0x00000000 AccumFrames=1 PresentTime=9573159974796
[DxgiCapture] acquire: texture OK 0000024D01C929A0
[DxgiCapture] acquire: hr=0x00000000 AccumFrames=1 PresentTime=9573160153589
[DxgiCapture] acquire: texture OK 0000024D01C929A0
[DxgiCapture] acquire: hr=0x00000000 AccumFrames=1 PresentTime=9573160322561
[DxgiCapture] acquire: texture OK 0000024D01C929A0
[DxgiCapture] acquire: hr=0x00000000 AccumFrames=1 PresentTime=9573160528824
[DxgiCapture] acquire: texture OK 0000024D01C929A0
[DxgiCapture] acquire: hr=0x00000000 AccumFrames=1 PresentTime=9573160709403
[DxgiCapture] acquire: texture OK 0000024D01C929A0
[DxgiCapture] acquire: hr=0x00000000 AccumFrames=1 PresentTime=9573160905251
[DxgiCapture] acquire: texture OK 0000024D01C929A0
[DxgiCapture] acquire: hr=0x00000000 AccumFrames=1 PresentTime=9573161096509
[DxgiCapture] acquire: texture OK 0000024D01C929A0
[DxgiCapture] acquire: hr=0x00000000 AccumFrames=1 PresentTime=9573161302802
[DxgiCapture] acquire: texture OK 0000024D01C929A0
[DxgiCapture] acquire: hr=0x00000000 AccumFrames=1 PresentTime=9573161513216
[DxgiCapture] acquire: texture OK 0000024D01C929A0
[DxgiCapture] acquire: hr=0x00000000 AccumFrames=1 PresentTime=9573161678795
[DxgiCapture] acquire: texture OK 0000024D01C929A0
[DxgiCapture] acquire: hr=0x00000000 AccumFrames=1 PresentTime=9573161902931
[DxgiCapture] acquire: texture OK 0000024D01C929A0
[DxgiCapture] acquire: hr=0x00000000 AccumFrames=1 PresentTime=9573162115475
[DxgiCapture] acquire: texture OK 0000024D01C929A0
[DxgiCapture] acquire: hr=0x00000000 AccumFrames=1 PresentTime=9573162297225
[DxgiCapture] acquire: texture OK 0000024D01C929A0
[DxgiCapture] acquire: hr=0x00000000 AccumFrames=1 PresentTime=9573162506408
[DxgiCapture] acquire: texture OK 0000024D01C929A0
[DxgiCapture] acquire: hr=0x00000000 AccumFrames=1 PresentTime=9573162698701
[DxgiCapture] acquire: texture OK 0000024D01C929A0
[DxgiCapture] acquire: hr=0x00000000 AccumFrames=1 PresentTime=9573162898322
[DxgiCapture] acquire: texture OK 0000024D01C929A0
[DxgiCapture] acquire: hr=0x00000000 AccumFrames=1 PresentTime=9573163185416
[DxgiCapture] acquire: texture OK 0000024D01C929A0
[DxgiCapture] acquire: hr=0x00000000 AccumFrames=1 PresentTime=9573163394327
[DxgiCapture] acquire: texture OK 0000024D01C929A0
[DxgiCapture] acquire: hr=0x00000000 AccumFrames=1 PresentTime=9573163608041
[DxgiCapture] acquire: texture OK 0000024D01C929A0
[DxgiCap